<!DOCTYPE html>
<html>
  <head>
    <meta charset="utf-8"/>
    <title id="head-title">report.html</title>
      <link href="assets\style.css" rel="stylesheet" type="text/css"/>
  </head>
  <body>
    <h1 id="title">report.html</h1>
    <p>Report generated on 07-Apr-2024 at 15:04:53 by <a href="https://pypi.python.org/pypi/pytest-html">pytest-html</a>
        v4.1.1</p>
    <div id="environment-header">
      <h2>Environment</h2>
    </div>
    <table id="environment"></table>
    <!-- TEMPLATES -->
      <template id="template_environment_row">
      <tr>
        <td></td>
        <td></td>
      </tr>
    </template>
    <template id="template_results-table__body--empty">
      <tbody class="results-table-row">
        <tr id="not-found-message">
          <td colspan="4">No results found. Check the filters.</th>
        </tr>
    </template>
    <template id="template_results-table__tbody">
      <tbody class="results-table-row">
        <tr class="collapsible">
        </tr>
        <tr class="extras-row">
          <td class="extra" colspan="4">
            <div class="extraHTML"></div>
            <div class="media">
              <div class="media-container">
                  <div class="media-container__nav--left"><</div>
                  <div class="media-container__viewport">
                    <img src="" />
                    <video controls>
                      <source src="" type="video/mp4">
                    </video>
                  </div>
                  <div class="media-container__nav--right">></div>
                </div>
                <div class="media__name"></div>
                <div class="media__counter"></div>
            </div>
            <div class="logwrapper">
              <div class="logexpander"></div>
              <div class="log"></div>
            </div>
          </td>
        </tr>
      </tbody>
    </template>
    <!-- END TEMPLATES -->
    <div class="summary">
      <div class="summary__data">
        <h2>Summary</h2>
        <div class="additional-summary prefix">
        </div>
        <p class="run-count">35 tests took 00:16:54.</p>
        <p class="filter">(Un)check the boxes to filter the results.</p>
        <div class="summary__reload">
          <div class="summary__reload__button hidden" onclick="location.reload()">
            <div>There are still tests running. <br />Reload this page to get the latest results!</div>
          </div>
        </div>
        <div class="summary__spacer"></div>
        <div class="controls">
          <div class="filters">
            <input checked="true" class="filter" name="filter_checkbox" type="checkbox" data-test-result="failed" />
            <span class="failed">27 Failed,</span>
            <input checked="true" class="filter" name="filter_checkbox" type="checkbox" data-test-result="passed" />
            <span class="passed">8 Passed,</span>
            <input checked="true" class="filter" name="filter_checkbox" type="checkbox" data-test-result="skipped" disabled/>
            <span class="skipped">0 Skipped,</span>
            <input checked="true" class="filter" name="filter_checkbox" type="checkbox" data-test-result="xfailed" disabled/>
            <span class="xfailed">0 Expected failures,</span>
            <input checked="true" class="filter" name="filter_checkbox" type="checkbox" data-test-result="xpassed" disabled/>
            <span class="xpassed">0 Unexpected passes,</span>
            <input checked="true" class="filter" name="filter_checkbox" type="checkbox" data-test-result="error" />
            <span class="error">5 Errors,</span>
            <input checked="true" class="filter" name="filter_checkbox" type="checkbox" data-test-result="rerun" disabled/>
            <span class="rerun">0 Reruns</span>
          </div>
          <div class="collapse">
            <button id="show_all_details">Show all details</button>&nbsp;/&nbsp;<button id="hide_all_details">Hide all details</button>
          </div>
        </div>
      </div>
      <div class="additional-summary summary">
      </div>
      <div class="additional-summary postfix">
      </div>
    </div>
    <table id="results-table">
      <thead id="results-table-head">
        <tr>
          <th class="sortable" data-column-type="result">Result</th>
          <th class="sortable" data-column-type="testId">Test</th>
          <th class="sortable" data-column-type="duration">Duration</th>
          <th>Links</th>
        </tr>
      </thead>
    </table>
  </body>
  <footer>
    <div id="data-container" data-jsonblob="{&#34;environment&#34;: {&#34;Python&#34;: &#34;3.12.0&#34;, &#34;Platform&#34;: &#34;Windows-10-10.0.19045-SP0&#34;, &#34;Packages&#34;: {&#34;pytest&#34;: &#34;8.1.1&#34;, &#34;pluggy&#34;: &#34;1.4.0&#34;}, &#34;Plugins&#34;: {&#34;html&#34;: &#34;4.1.1&#34;, &#34;metadata&#34;: &#34;3.1.1&#34;}}, &#34;tests&#34;: {&#34;tests/test_Oz_category_tests.py::test_14_3_search_category[120j4k614lubo1b1g-xpath0-1]&#34;: [{&#34;extras&#34;: [], &#34;result&#34;: &#34;Passed&#34;, &#34;testId&#34;: &#34;tests/test_Oz_category_tests.py::test_14_3_search_category[120j4k614lubo1b1g-xpath0-1]&#34;, &#34;duration&#34;: &#34;00:00:32&#34;, &#34;resultsTableRow&#34;: [&#34;&lt;td class=\&#34;col-result\&#34;&gt;Passed&lt;/td&gt;&#34;, &#34;&lt;td class=\&#34;col-testId\&#34;&gt;tests/test_Oz_category_tests.py::test_14_3_search_category[120j4k614lubo1b1g-xpath0-1]&lt;/td&gt;&#34;, &#34;&lt;td class=\&#34;col-duration\&#34;&gt;00:00:32&lt;/td&gt;&#34;, &#34;&lt;td class=\&#34;col-links\&#34;&gt;&lt;/td&gt;&#34;], &#34;log&#34;: &#34;No log output captured.&#34;}], &#34;tests/test_Oz_category_tests.py::test_14_3_search_category[import-xpath1-0]&#34;: [{&#34;extras&#34;: [], &#34;result&#34;: &#34;Failed&#34;, &#34;testId&#34;: &#34;tests/test_Oz_category_tests.py::test_14_3_search_category[import-xpath1-0]&#34;, &#34;duration&#34;: &#34;00:00:26&#34;, &#34;resultsTableRow&#34;: [&#34;&lt;td class=\&#34;col-result\&#34;&gt;Failed&lt;/td&gt;&#34;, &#34;&lt;td class=\&#34;col-testId\&#34;&gt;tests/test_Oz_category_tests.py::test_14_3_search_category[import-xpath1-0]&lt;/td&gt;&#34;, &#34;&lt;td class=\&#34;col-duration\&#34;&gt;00:00:26&lt;/td&gt;&#34;, &#34;&lt;td class=\&#34;col-links\&#34;&gt;&lt;/td&gt;&#34;], &#34;log&#34;: &#34;driver = &amp;lt;selenium.webdriver.chrome.webdriver.WebDriver (session=&amp;quot;59d6d7f995910dbd7ae5f15b29662537&amp;quot;)&amp;gt;\nsearch_value = &amp;#x27;import&amp;#x27;\nxpath = (&amp;#x27;xpath&amp;#x27;, &amp;#x27;//*[@id=&amp;quot;root&amp;quot;]/div[1]/div[4]/div/div/form/div[1]/div[1]/span/div/input&amp;#x27;)\nsearch_id = 0\n\n    @pytest.mark.parametrize(PD.test_14_3_search_category_keys, PD.test_14_3_search_category_values)\n    def test_14_3_search_category(driver, search_value, xpath, search_id):\n        actions = Actions(driver)\n        categories = actions.find_element(TD.categories)\n        categories.click()\n        search_bar = actions.find_element(TD.search_bar)\n        search_bar.send_keys(search_value)\n        time.sleep(3)\n        if search_id == 1:\n            count_findings = actions.find_element(TD.count_findings).get_attribute(&amp;#x27;innerText&amp;#x27;)\n            count_findings_number = re.search(r&amp;#x27;\\d+&amp;#x27;, count_findings)\n            if count_findings_number:\n    \n                count_findings_number = int(count_findings_number.group())\n                if count_findings_number &amp;gt; 0:\n                    element_id_xpath = actions.find_element(xpath)\n                    element_inner_text = element_id_xpath.get_attribute(&amp;#x27;textContent&amp;#x27;)\n                    assert search_value == element_inner_text\n        else:\n            count_findings = actions.find_element(TD.count_findings).get_attribute(&amp;#x27;innerText&amp;#x27;)\n            count_findings_number = re.search(r&amp;#x27;\\d+&amp;#x27;, count_findings)\n            if count_findings_number:\n    \n                count_findings_number = int(count_findings_number.group())\n                if count_findings_number &amp;gt; 0:\n    \n                    tbodies = driver.find_elements(By.TAG_NAME, &amp;#x27;tbody&amp;#x27;)\n                    for tbody in tbodies:\n                        rows = tbody.find_elements(By.TAG_NAME, &amp;quot;tr&amp;quot;)\n                        for row in rows:\n                            driver.implicitly_wait(3)\n                            row.click()\n                            element_xpath = actions.find_element(xpath)\n                            element_inner_text = element_xpath.get_attribute(&amp;#x27;defaultValue&amp;#x27;)\n&amp;gt;                           assert search_value == element_inner_text\nE                           AssertionError: assert &amp;#x27;import&amp;#x27; == &amp;#x27;csac&amp;#x27;\nE                             \nE                             - csac\nE                             + import\n\ntests\\test_Oz_category_tests.py:46: AssertionError\n&#34;}], &#34;tests/test_Oz_category_tests.py::test_14_3_search_category[cloth-xpath2-0]&#34;: [{&#34;extras&#34;: [], &#34;result&#34;: &#34;Failed&#34;, &#34;testId&#34;: &#34;tests/test_Oz_category_tests.py::test_14_3_search_category[cloth-xpath2-0]&#34;, &#34;duration&#34;: &#34;00:00:26&#34;, &#34;resultsTableRow&#34;: [&#34;&lt;td class=\&#34;col-result\&#34;&gt;Failed&lt;/td&gt;&#34;, &#34;&lt;td class=\&#34;col-testId\&#34;&gt;tests/test_Oz_category_tests.py::test_14_3_search_category[cloth-xpath2-0]&lt;/td&gt;&#34;, &#34;&lt;td class=\&#34;col-duration\&#34;&gt;00:00:26&lt;/td&gt;&#34;, &#34;&lt;td class=\&#34;col-links\&#34;&gt;&lt;/td&gt;&#34;], &#34;log&#34;: &#34;driver = &amp;lt;selenium.webdriver.chrome.webdriver.WebDriver (session=&amp;quot;b32f440a9379045d850b34e6f483b195&amp;quot;)&amp;gt;\nsearch_value = &amp;#x27;cloth&amp;#x27;\nxpath = (&amp;#x27;xpath&amp;#x27;, &amp;#x27;//*[@id=&amp;quot;root&amp;quot;]/div[1]/div[4]/div/div/form/div[1]/div[2]/span/div[2]/input&amp;#x27;)\nsearch_id = 0\n\n    @pytest.mark.parametrize(PD.test_14_3_search_category_keys, PD.test_14_3_search_category_values)\n    def test_14_3_search_category(driver, search_value, xpath, search_id):\n        actions = Actions(driver)\n        categories = actions.find_element(TD.categories)\n        categories.click()\n        search_bar = actions.find_element(TD.search_bar)\n        search_bar.send_keys(search_value)\n        time.sleep(3)\n        if search_id == 1:\n            count_findings = actions.find_element(TD.count_findings).get_attribute(&amp;#x27;innerText&amp;#x27;)\n            count_findings_number = re.search(r&amp;#x27;\\d+&amp;#x27;, count_findings)\n            if count_findings_number:\n    \n                count_findings_number = int(count_findings_number.group())\n                if count_findings_number &amp;gt; 0:\n                    element_id_xpath = actions.find_element(xpath)\n                    element_inner_text = element_id_xpath.get_attribute(&amp;#x27;textContent&amp;#x27;)\n                    assert search_value == element_inner_text\n        else:\n            count_findings = actions.find_element(TD.count_findings).get_attribute(&amp;#x27;innerText&amp;#x27;)\n            count_findings_number = re.search(r&amp;#x27;\\d+&amp;#x27;, count_findings)\n            if count_findings_number:\n    \n                count_findings_number = int(count_findings_number.group())\n                if count_findings_number &amp;gt; 0:\n    \n                    tbodies = driver.find_elements(By.TAG_NAME, &amp;#x27;tbody&amp;#x27;)\n                    for tbody in tbodies:\n                        rows = tbody.find_elements(By.TAG_NAME, &amp;quot;tr&amp;quot;)\n                        for row in rows:\n                            driver.implicitly_wait(3)\n                            row.click()\n                            element_xpath = actions.find_element(xpath)\n                            element_inner_text = element_xpath.get_attribute(&amp;#x27;defaultValue&amp;#x27;)\n                            assert search_value == element_inner_text\n                else:\n&amp;gt;                   assert False, &amp;#x27;cant be found&amp;#x27;\nE                   AssertionError: cant be found\nE                   assert False\n\ntests\\test_Oz_category_tests.py:48: AssertionError\n&#34;}], &#34;tests/test_Oz_category_tests.py::test_14_3_search_category[u6z3r13kkkv9d4hw-xpath3-1]&#34;: [{&#34;extras&#34;: [], &#34;result&#34;: &#34;Failed&#34;, &#34;testId&#34;: &#34;tests/test_Oz_category_tests.py::test_14_3_search_category[u6z3r13kkkv9d4hw-xpath3-1]&#34;, &#34;duration&#34;: &#34;00:00:25&#34;, &#34;resultsTableRow&#34;: [&#34;&lt;td class=\&#34;col-result\&#34;&gt;Failed&lt;/td&gt;&#34;, &#34;&lt;td class=\&#34;col-testId\&#34;&gt;tests/test_Oz_category_tests.py::test_14_3_search_category[u6z3r13kkkv9d4hw-xpath3-1]&lt;/td&gt;&#34;, &#34;&lt;td class=\&#34;col-duration\&#34;&gt;00:00:25&lt;/td&gt;&#34;, &#34;&lt;td class=\&#34;col-links\&#34;&gt;&lt;/td&gt;&#34;], &#34;log&#34;: &#34;driver = &amp;lt;selenium.webdriver.chrome.webdriver.WebDriver (session=&amp;quot;c271d46489215de48e36bfe9df4c3e20&amp;quot;)&amp;gt;\nsearch_value = &amp;#x27;u6z3r13kkkv9d4hw&amp;#x27;\nxpath = (&amp;#x27;xpath&amp;#x27;, &amp;#x27;//*[@id=&amp;quot;root&amp;quot;]/div[1]/div[2]/main/div[2]/div/div[2]/div[1]/table/tbody/tr/td[1]&amp;#x27;)\nsearch_id = 1\n\n    @pytest.mark.parametrize(PD.test_14_3_search_category_keys, PD.test_14_3_search_category_values)\n    def test_14_3_search_category(driver, search_value, xpath, search_id):\n        actions = Actions(driver)\n        categories = actions.find_element(TD.categories)\n        categories.click()\n        search_bar = actions.find_element(TD.search_bar)\n        search_bar.send_keys(search_value)\n        time.sleep(3)\n        if search_id == 1:\n            count_findings = actions.find_element(TD.count_findings).get_attribute(&amp;#x27;innerText&amp;#x27;)\n            count_findings_number = re.search(r&amp;#x27;\\d+&amp;#x27;, count_findings)\n            if count_findings_number:\n    \n                count_findings_number = int(count_findings_number.group())\n                if count_findings_number &amp;gt; 0:\n                    element_id_xpath = actions.find_element(xpath)\n                    element_inner_text = element_id_xpath.get_attribute(&amp;#x27;textContent&amp;#x27;)\n&amp;gt;                   assert search_value == element_inner_text\nE                   AssertionError: assert &amp;#x27;u6z3r13kkkv9d4hw&amp;#x27; == &amp;#x27;120j4k614lubo1b1g&amp;#x27;\nE                     \nE                     - 120j4k614lubo1b1g\nE                     + u6z3r13kkkv9d4hw\n\ntests\\test_Oz_category_tests.py:29: AssertionError\n&#34;}], &#34;tests/test_Oz_category_tests.py::test_14_5_edit_category[edit_id0-mario test]&#34;: [{&#34;extras&#34;: [], &#34;result&#34;: &#34;Passed&#34;, &#34;testId&#34;: &#34;tests/test_Oz_category_tests.py::test_14_5_edit_category[edit_id0-mario test]&#34;, &#34;duration&#34;: &#34;00:00:24&#34;, &#34;resultsTableRow&#34;: [&#34;&lt;td class=\&#34;col-result\&#34;&gt;Passed&lt;/td&gt;&#34;, &#34;&lt;td class=\&#34;col-testId\&#34;&gt;tests/test_Oz_category_tests.py::test_14_5_edit_category[edit_id0-mario test]&lt;/td&gt;&#34;, &#34;&lt;td class=\&#34;col-duration\&#34;&gt;00:00:24&lt;/td&gt;&#34;, &#34;&lt;td class=\&#34;col-links\&#34;&gt;&lt;/td&gt;&#34;], &#34;log&#34;: &#34;No log output captured.&#34;}], &#34;tests/test_Oz_category_tests.py::test_14_5_edit_category[edit_id1-magic]&#34;: [{&#34;extras&#34;: [], &#34;result&#34;: &#34;Failed&#34;, &#34;testId&#34;: &#34;tests/test_Oz_category_tests.py::test_14_5_edit_category[edit_id1-magic]&#34;, &#34;duration&#34;: &#34;00:00:28&#34;, &#34;resultsTableRow&#34;: [&#34;&lt;td class=\&#34;col-result\&#34;&gt;Failed&lt;/td&gt;&#34;, &#34;&lt;td class=\&#34;col-testId\&#34;&gt;tests/test_Oz_category_tests.py::test_14_5_edit_category[edit_id1-magic]&lt;/td&gt;&#34;, &#34;&lt;td class=\&#34;col-duration\&#34;&gt;00:00:28&lt;/td&gt;&#34;, &#34;&lt;td class=\&#34;col-links\&#34;&gt;&lt;/td&gt;&#34;], &#34;log&#34;: &#34;driver = &amp;lt;selenium.webdriver.chrome.webdriver.WebDriver (session=&amp;quot;211e7b392241f7d37907ce759931a8fe&amp;quot;)&amp;gt;\nedit_id = (&amp;#x27;xpath&amp;#x27;, &amp;#x27;//*[@id=&amp;quot;root&amp;quot;]/div[1]/div[4]/div/div/form/div[1]/div[2]/span/div[2]/input&amp;#x27;)\nedit_value = &amp;#x27;magic&amp;#x27;\n\n    @pytest.mark.parametrize(PD.test_14_5_edit_category_keys, PD.test_14_5_edit_category_values)\n    def test_14_5_edit_category(driver, edit_id, edit_value):\n        actions = Actions(driver)\n        coupons = actions.find_element(TD.coupons)\n        coupons.click()\n    \n        row = find_row_by_index(driver, 2)\n        row.click()\n    \n&amp;gt;       edit_element = actions.find_element(edit_id)\n\ntests\\test_Oz_category_tests.py:60: \n_ _ _ _ _ _ _ _ _ _ _ _ _ _ _ _ _ _ _ _ _ _ _ _ _ _ _ _ _ _ _ _ _ _ _ _ _ _ _ _ _ _ _ _ \ncommon\\actions.py:24: in find_element\n    element = WebDriverWait(self.driver, 5).until(EC.presence_of_element_located(selector))\n_ _ _ _ _ _ _ _ _ _ _ _ _ _ _ _ _ _ _ _ _ _ _ _ _ _ _ _ _ _ _ _ _ _ _ _ _ _ _ _ _ _ _ _ \n\nself = &amp;lt;selenium.webdriver.support.wait.WebDriverWait (session=&amp;quot;211e7b392241f7d37907ce759931a8fe&amp;quot;)&amp;gt;\nmethod = &amp;lt;function presence_of_element_located.&amp;lt;locals&amp;gt;._predicate at 0x000001E2A1B300E0&amp;gt;\nmessage = &amp;#x27;&amp;#x27;\n\n    def until(self, method: Callable[[D], Union[Literal[False], T]], message: str = &amp;quot;&amp;quot;) -&amp;gt; T:\n        &amp;quot;&amp;quot;&amp;quot;Calls the method provided with the driver as an argument until the \\\n        return value does not evaluate to ``False``.\n    \n        :param method: callable(WebDriver)\n        :param message: optional message for :exc:`TimeoutException`\n        :returns: the result of the last call to `method`\n        :raises: :exc:`selenium.common.exceptions.TimeoutException` if timeout occurs\n        &amp;quot;&amp;quot;&amp;quot;\n        screen = None\n        stacktrace = None\n    \n        end_time = time.monotonic() + self._timeout\n        while True:\n            try:\n                value = method(self._driver)\n                if value:\n                    return value\n            except self._ignored_exceptions as exc:\n                screen = getattr(exc, &amp;quot;screen&amp;quot;, None)\n                stacktrace = getattr(exc, &amp;quot;stacktrace&amp;quot;, None)\n            time.sleep(self._poll)\n            if time.monotonic() &amp;gt; end_time:\n                break\n&amp;gt;       raise TimeoutException(message, screen, stacktrace)\nE       selenium.common.exceptions.TimeoutException: Message: \nE       Stacktrace:\nE       \tGetHandleVerifier [0x00884CE3+225091]\nE       \t(No symbol) [0x007B4E31]\nE       \t(No symbol) [0x00659A7A]\nE       \t(No symbol) [0x0069175B]\nE       \t(No symbol) [0x0069188B]\nE       \t(No symbol) [0x006C7882]\nE       \t(No symbol) [0x006AF5A4]\nE       \t(No symbol) [0x006C5CB0]\nE       \t(No symbol) [0x006AF2F6]\nE       \t(No symbol) [0x006879B9]\nE       \t(No symbol) [0x0068879D]\nE       \tsqlite3_dbdata_init [0x00CF9A83+4064547]\nE       \tsqlite3_dbdata_init [0x00D0108A+4094762]\nE       \tsqlite3_dbdata_init [0x00CFB988+4072488]\nE       \tsqlite3_dbdata_init [0x009FC9E9+930953]\nE       \t(No symbol) [0x007C0804]\nE       \t(No symbol) [0x007BAD28]\nE       \t(No symbol) [0x007BAE51]\nE       \t(No symbol) [0x007ACAC0]\nE       \tBaseThreadInitThunk [0x74FFFCC9+25]\nE       \tRtlGetAppContainerNamedObjectPath [0x771C7C5E+286]\nE       \tRtlGetAppContainerNamedObjectPath [0x771C7C2E+238]\n\n.venv\\Lib\\site-packages\\selenium\\webdriver\\support\\wait.py:105: TimeoutException\n&#34;}], &#34;tests/test_Oz_category_tests.py::test_14_5_edit_category[edit_id2-200]&#34;: [{&#34;extras&#34;: [], &#34;result&#34;: &#34;Failed&#34;, &#34;testId&#34;: &#34;tests/test_Oz_category_tests.py::test_14_5_edit_category[edit_id2-200]&#34;, &#34;duration&#34;: &#34;00:00:40&#34;, &#34;resultsTableRow&#34;: [&#34;&lt;td class=\&#34;col-result\&#34;&gt;Failed&lt;/td&gt;&#34;, &#34;&lt;td class=\&#34;col-testId\&#34;&gt;tests/test_Oz_category_tests.py::test_14_5_edit_category[edit_id2-200]&lt;/td&gt;&#34;, &#34;&lt;td class=\&#34;col-duration\&#34;&gt;00:00:40&lt;/td&gt;&#34;, &#34;&lt;td class=\&#34;col-links\&#34;&gt;&lt;/td&gt;&#34;], &#34;log&#34;: &#34;driver = &amp;lt;selenium.webdriver.chrome.webdriver.WebDriver (session=&amp;quot;1883c49c3f9df0144e24da35ab481bed&amp;quot;)&amp;gt;\nedit_id = (&amp;#x27;xpath&amp;#x27;, &amp;#x27;//*[@id=&amp;quot;root&amp;quot;]/div[1]/div[4]/div/div/div/form/div[3]/div[5]/span/div/input&amp;#x27;)\nedit_value = &amp;#x27;200&amp;#x27;\n\n    @pytest.mark.parametrize(PD.test_14_5_edit_category_keys, PD.test_14_5_edit_category_values)\n    def test_14_5_edit_category(driver, edit_id, edit_value):\n        actions = Actions(driver)\n        coupons = actions.find_element(TD.coupons)\n        coupons.click()\n    \n        row = find_row_by_index(driver, 2)\n        row.click()\n    \n&amp;gt;       edit_element = actions.find_element(edit_id)\n\ntests\\test_Oz_category_tests.py:60: \n_ _ _ _ _ _ _ _ _ _ _ _ _ _ _ _ _ _ _ _ _ _ _ _ _ _ _ _ _ _ _ _ _ _ _ _ _ _ _ _ _ _ _ _ \ncommon\\actions.py:24: in find_element\n    element = WebDriverWait(self.driver, 5).until(EC.presence_of_element_located(selector))\n_ _ _ _ _ _ _ _ _ _ _ _ _ _ _ _ _ _ _ _ _ _ _ _ _ _ _ _ _ _ _ _ _ _ _ _ _ _ _ _ _ _ _ _ \n\nself = &amp;lt;selenium.webdriver.support.wait.WebDriverWait (session=&amp;quot;1883c49c3f9df0144e24da35ab481bed&amp;quot;)&amp;gt;\nmethod = &amp;lt;function presence_of_element_located.&amp;lt;locals&amp;gt;._predicate at 0x000001E2A16DF880&amp;gt;\nmessage = &amp;#x27;&amp;#x27;\n\n    def until(self, method: Callable[[D], Union[Literal[False], T]], message: str = &amp;quot;&amp;quot;) -&amp;gt; T:\n        &amp;quot;&amp;quot;&amp;quot;Calls the method provided with the driver as an argument until the \\\n        return value does not evaluate to ``False``.\n    \n        :param method: callable(WebDriver)\n        :param message: optional message for :exc:`TimeoutException`\n        :returns: the result of the last call to `method`\n        :raises: :exc:`selenium.common.exceptions.TimeoutException` if timeout occurs\n        &amp;quot;&amp;quot;&amp;quot;\n        screen = None\n        stacktrace = None\n    \n        end_time = time.monotonic() + self._timeout\n        while True:\n            try:\n                value = method(self._driver)\n                if value:\n                    return value\n            except self._ignored_exceptions as exc:\n                screen = getattr(exc, &amp;quot;screen&amp;quot;, None)\n                stacktrace = getattr(exc, &amp;quot;stacktrace&amp;quot;, None)\n            time.sleep(self._poll)\n            if time.monotonic() &amp;gt; end_time:\n                break\n&amp;gt;       raise TimeoutException(message, screen, stacktrace)\nE       selenium.common.exceptions.TimeoutException: Message: \nE       Stacktrace:\nE       \tGetHandleVerifier [0x00884CE3+225091]\nE       \t(No symbol) [0x007B4E31]\nE       \t(No symbol) [0x00659A7A]\nE       \t(No symbol) [0x0069175B]\nE       \t(No symbol) [0x0069188B]\nE       \t(No symbol) [0x006C7882]\nE       \t(No symbol) [0x006AF5A4]\nE       \t(No symbol) [0x006C5CB0]\nE       \t(No symbol) [0x006AF2F6]\nE       \t(No symbol) [0x006879B9]\nE       \t(No symbol) [0x0068879D]\nE       \tsqlite3_dbdata_init [0x00CF9A83+4064547]\nE       \tsqlite3_dbdata_init [0x00D0108A+4094762]\nE       \tsqlite3_dbdata_init [0x00CFB988+4072488]\nE       \tsqlite3_dbdata_init [0x009FC9E9+930953]\nE       \t(No symbol) [0x007C0804]\nE       \t(No symbol) [0x007BAD28]\nE       \t(No symbol) [0x007BAE51]\nE       \t(No symbol) [0x007ACAC0]\nE       \tBaseThreadInitThunk [0x74FFFCC9+25]\nE       \tRtlGetAppContainerNamedObjectPath [0x771C7C5E+286]\nE       \tRtlGetAppContainerNamedObjectPath [0x771C7C2E+238]\n\n.venv\\Lib\\site-packages\\selenium\\webdriver\\support\\wait.py:105: TimeoutException\n&#34;}], &#34;tests/test_Oz_category_tests.py::test_14_5_edit_category[edit_id3-666]&#34;: [{&#34;extras&#34;: [], &#34;result&#34;: &#34;Failed&#34;, &#34;testId&#34;: &#34;tests/test_Oz_category_tests.py::test_14_5_edit_category[edit_id3-666]&#34;, &#34;duration&#34;: &#34;00:00:27&#34;, &#34;resultsTableRow&#34;: [&#34;&lt;td class=\&#34;col-result\&#34;&gt;Failed&lt;/td&gt;&#34;, &#34;&lt;td class=\&#34;col-testId\&#34;&gt;tests/test_Oz_category_tests.py::test_14_5_edit_category[edit_id3-666]&lt;/td&gt;&#34;, &#34;&lt;td class=\&#34;col-duration\&#34;&gt;00:00:27&lt;/td&gt;&#34;, &#34;&lt;td class=\&#34;col-links\&#34;&gt;&lt;/td&gt;&#34;], &#34;log&#34;: &#34;driver = &amp;lt;selenium.webdriver.chrome.webdriver.WebDriver (session=&amp;quot;3fe4e2db71f7cbd51dd62b71c04f34cb&amp;quot;)&amp;gt;\nedit_id = (&amp;#x27;xpath&amp;#x27;, &amp;#x27;//*[@id=&amp;quot;root&amp;quot;]/div[1]/div[4]/div/div/div/form/div[3]/div[1]/span/div/input&amp;#x27;)\nedit_value = &amp;#x27;666&amp;#x27;\n\n    @pytest.mark.parametrize(PD.test_14_5_edit_category_keys, PD.test_14_5_edit_category_values)\n    def test_14_5_edit_category(driver, edit_id, edit_value):\n        actions = Actions(driver)\n        coupons = actions.find_element(TD.coupons)\n        coupons.click()\n    \n        row = find_row_by_index(driver, 2)\n        row.click()\n    \n&amp;gt;       edit_element = actions.find_element(edit_id)\n\ntests\\test_Oz_category_tests.py:60: \n_ _ _ _ _ _ _ _ _ _ _ _ _ _ _ _ _ _ _ _ _ _ _ _ _ _ _ _ _ _ _ _ _ _ _ _ _ _ _ _ _ _ _ _ \ncommon\\actions.py:24: in find_element\n    element = WebDriverWait(self.driver, 5).until(EC.presence_of_element_located(selector))\n_ _ _ _ _ _ _ _ _ _ _ _ _ _ _ _ _ _ _ _ _ _ _ _ _ _ _ _ _ _ _ _ _ _ _ _ _ _ _ _ _ _ _ _ \n\nself = &amp;lt;selenium.webdriver.support.wait.WebDriverWait (session=&amp;quot;3fe4e2db71f7cbd51dd62b71c04f34cb&amp;quot;)&amp;gt;\nmethod = &amp;lt;function presence_of_element_located.&amp;lt;locals&amp;gt;._predicate at 0x000001E2A16DF920&amp;gt;\nmessage = &amp;#x27;&amp;#x27;\n\n    def until(self, method: Callable[[D], Union[Literal[False], T]], message: str = &amp;quot;&amp;quot;) -&amp;gt; T:\n        &amp;quot;&amp;quot;&amp;quot;Calls the method provided with the driver as an argument until the \\\n        return value does not evaluate to ``False``.\n    \n        :param method: callable(WebDriver)\n        :param message: optional message for :exc:`TimeoutException`\n        :returns: the result of the last call to `method`\n        :raises: :exc:`selenium.common.exceptions.TimeoutException` if timeout occurs\n        &amp;quot;&amp;quot;&amp;quot;\n        screen = None\n        stacktrace = None\n    \n        end_time = time.monotonic() + self._timeout\n        while True:\n            try:\n                value = method(self._driver)\n                if value:\n                    return value\n            except self._ignored_exceptions as exc:\n                screen = getattr(exc, &amp;quot;screen&amp;quot;, None)\n                stacktrace = getattr(exc, &amp;quot;stacktrace&amp;quot;, None)\n            time.sleep(self._poll)\n            if time.monotonic() &amp;gt; end_time:\n                break\n&amp;gt;       raise TimeoutException(message, screen, stacktrace)\nE       selenium.common.exceptions.TimeoutException: Message: \nE       Stacktrace:\nE       \tGetHandleVerifier [0x00884CE3+225091]\nE       \t(No symbol) [0x007B4E31]\nE       \t(No symbol) [0x00659A7A]\nE       \t(No symbol) [0x0069175B]\nE       \t(No symbol) [0x0069188B]\nE       \t(No symbol) [0x006C7882]\nE       \t(No symbol) [0x006AF5A4]\nE       \t(No symbol) [0x006C5CB0]\nE       \t(No symbol) [0x006AF2F6]\nE       \t(No symbol) [0x006879B9]\nE       \t(No symbol) [0x0068879D]\nE       \tsqlite3_dbdata_init [0x00CF9A83+4064547]\nE       \tsqlite3_dbdata_init [0x00D0108A+4094762]\nE       \tsqlite3_dbdata_init [0x00CFB988+4072488]\nE       \tsqlite3_dbdata_init [0x009FC9E9+930953]\nE       \t(No symbol) [0x007C0804]\nE       \t(No symbol) [0x007BAD28]\nE       \t(No symbol) [0x007BAE51]\nE       \t(No symbol) [0x007ACAC0]\nE       \tBaseThreadInitThunk [0x74FFFCC9+25]\nE       \tRtlGetAppContainerNamedObjectPath [0x771C7C5E+286]\nE       \tRtlGetAppContainerNamedObjectPath [0x771C7C2E+238]\n\n.venv\\Lib\\site-packages\\selenium\\webdriver\\support\\wait.py:105: TimeoutException\n&#34;}], &#34;tests/test_Oz_coupons_tests.py::test_4_2_add_invalid[name_id0--code_id0-12345-min_cart_id0-100-start_date_id0-15/01/2024-end_date_id0-26/08/24-discount_amount_id0-30-discount_type_id0-validation_message0]&#34;: [{&#34;extras&#34;: [], &#34;result&#34;: &#34;Failed&#34;, &#34;testId&#34;: &#34;tests/test_Oz_coupons_tests.py::test_4_2_add_invalid[name_id0--code_id0-12345-min_cart_id0-100-start_date_id0-15/01/2024-end_date_id0-26/08/24-discount_amount_id0-30-discount_type_id0-validation_message0]&#34;, &#34;duration&#34;: &#34;00:00:26&#34;, &#34;resultsTableRow&#34;: [&#34;&lt;td class=\&#34;col-result\&#34;&gt;Failed&lt;/td&gt;&#34;, &#34;&lt;td class=\&#34;col-testId\&#34;&gt;tests/test_Oz_coupons_tests.py::test_4_2_add_invalid[name_id0--code_id0-12345-min_cart_id0-100-start_date_id0-15/01/2024-end_date_id0-26/08/24-discount_amount_id0-30-discount_type_id0-validation_message0]&lt;/td&gt;&#34;, &#34;&lt;td class=\&#34;col-duration\&#34;&gt;00:00:26&lt;/td&gt;&#34;, &#34;&lt;td class=\&#34;col-links\&#34;&gt;&lt;/td&gt;&#34;], &#34;log&#34;: &#34;driver = &amp;lt;selenium.webdriver.chrome.webdriver.WebDriver (session=&amp;quot;689372d8ab0320a09d285a144d28a290&amp;quot;)&amp;gt;\nname_id = (&amp;#x27;xpath&amp;#x27;, &amp;#x27;//*[@id=&amp;quot;root&amp;quot;]/div[1]/div[4]/div/div/form/div[1]/div[1]/span/div/input&amp;#x27;)\nname_value = &amp;#x27;&amp;#x27;\ncode_id = (&amp;#x27;xpath&amp;#x27;, &amp;#x27;//*[@id=&amp;quot;root&amp;quot;]/div[1]/div[4]/div/div/form/div[1]/div[2]/span/div/input&amp;#x27;)\ncode_value = &amp;#x27;12345&amp;#x27;\nmin_cart_id = (&amp;#x27;xpath&amp;#x27;, &amp;#x27;//*[@id=&amp;quot;root&amp;quot;]/div[1]/div[4]/div/div/form/div[1]/div[3]/span/div/input&amp;#x27;)\nmin_cart_value = &amp;#x27;100&amp;#x27;\nstart_date_id = (&amp;#x27;xpath&amp;#x27;, &amp;#x27;//*[@id=&amp;quot;root&amp;quot;]/div[1]/div[4]/div/div/form/div[1]/div[5]/div[1]/div[1]/span/div/input&amp;#x27;)\nstart_date_value = &amp;#x27;15/01/2024&amp;#x27;\nend_date_id = (&amp;#x27;xpath&amp;#x27;, &amp;#x27;//*[@id=&amp;quot;root&amp;quot;]/div[1]/div[4]/div/div/form/div[1]/div[5]/div[1]/div[2]/span/div/input&amp;#x27;)\nend_date_value = &amp;#x27;26/08/24&amp;#x27;\ndiscount_amount_id = (&amp;#x27;xpath&amp;#x27;, &amp;#x27;//*[@id=&amp;quot;root&amp;quot;]/div[1]/div[4]/div/div/form/div[1]/div[6]/div[1]/div[1]/span/div/input&amp;#x27;)\ndiscount_amount_value = &amp;#x27;30&amp;#x27;\ndiscount_type_id = (&amp;#x27;xpath&amp;#x27;, &amp;#x27;//*[@id=&amp;quot;root&amp;quot;]/div[1]/div[4]/div/div/form/div[1]/div[6]/div[1]/div[2]/div[1]/span[1]/div[2]/div/div[1]&amp;#x27;)\nvalidation_message = (&amp;#x27;xpath&amp;#x27;, &amp;#x27;//*[@id=&amp;quot;root&amp;quot;]/div[1]/div[4]/div/div/form/div[1]/div[1]/span/div/input&amp;#x27;)\n\n    @pytest.mark.parametrize(PD.test_test_4_2_add_invalid_keys,PD.test_4_2_add_invalid_values)\n    def test_4_2_add_invalid(driver,name_id,name_value,code_id,code_value,min_cart_id,min_cart_value,start_date_id ,start_date_value, end_date_id,end_date_value, discount_amount_id,discount_amount_value,discount_type_id,validation_message):\n        actions = Actions(driver)\n        driver.implicitly_wait(5)\n        coupons = actions.find_element(TD.coupon_btn)\n        coupons.click()\n        time.sleep(3)\n    \n        menu = actions.find_element(TD.drop_down_manu)\n        menu.click()\n    \n        add_btn = actions.find_element(TD.add_btn)\n        add_btn.click()\n    \n        name_field = actions.find_element(name_id)\n        name_field.send_keys(name_value)\n    \n        code_field = actions.find_element(code_id)\n        code_field.send_keys(code_value)\n    \n        min_cart_field = actions.find_element(min_cart_id)\n        min_cart_field.send_keys(min_cart_value)\n    \n        start_date = actions.find_element(start_date_id)\n        start_date.send_keys(start_date_value)\n    \n        end_date = actions.find_element(end_date_id)\n        end_date.send_keys(end_date_value)\n    \n        discount_amount = actions.find_element(discount_amount_id)\n        discount_amount.send_keys(discount_amount_value)\n    \n        discount_tyoe_manu = actions.find_element(TD.add_form_type)\n        discount_tyoe_manu.click()\n    \n        discount_type = actions.find_element(discount_type_id)\n        discount_type.click()\n    \n        final_add_button = actions.find_element(TD.final_add_btn)\n        final_add_button.click()\n    \n        validation = actions.find_element(validation_message)\n        validation_text = validation.get_attribute(&amp;#x27;validationMessage&amp;#x27;)\n    \n&amp;gt;       assert validation_text == &amp;#x27;Please fill in this field.&amp;#x27;\nE       AssertionError: assert &amp;#x27;Please fill out this field.&amp;#x27; == &amp;#x27;Please fill in this field.&amp;#x27;\nE         \nE         - Please fill in this field.\nE         ?             ^^\nE         + Please fill out this field.\nE         ?             ^^^\n\ntests\\test_Oz_coupons_tests.py:51: AssertionError\n&#34;}], &#34;tests/test_Oz_coupons_tests.py::test_4_2_add_invalid[name_id1-hello_world-code_id1--min_cart_id1-100-start_date_id1-15/01/2024-end_date_id1-26/08/24-discount_amount_id1-30-discount_type_id1-validation_message1]&#34;: [{&#34;extras&#34;: [], &#34;result&#34;: &#34;Failed&#34;, &#34;testId&#34;: &#34;tests/test_Oz_coupons_tests.py::test_4_2_add_invalid[name_id1-hello_world-code_id1--min_cart_id1-100-start_date_id1-15/01/2024-end_date_id1-26/08/24-discount_amount_id1-30-discount_type_id1-validation_message1]&#34;, &#34;duration&#34;: &#34;00:00:24&#34;, &#34;resultsTableRow&#34;: [&#34;&lt;td class=\&#34;col-result\&#34;&gt;Failed&lt;/td&gt;&#34;, &#34;&lt;td class=\&#34;col-testId\&#34;&gt;tests/test_Oz_coupons_tests.py::test_4_2_add_invalid[name_id1-hello_world-code_id1--min_cart_id1-100-start_date_id1-15/01/2024-end_date_id1-26/08/24-discount_amount_id1-30-discount_type_id1-validation_message1]&lt;/td&gt;&#34;, &#34;&lt;td class=\&#34;col-duration\&#34;&gt;00:00:24&lt;/td&gt;&#34;, &#34;&lt;td class=\&#34;col-links\&#34;&gt;&lt;/td&gt;&#34;], &#34;log&#34;: &#34;driver = &amp;lt;selenium.webdriver.chrome.webdriver.WebDriver (session=&amp;quot;b5faf1d0858f9d2586f9f3c249eb43f6&amp;quot;)&amp;gt;\nname_id = (&amp;#x27;xpath&amp;#x27;, &amp;#x27;//*[@id=&amp;quot;root&amp;quot;]/div[1]/div[4]/div/div/form/div[1]/div[1]/span/div/input&amp;#x27;)\nname_value = &amp;#x27;hello_world&amp;#x27;\ncode_id = (&amp;#x27;xpath&amp;#x27;, &amp;#x27;//*[@id=&amp;quot;root&amp;quot;]/div[1]/div[4]/div/div/form/div[1]/div[2]/span/div/input&amp;#x27;)\ncode_value = &amp;#x27;&amp;#x27;\nmin_cart_id = (&amp;#x27;xpath&amp;#x27;, &amp;#x27;//*[@id=&amp;quot;root&amp;quot;]/div[1]/div[4]/div/div/form/div[1]/div[3]/span/div/input&amp;#x27;)\nmin_cart_value = &amp;#x27;100&amp;#x27;\nstart_date_id = (&amp;#x27;xpath&amp;#x27;, &amp;#x27;//*[@id=&amp;quot;root&amp;quot;]/div[1]/div[4]/div/div/form/div[1]/div[5]/div[1]/div[1]/span/div/input&amp;#x27;)\nstart_date_value = &amp;#x27;15/01/2024&amp;#x27;\nend_date_id = (&amp;#x27;xpath&amp;#x27;, &amp;#x27;//*[@id=&amp;quot;root&amp;quot;]/div[1]/div[4]/div/div/form/div[1]/div[5]/div[1]/div[2]/span/div/input&amp;#x27;)\nend_date_value = &amp;#x27;26/08/24&amp;#x27;\ndiscount_amount_id = (&amp;#x27;xpath&amp;#x27;, &amp;#x27;//*[@id=&amp;quot;root&amp;quot;]/div[1]/div[4]/div/div/form/div[1]/div[6]/div[1]/div[1]/span/div/input&amp;#x27;)\ndiscount_amount_value = &amp;#x27;30&amp;#x27;\ndiscount_type_id = (&amp;#x27;xpath&amp;#x27;, &amp;#x27;//*[@id=&amp;quot;root&amp;quot;]/div[1]/div[4]/div/div/form/div[1]/div[6]/div[1]/div[2]/div[1]/span[1]/div[2]/div/div[1]&amp;#x27;)\nvalidation_message = (&amp;#x27;xpath&amp;#x27;, &amp;#x27;//*[@id=&amp;quot;root&amp;quot;]/div[1]/div[4]/div/div/form/div[1]/div[2]/span/div/input&amp;#x27;)\n\n    @pytest.mark.parametrize(PD.test_test_4_2_add_invalid_keys,PD.test_4_2_add_invalid_values)\n    def test_4_2_add_invalid(driver,name_id,name_value,code_id,code_value,min_cart_id,min_cart_value,start_date_id ,start_date_value, end_date_id,end_date_value, discount_amount_id,discount_amount_value,discount_type_id,validation_message):\n        actions = Actions(driver)\n        driver.implicitly_wait(5)\n        coupons = actions.find_element(TD.coupon_btn)\n        coupons.click()\n        time.sleep(3)\n    \n        menu = actions.find_element(TD.drop_down_manu)\n        menu.click()\n    \n        add_btn = actions.find_element(TD.add_btn)\n        add_btn.click()\n    \n        name_field = actions.find_element(name_id)\n        name_field.send_keys(name_value)\n    \n        code_field = actions.find_element(code_id)\n        code_field.send_keys(code_value)\n    \n        min_cart_field = actions.find_element(min_cart_id)\n        min_cart_field.send_keys(min_cart_value)\n    \n        start_date = actions.find_element(start_date_id)\n        start_date.send_keys(start_date_value)\n    \n        end_date = actions.find_element(end_date_id)\n        end_date.send_keys(end_date_value)\n    \n        discount_amount = actions.find_element(discount_amount_id)\n        discount_amount.send_keys(discount_amount_value)\n    \n        discount_tyoe_manu = actions.find_element(TD.add_form_type)\n        discount_tyoe_manu.click()\n    \n        discount_type = actions.find_element(discount_type_id)\n        discount_type.click()\n    \n        final_add_button = actions.find_element(TD.final_add_btn)\n        final_add_button.click()\n    \n        validation = actions.find_element(validation_message)\n        validation_text = validation.get_attribute(&amp;#x27;validationMessage&amp;#x27;)\n    \n&amp;gt;       assert validation_text == &amp;#x27;Please fill in this field.&amp;#x27;\nE       AssertionError: assert &amp;#x27;Please fill out this field.&amp;#x27; == &amp;#x27;Please fill in this field.&amp;#x27;\nE         \nE         - Please fill in this field.\nE         ?             ^^\nE         + Please fill out this field.\nE         ?             ^^^\n\ntests\\test_Oz_coupons_tests.py:51: AssertionError\n&#34;}], &#34;tests/test_Oz_coupons_tests.py::test_4_2_add_invalid[name_id2-hello_world-code_id2-12345-min_cart_id2--start_date_id2-15/01/2024-end_date_id2-26/08/24-discount_amount_id2-30-discount_type_id2-validation_message2]&#34;: [{&#34;extras&#34;: [], &#34;result&#34;: &#34;Failed&#34;, &#34;testId&#34;: &#34;tests/test_Oz_coupons_tests.py::test_4_2_add_invalid[name_id2-hello_world-code_id2-12345-min_cart_id2--start_date_id2-15/01/2024-end_date_id2-26/08/24-discount_amount_id2-30-discount_type_id2-validation_message2]&#34;, &#34;duration&#34;: &#34;00:00:24&#34;, &#34;resultsTableRow&#34;: [&#34;&lt;td class=\&#34;col-result\&#34;&gt;Failed&lt;/td&gt;&#34;, &#34;&lt;td class=\&#34;col-testId\&#34;&gt;tests/test_Oz_coupons_tests.py::test_4_2_add_invalid[name_id2-hello_world-code_id2-12345-min_cart_id2--start_date_id2-15/01/2024-end_date_id2-26/08/24-discount_amount_id2-30-discount_type_id2-validation_message2]&lt;/td&gt;&#34;, &#34;&lt;td class=\&#34;col-duration\&#34;&gt;00:00:24&lt;/td&gt;&#34;, &#34;&lt;td class=\&#34;col-links\&#34;&gt;&lt;/td&gt;&#34;], &#34;log&#34;: &#34;driver = &amp;lt;selenium.webdriver.chrome.webdriver.WebDriver (session=&amp;quot;ea4f3e37583a6916cfc564037818aa84&amp;quot;)&amp;gt;\nname_id = (&amp;#x27;xpath&amp;#x27;, &amp;#x27;//*[@id=&amp;quot;root&amp;quot;]/div[1]/div[4]/div/div/form/div[1]/div[1]/span/div/input&amp;#x27;)\nname_value = &amp;#x27;hello_world&amp;#x27;\ncode_id = (&amp;#x27;xpath&amp;#x27;, &amp;#x27;//*[@id=&amp;quot;root&amp;quot;]/div[1]/div[4]/div/div/form/div[1]/div[2]/span/div/input&amp;#x27;)\ncode_value = &amp;#x27;12345&amp;#x27;\nmin_cart_id = (&amp;#x27;xpath&amp;#x27;, &amp;#x27;//*[@id=&amp;quot;root&amp;quot;]/div[1]/div[4]/div/div/form/div[1]/div[3]/span/div/input&amp;#x27;)\nmin_cart_value = &amp;#x27;&amp;#x27;\nstart_date_id = (&amp;#x27;xpath&amp;#x27;, &amp;#x27;//*[@id=&amp;quot;root&amp;quot;]/div[1]/div[4]/div/div/form/div[1]/div[5]/div[1]/div[1]/span/div/input&amp;#x27;)\nstart_date_value = &amp;#x27;15/01/2024&amp;#x27;\nend_date_id = (&amp;#x27;xpath&amp;#x27;, &amp;#x27;//*[@id=&amp;quot;root&amp;quot;]/div[1]/div[4]/div/div/form/div[1]/div[5]/div[1]/div[2]/span/div/input&amp;#x27;)\nend_date_value = &amp;#x27;26/08/24&amp;#x27;\ndiscount_amount_id = (&amp;#x27;xpath&amp;#x27;, &amp;#x27;//*[@id=&amp;quot;root&amp;quot;]/div[1]/div[4]/div/div/form/div[1]/div[6]/div[1]/div[1]/span/div/input&amp;#x27;)\ndiscount_amount_value = &amp;#x27;30&amp;#x27;\ndiscount_type_id = (&amp;#x27;xpath&amp;#x27;, &amp;#x27;//*[@id=&amp;quot;root&amp;quot;]/div[1]/div[4]/div/div/form/div[1]/div[6]/div[1]/div[2]/div[1]/span[1]/div[2]/div/div[1]&amp;#x27;)\nvalidation_message = (&amp;#x27;xpath&amp;#x27;, &amp;#x27;//*[@id=&amp;quot;root&amp;quot;]/div[1]/div[4]/div/div/form/div[1]/div[3]/span/div/input&amp;#x27;)\n\n    @pytest.mark.parametrize(PD.test_test_4_2_add_invalid_keys,PD.test_4_2_add_invalid_values)\n    def test_4_2_add_invalid(driver,name_id,name_value,code_id,code_value,min_cart_id,min_cart_value,start_date_id ,start_date_value, end_date_id,end_date_value, discount_amount_id,discount_amount_value,discount_type_id,validation_message):\n        actions = Actions(driver)\n        driver.implicitly_wait(5)\n        coupons = actions.find_element(TD.coupon_btn)\n        coupons.click()\n        time.sleep(3)\n    \n        menu = actions.find_element(TD.drop_down_manu)\n        menu.click()\n    \n        add_btn = actions.find_element(TD.add_btn)\n        add_btn.click()\n    \n        name_field = actions.find_element(name_id)\n        name_field.send_keys(name_value)\n    \n        code_field = actions.find_element(code_id)\n        code_field.send_keys(code_value)\n    \n        min_cart_field = actions.find_element(min_cart_id)\n        min_cart_field.send_keys(min_cart_value)\n    \n        start_date = actions.find_element(start_date_id)\n        start_date.send_keys(start_date_value)\n    \n        end_date = actions.find_element(end_date_id)\n        end_date.send_keys(end_date_value)\n    \n        discount_amount = actions.find_element(discount_amount_id)\n        discount_amount.send_keys(discount_amount_value)\n    \n        discount_tyoe_manu = actions.find_element(TD.add_form_type)\n        discount_tyoe_manu.click()\n    \n        discount_type = actions.find_element(discount_type_id)\n        discount_type.click()\n    \n        final_add_button = actions.find_element(TD.final_add_btn)\n        final_add_button.click()\n    \n        validation = actions.find_element(validation_message)\n        validation_text = validation.get_attribute(&amp;#x27;validationMessage&amp;#x27;)\n    \n&amp;gt;       assert validation_text == &amp;#x27;Please fill in this field.&amp;#x27;\nE       AssertionError: assert &amp;#x27;Please fill out this field.&amp;#x27; == &amp;#x27;Please fill in this field.&amp;#x27;\nE         \nE         - Please fill in this field.\nE         ?             ^^\nE         + Please fill out this field.\nE         ?             ^^^\n\ntests\\test_Oz_coupons_tests.py:51: AssertionError\n&#34;}], &#34;tests/test_Oz_coupons_tests.py::test_4_2_add_invalid[name_id3-hello_world-code_id3-12345-min_cart_id3-100-start_date_id3--end_date_id3-26/08/24-discount_amount_id3-30-discount_type_id3-validation_message3]&#34;: [{&#34;extras&#34;: [], &#34;result&#34;: &#34;Failed&#34;, &#34;testId&#34;: &#34;tests/test_Oz_coupons_tests.py::test_4_2_add_invalid[name_id3-hello_world-code_id3-12345-min_cart_id3-100-start_date_id3--end_date_id3-26/08/24-discount_amount_id3-30-discount_type_id3-validation_message3]&#34;, &#34;duration&#34;: &#34;00:00:40&#34;, &#34;resultsTableRow&#34;: [&#34;&lt;td class=\&#34;col-result\&#34;&gt;Failed&lt;/td&gt;&#34;, &#34;&lt;td class=\&#34;col-testId\&#34;&gt;tests/test_Oz_coupons_tests.py::test_4_2_add_invalid[name_id3-hello_world-code_id3-12345-min_cart_id3-100-start_date_id3--end_date_id3-26/08/24-discount_amount_id3-30-discount_type_id3-validation_message3]&lt;/td&gt;&#34;, &#34;&lt;td class=\&#34;col-duration\&#34;&gt;00:00:40&lt;/td&gt;&#34;, &#34;&lt;td class=\&#34;col-links\&#34;&gt;&lt;/td&gt;&#34;], &#34;log&#34;: &#34;driver = &amp;lt;selenium.webdriver.chrome.webdriver.WebDriver (session=&amp;quot;5f19ca6e351d9e909c1becb7c138bf0a&amp;quot;)&amp;gt;\nname_id = (&amp;#x27;xpath&amp;#x27;, &amp;#x27;//*[@id=&amp;quot;root&amp;quot;]/div[1]/div[4]/div/div/form/div[1]/div[1]/span/div/input&amp;#x27;)\nname_value = &amp;#x27;hello_world&amp;#x27;\ncode_id = (&amp;#x27;xpath&amp;#x27;, &amp;#x27;//*[@id=&amp;quot;root&amp;quot;]/div[1]/div[4]/div/div/form/div[1]/div[2]/span/div/input&amp;#x27;)\ncode_value = &amp;#x27;12345&amp;#x27;\nmin_cart_id = (&amp;#x27;xpath&amp;#x27;, &amp;#x27;//*[@id=&amp;quot;root&amp;quot;]/div[1]/div[4]/div/div/form/div[1]/div[3]/span/div/input&amp;#x27;)\nmin_cart_value = &amp;#x27;100&amp;#x27;\nstart_date_id = (&amp;#x27;xpath&amp;#x27;, &amp;#x27;//*[@id=&amp;quot;root&amp;quot;]/div[1]/div[4]/div/div/form/div[1]/div[5]/div[1]/div[1]/span/div/input&amp;#x27;)\nstart_date_value = &amp;#x27;&amp;#x27;\nend_date_id = (&amp;#x27;xpath&amp;#x27;, &amp;#x27;//*[@id=&amp;quot;root&amp;quot;]/div[1]/div[4]/div/div/form/div[1]/div[5]/div[1]/div[2]/span/div/input&amp;#x27;)\nend_date_value = &amp;#x27;26/08/24&amp;#x27;\ndiscount_amount_id = (&amp;#x27;xpath&amp;#x27;, &amp;#x27;//*[@id=&amp;quot;root&amp;quot;]/div[1]/div[4]/div/div/form/div[1]/div[6]/div[1]/div[1]/span/div/input&amp;#x27;)\ndiscount_amount_value = &amp;#x27;30&amp;#x27;\ndiscount_type_id = (&amp;#x27;xpath&amp;#x27;, &amp;#x27;//*[@id=&amp;quot;root&amp;quot;]/div[1]/div[4]/div/div/form/div[1]/div[6]/div[1]/div[2]/div[1]/span[1]/div[2]/div/div[1]&amp;#x27;)\nvalidation_message = (&amp;#x27;xpath&amp;#x27;, &amp;#x27;//*[@id=&amp;quot;root&amp;quot;]/div[1]/div[4]/div/div/form/div[1]/div[5]/div[1]/div[1]/span/div/input&amp;#x27;)\n\n    @pytest.mark.parametrize(PD.test_test_4_2_add_invalid_keys,PD.test_4_2_add_invalid_values)\n    def test_4_2_add_invalid(driver,name_id,name_value,code_id,code_value,min_cart_id,min_cart_value,start_date_id ,start_date_value, end_date_id,end_date_value, discount_amount_id,discount_amount_value,discount_type_id,validation_message):\n        actions = Actions(driver)\n        driver.implicitly_wait(5)\n        coupons = actions.find_element(TD.coupon_btn)\n        coupons.click()\n        time.sleep(3)\n    \n        menu = actions.find_element(TD.drop_down_manu)\n        menu.click()\n    \n        add_btn = actions.find_element(TD.add_btn)\n        add_btn.click()\n    \n        name_field = actions.find_element(name_id)\n        name_field.send_keys(name_value)\n    \n        code_field = actions.find_element(code_id)\n        code_field.send_keys(code_value)\n    \n        min_cart_field = actions.find_element(min_cart_id)\n        min_cart_field.send_keys(min_cart_value)\n    \n        start_date = actions.find_element(start_date_id)\n        start_date.send_keys(start_date_value)\n    \n        end_date = actions.find_element(end_date_id)\n        end_date.send_keys(end_date_value)\n    \n        discount_amount = actions.find_element(discount_amount_id)\n        discount_amount.send_keys(discount_amount_value)\n    \n        discount_tyoe_manu = actions.find_element(TD.add_form_type)\n        discount_tyoe_manu.click()\n    \n        discount_type = actions.find_element(discount_type_id)\n        discount_type.click()\n    \n        final_add_button = actions.find_element(TD.final_add_btn)\n        final_add_button.click()\n    \n        validation = actions.find_element(validation_message)\n        validation_text = validation.get_attribute(&amp;#x27;validationMessage&amp;#x27;)\n    \n&amp;gt;       assert validation_text == &amp;#x27;Please fill in this field.&amp;#x27;\nE       AssertionError: assert &amp;#x27;Please fill out this field.&amp;#x27; == &amp;#x27;Please fill in this field.&amp;#x27;\nE         \nE         - Please fill in this field.\nE         ?             ^^\nE         + Please fill out this field.\nE         ?             ^^^\n\ntests\\test_Oz_coupons_tests.py:51: AssertionError\n&#34;}], &#34;tests/test_Oz_coupons_tests.py::test_4_2_add_invalid[name_id4-hello_world-code_id4-12345-min_cart_id4-100-start_date_id4-15/01/2024-end_date_id4--discount_amount_id4-30-discount_type_id4-validation_message4]&#34;: [{&#34;extras&#34;: [], &#34;result&#34;: &#34;Failed&#34;, &#34;testId&#34;: &#34;tests/test_Oz_coupons_tests.py::test_4_2_add_invalid[name_id4-hello_world-code_id4-12345-min_cart_id4-100-start_date_id4-15/01/2024-end_date_id4--discount_amount_id4-30-discount_type_id4-validation_message4]&#34;, &#34;duration&#34;: &#34;00:00:23&#34;, &#34;resultsTableRow&#34;: [&#34;&lt;td class=\&#34;col-result\&#34;&gt;Failed&lt;/td&gt;&#34;, &#34;&lt;td class=\&#34;col-testId\&#34;&gt;tests/test_Oz_coupons_tests.py::test_4_2_add_invalid[name_id4-hello_world-code_id4-12345-min_cart_id4-100-start_date_id4-15/01/2024-end_date_id4--discount_amount_id4-30-discount_type_id4-validation_message4]&lt;/td&gt;&#34;, &#34;&lt;td class=\&#34;col-duration\&#34;&gt;00:00:23&lt;/td&gt;&#34;, &#34;&lt;td class=\&#34;col-links\&#34;&gt;&lt;/td&gt;&#34;], &#34;log&#34;: &#34;driver = &amp;lt;selenium.webdriver.chrome.webdriver.WebDriver (session=&amp;quot;4defba639a4c42523ecf45291830cecb&amp;quot;)&amp;gt;\nname_id = (&amp;#x27;xpath&amp;#x27;, &amp;#x27;//*[@id=&amp;quot;root&amp;quot;]/div[1]/div[4]/div/div/form/div[1]/div[1]/span/div/input&amp;#x27;)\nname_value = &amp;#x27;hello_world&amp;#x27;\ncode_id = (&amp;#x27;xpath&amp;#x27;, &amp;#x27;//*[@id=&amp;quot;root&amp;quot;]/div[1]/div[4]/div/div/form/div[1]/div[2]/span/div/input&amp;#x27;)\ncode_value = &amp;#x27;12345&amp;#x27;\nmin_cart_id = (&amp;#x27;xpath&amp;#x27;, &amp;#x27;//*[@id=&amp;quot;root&amp;quot;]/div[1]/div[4]/div/div/form/div[1]/div[3]/span/div/input&amp;#x27;)\nmin_cart_value = &amp;#x27;100&amp;#x27;\nstart_date_id = (&amp;#x27;xpath&amp;#x27;, &amp;#x27;//*[@id=&amp;quot;root&amp;quot;]/div[1]/div[4]/div/div/form/div[1]/div[5]/div[1]/div[1]/span/div/input&amp;#x27;)\nstart_date_value = &amp;#x27;15/01/2024&amp;#x27;\nend_date_id = (&amp;#x27;xpath&amp;#x27;, &amp;#x27;//*[@id=&amp;quot;root&amp;quot;]/div[1]/div[4]/div/div/form/div[1]/div[5]/div[1]/div[2]/span/div/input&amp;#x27;)\nend_date_value = &amp;#x27;&amp;#x27;\ndiscount_amount_id = (&amp;#x27;xpath&amp;#x27;, &amp;#x27;//*[@id=&amp;quot;root&amp;quot;]/div[1]/div[4]/div/div/form/div[1]/div[6]/div[1]/div[1]/span/div/input&amp;#x27;)\ndiscount_amount_value = &amp;#x27;30&amp;#x27;\ndiscount_type_id = (&amp;#x27;xpath&amp;#x27;, &amp;#x27;//*[@id=&amp;quot;root&amp;quot;]/div[1]/div[4]/div/div/form/div[1]/div[6]/div[1]/div[2]/div[1]/span[1]/div[2]/div/div[2]&amp;#x27;)\nvalidation_message = (&amp;#x27;xpath&amp;#x27;, &amp;#x27;//*[@id=&amp;quot;root&amp;quot;]/div[1]/div[4]/div/div/form/div[1]/div[5]/div[1]/div[2]/span/div/input&amp;#x27;)\n\n    @pytest.mark.parametrize(PD.test_test_4_2_add_invalid_keys,PD.test_4_2_add_invalid_values)\n    def test_4_2_add_invalid(driver,name_id,name_value,code_id,code_value,min_cart_id,min_cart_value,start_date_id ,start_date_value, end_date_id,end_date_value, discount_amount_id,discount_amount_value,discount_type_id,validation_message):\n        actions = Actions(driver)\n        driver.implicitly_wait(5)\n        coupons = actions.find_element(TD.coupon_btn)\n        coupons.click()\n        time.sleep(3)\n    \n        menu = actions.find_element(TD.drop_down_manu)\n        menu.click()\n    \n        add_btn = actions.find_element(TD.add_btn)\n        add_btn.click()\n    \n        name_field = actions.find_element(name_id)\n        name_field.send_keys(name_value)\n    \n        code_field = actions.find_element(code_id)\n        code_field.send_keys(code_value)\n    \n        min_cart_field = actions.find_element(min_cart_id)\n        min_cart_field.send_keys(min_cart_value)\n    \n        start_date = actions.find_element(start_date_id)\n        start_date.send_keys(start_date_value)\n    \n        end_date = actions.find_element(end_date_id)\n        end_date.send_keys(end_date_value)\n    \n        discount_amount = actions.find_element(discount_amount_id)\n        discount_amount.send_keys(discount_amount_value)\n    \n        discount_tyoe_manu = actions.find_element(TD.add_form_type)\n        discount_tyoe_manu.click()\n    \n        discount_type = actions.find_element(discount_type_id)\n        discount_type.click()\n    \n        final_add_button = actions.find_element(TD.final_add_btn)\n        final_add_button.click()\n    \n        validation = actions.find_element(validation_message)\n        validation_text = validation.get_attribute(&amp;#x27;validationMessage&amp;#x27;)\n    \n&amp;gt;       assert validation_text == &amp;#x27;Please fill in this field.&amp;#x27;\nE       AssertionError: assert &amp;#x27;Please fill out this field.&amp;#x27; == &amp;#x27;Please fill in this field.&amp;#x27;\nE         \nE         - Please fill in this field.\nE         ?             ^^\nE         + Please fill out this field.\nE         ?             ^^^\n\ntests\\test_Oz_coupons_tests.py:51: AssertionError\n&#34;}], &#34;tests/test_Oz_coupons_tests.py::test_4_2_add_invalid[name_id5-hello_world-code_id5-12345-min_cart_id5-100-start_date_id5-15/01/2024-end_date_id5-26/08/24-discount_amount_id5--discount_type_id5-validation_message5]&#34;: [{&#34;extras&#34;: [], &#34;result&#34;: &#34;Failed&#34;, &#34;testId&#34;: &#34;tests/test_Oz_coupons_tests.py::test_4_2_add_invalid[name_id5-hello_world-code_id5-12345-min_cart_id5-100-start_date_id5-15/01/2024-end_date_id5-26/08/24-discount_amount_id5--discount_type_id5-validation_message5]&#34;, &#34;duration&#34;: &#34;00:00:26&#34;, &#34;resultsTableRow&#34;: [&#34;&lt;td class=\&#34;col-result\&#34;&gt;Failed&lt;/td&gt;&#34;, &#34;&lt;td class=\&#34;col-testId\&#34;&gt;tests/test_Oz_coupons_tests.py::test_4_2_add_invalid[name_id5-hello_world-code_id5-12345-min_cart_id5-100-start_date_id5-15/01/2024-end_date_id5-26/08/24-discount_amount_id5--discount_type_id5-validation_message5]&lt;/td&gt;&#34;, &#34;&lt;td class=\&#34;col-duration\&#34;&gt;00:00:26&lt;/td&gt;&#34;, &#34;&lt;td class=\&#34;col-links\&#34;&gt;&lt;/td&gt;&#34;], &#34;log&#34;: &#34;driver = &amp;lt;selenium.webdriver.chrome.webdriver.WebDriver (session=&amp;quot;bfde9ac274e328cd340b33973fe2652b&amp;quot;)&amp;gt;\nname_id = (&amp;#x27;xpath&amp;#x27;, &amp;#x27;//*[@id=&amp;quot;root&amp;quot;]/div[1]/div[4]/div/div/form/div[1]/div[1]/span/div/input&amp;#x27;)\nname_value = &amp;#x27;hello_world&amp;#x27;\ncode_id = (&amp;#x27;xpath&amp;#x27;, &amp;#x27;//*[@id=&amp;quot;root&amp;quot;]/div[1]/div[4]/div/div/form/div[1]/div[2]/span/div/input&amp;#x27;)\ncode_value = &amp;#x27;12345&amp;#x27;\nmin_cart_id = (&amp;#x27;xpath&amp;#x27;, &amp;#x27;//*[@id=&amp;quot;root&amp;quot;]/div[1]/div[4]/div/div/form/div[1]/div[3]/span/div/input&amp;#x27;)\nmin_cart_value = &amp;#x27;100&amp;#x27;\nstart_date_id = (&amp;#x27;xpath&amp;#x27;, &amp;#x27;//*[@id=&amp;quot;root&amp;quot;]/div[1]/div[4]/div/div/form/div[1]/div[5]/div[1]/div[1]/span/div/input&amp;#x27;)\nstart_date_value = &amp;#x27;15/01/2024&amp;#x27;\nend_date_id = (&amp;#x27;xpath&amp;#x27;, &amp;#x27;//*[@id=&amp;quot;root&amp;quot;]/div[1]/div[4]/div/div/form/div[1]/div[5]/div[1]/div[2]/span/div/input&amp;#x27;)\nend_date_value = &amp;#x27;26/08/24&amp;#x27;\ndiscount_amount_id = (&amp;#x27;xpath&amp;#x27;, &amp;#x27;//*[@id=&amp;quot;root&amp;quot;]/div[1]/div[4]/div/div/form/div[1]/div[6]/div[1]/div[1]/span/div/input&amp;#x27;)\ndiscount_amount_value = &amp;#x27;&amp;#x27;\ndiscount_type_id = (&amp;#x27;xpath&amp;#x27;, &amp;#x27;//*[@id=&amp;quot;root&amp;quot;]/div[1]/div[4]/div/div/form/div[1]/div[6]/div[1]/div[2]/div[1]/span[1]/div[2]/div/div[2]&amp;#x27;)\nvalidation_message = (&amp;#x27;xpath&amp;#x27;, &amp;#x27;//*[@id=&amp;quot;root&amp;quot;]/div[1]/div[4]/div/div/form/div[1]/div[6]/div[1]/div[1]/span/div/input&amp;#x27;)\n\n    @pytest.mark.parametrize(PD.test_test_4_2_add_invalid_keys,PD.test_4_2_add_invalid_values)\n    def test_4_2_add_invalid(driver,name_id,name_value,code_id,code_value,min_cart_id,min_cart_value,start_date_id ,start_date_value, end_date_id,end_date_value, discount_amount_id,discount_amount_value,discount_type_id,validation_message):\n        actions = Actions(driver)\n        driver.implicitly_wait(5)\n        coupons = actions.find_element(TD.coupon_btn)\n        coupons.click()\n        time.sleep(3)\n    \n        menu = actions.find_element(TD.drop_down_manu)\n        menu.click()\n    \n        add_btn = actions.find_element(TD.add_btn)\n        add_btn.click()\n    \n        name_field = actions.find_element(name_id)\n        name_field.send_keys(name_value)\n    \n        code_field = actions.find_element(code_id)\n        code_field.send_keys(code_value)\n    \n        min_cart_field = actions.find_element(min_cart_id)\n        min_cart_field.send_keys(min_cart_value)\n    \n        start_date = actions.find_element(start_date_id)\n        start_date.send_keys(start_date_value)\n    \n        end_date = actions.find_element(end_date_id)\n        end_date.send_keys(end_date_value)\n    \n        discount_amount = actions.find_element(discount_amount_id)\n        discount_amount.send_keys(discount_amount_value)\n    \n        discount_tyoe_manu = actions.find_element(TD.add_form_type)\n        discount_tyoe_manu.click()\n    \n        discount_type = actions.find_element(discount_type_id)\n        discount_type.click()\n    \n        final_add_button = actions.find_element(TD.final_add_btn)\n        final_add_button.click()\n    \n        validation = actions.find_element(validation_message)\n        validation_text = validation.get_attribute(&amp;#x27;validationMessage&amp;#x27;)\n    \n&amp;gt;       assert validation_text == &amp;#x27;Please fill in this field.&amp;#x27;\nE       AssertionError: assert &amp;#x27;Please fill out this field.&amp;#x27; == &amp;#x27;Please fill in this field.&amp;#x27;\nE         \nE         - Please fill in this field.\nE         ?             ^^\nE         + Please fill out this field.\nE         ?             ^^^\n\ntests\\test_Oz_coupons_tests.py:51: AssertionError\n&#34;}], &#34;tests/test_Oz_coupons_tests.py::test_4_2_add_invalid[name_id6-hello_world-code_id6-12345-min_cart_id6-100-start_date_id6-15/01/2024-end_date_id6-26/08/24-discount_amount_id6-30--validation_message6]&#34;: [{&#34;extras&#34;: [], &#34;result&#34;: &#34;Failed&#34;, &#34;testId&#34;: &#34;tests/test_Oz_coupons_tests.py::test_4_2_add_invalid[name_id6-hello_world-code_id6-12345-min_cart_id6-100-start_date_id6-15/01/2024-end_date_id6-26/08/24-discount_amount_id6-30--validation_message6]&#34;, &#34;duration&#34;: &#34;00:00:34&#34;, &#34;resultsTableRow&#34;: [&#34;&lt;td class=\&#34;col-result\&#34;&gt;Failed&lt;/td&gt;&#34;, &#34;&lt;td class=\&#34;col-testId\&#34;&gt;tests/test_Oz_coupons_tests.py::test_4_2_add_invalid[name_id6-hello_world-code_id6-12345-min_cart_id6-100-start_date_id6-15/01/2024-end_date_id6-26/08/24-discount_amount_id6-30--validation_message6]&lt;/td&gt;&#34;, &#34;&lt;td class=\&#34;col-duration\&#34;&gt;00:00:34&lt;/td&gt;&#34;, &#34;&lt;td class=\&#34;col-links\&#34;&gt;&lt;/td&gt;&#34;], &#34;log&#34;: &#34;driver = &amp;lt;selenium.webdriver.chrome.webdriver.WebDriver (session=&amp;quot;c2761432f6c56a61b593fa698a9c9561&amp;quot;)&amp;gt;\nname_id = (&amp;#x27;xpath&amp;#x27;, &amp;#x27;//*[@id=&amp;quot;root&amp;quot;]/div[1]/div[4]/div/div/form/div[1]/div[1]/span/div/input&amp;#x27;)\nname_value = &amp;#x27;hello_world&amp;#x27;\ncode_id = (&amp;#x27;xpath&amp;#x27;, &amp;#x27;//*[@id=&amp;quot;root&amp;quot;]/div[1]/div[4]/div/div/form/div[1]/div[2]/span/div/input&amp;#x27;)\ncode_value = &amp;#x27;12345&amp;#x27;\nmin_cart_id = (&amp;#x27;xpath&amp;#x27;, &amp;#x27;//*[@id=&amp;quot;root&amp;quot;]/div[1]/div[4]/div/div/form/div[1]/div[3]/span/div/input&amp;#x27;)\nmin_cart_value = &amp;#x27;100&amp;#x27;\nstart_date_id = (&amp;#x27;xpath&amp;#x27;, &amp;#x27;//*[@id=&amp;quot;root&amp;quot;]/div[1]/div[4]/div/div/form/div[1]/div[5]/div[1]/div[1]/span/div/input&amp;#x27;)\nstart_date_value = &amp;#x27;15/01/2024&amp;#x27;\nend_date_id = (&amp;#x27;xpath&amp;#x27;, &amp;#x27;//*[@id=&amp;quot;root&amp;quot;]/div[1]/div[4]/div/div/form/div[1]/div[5]/div[1]/div[2]/span/div/input&amp;#x27;)\nend_date_value = &amp;#x27;26/08/24&amp;#x27;\ndiscount_amount_id = (&amp;#x27;xpath&amp;#x27;, &amp;#x27;//*[@id=&amp;quot;root&amp;quot;]/div[1]/div[4]/div/div/form/div[1]/div[6]/div[1]/div[1]/span/div/input&amp;#x27;)\ndiscount_amount_value = &amp;#x27;30&amp;#x27;, discount_type_id = &amp;#x27;&amp;#x27;\nvalidation_message = (&amp;#x27;xpath&amp;#x27;, &amp;#x27;//*[@id=&amp;quot;root&amp;quot;]/div[1]/div[4]/div/div/form/div[1]/div[6]/div[1]/div[2]/div[1]/span[1]/div[2]/div/div[2]&amp;#x27;)\n\n    @pytest.mark.parametrize(PD.test_test_4_2_add_invalid_keys,PD.test_4_2_add_invalid_values)\n    def test_4_2_add_invalid(driver,name_id,name_value,code_id,code_value,min_cart_id,min_cart_value,start_date_id ,start_date_value, end_date_id,end_date_value, discount_amount_id,discount_amount_value,discount_type_id,validation_message):\n        actions = Actions(driver)\n        driver.implicitly_wait(5)\n        coupons = actions.find_element(TD.coupon_btn)\n        coupons.click()\n        time.sleep(3)\n    \n        menu = actions.find_element(TD.drop_down_manu)\n        menu.click()\n    \n        add_btn = actions.find_element(TD.add_btn)\n        add_btn.click()\n    \n        name_field = actions.find_element(name_id)\n        name_field.send_keys(name_value)\n    \n        code_field = actions.find_element(code_id)\n        code_field.send_keys(code_value)\n    \n        min_cart_field = actions.find_element(min_cart_id)\n        min_cart_field.send_keys(min_cart_value)\n    \n        start_date = actions.find_element(start_date_id)\n        start_date.send_keys(start_date_value)\n    \n        end_date = actions.find_element(end_date_id)\n        end_date.send_keys(end_date_value)\n    \n        discount_amount = actions.find_element(discount_amount_id)\n        discount_amount.send_keys(discount_amount_value)\n    \n        discount_tyoe_manu = actions.find_element(TD.add_form_type)\n        discount_tyoe_manu.click()\n    \n&amp;gt;       discount_type = actions.find_element(discount_type_id)\n\ntests\\test_Oz_coupons_tests.py:42: \n_ _ _ _ _ _ _ _ _ _ _ _ _ _ _ _ _ _ _ _ _ _ _ _ _ _ _ _ _ _ _ _ _ _ _ _ _ _ _ _ _ _ _ _ \ncommon\\actions.py:24: in find_element\n    element = WebDriverWait(self.driver, 5).until(EC.presence_of_element_located(selector))\n_ _ _ _ _ _ _ _ _ _ _ _ _ _ _ _ _ _ _ _ _ _ _ _ _ _ _ _ _ _ _ _ _ _ _ _ _ _ _ _ _ _ _ _ \n\nself = &amp;lt;selenium.webdriver.support.wait.WebDriverWait (session=&amp;quot;c2761432f6c56a61b593fa698a9c9561&amp;quot;)&amp;gt;\nmethod = &amp;lt;function presence_of_element_located.&amp;lt;locals&amp;gt;._predicate at 0x000001E2A1B6B1A0&amp;gt;\nmessage = &amp;#x27;&amp;#x27;\n\n    def until(self, method: Callable[[D], Union[Literal[False], T]], message: str = &amp;quot;&amp;quot;) -&amp;gt; T:\n        &amp;quot;&amp;quot;&amp;quot;Calls the method provided with the driver as an argument until the \\\n        return value does not evaluate to ``False``.\n    \n        :param method: callable(WebDriver)\n        :param message: optional message for :exc:`TimeoutException`\n        :returns: the result of the last call to `method`\n        :raises: :exc:`selenium.common.exceptions.TimeoutException` if timeout occurs\n        &amp;quot;&amp;quot;&amp;quot;\n        screen = None\n        stacktrace = None\n    \n        end_time = time.monotonic() + self._timeout\n        while True:\n            try:\n                value = method(self._driver)\n                if value:\n                    return value\n            except self._ignored_exceptions as exc:\n                screen = getattr(exc, &amp;quot;screen&amp;quot;, None)\n                stacktrace = getattr(exc, &amp;quot;stacktrace&amp;quot;, None)\n            time.sleep(self._poll)\n            if time.monotonic() &amp;gt; end_time:\n                break\n&amp;gt;       raise TimeoutException(message, screen, stacktrace)\nE       selenium.common.exceptions.TimeoutException: Message: \nE       Stacktrace:\nE       \tGetHandleVerifier [0x00884CE3+225091]\nE       \t(No symbol) [0x007B4E31]\nE       \t(No symbol) [0x00659A7A]\nE       \t(No symbol) [0x0069175B]\nE       \t(No symbol) [0x0069188B]\nE       \t(No symbol) [0x006C7882]\nE       \t(No symbol) [0x006AF5A4]\nE       \t(No symbol) [0x006C5CB0]\nE       \t(No symbol) [0x006AF2F6]\nE       \t(No symbol) [0x006879B9]\nE       \t(No symbol) [0x0068879D]\nE       \tsqlite3_dbdata_init [0x00CF9A83+4064547]\nE       \tsqlite3_dbdata_init [0x00D0108A+4094762]\nE       \tsqlite3_dbdata_init [0x00CFB988+4072488]\nE       \tsqlite3_dbdata_init [0x009FC9E9+930953]\nE       \t(No symbol) [0x007C0804]\nE       \t(No symbol) [0x007BAD28]\nE       \t(No symbol) [0x007BAE51]\nE       \t(No symbol) [0x007ACAC0]\nE       \tBaseThreadInitThunk [0x74FFFCC9+25]\nE       \tRtlGetAppContainerNamedObjectPath [0x771C7C5E+286]\nE       \tRtlGetAppContainerNamedObjectPath [0x771C7C2E+238]\n\n.venv\\Lib\\site-packages\\selenium\\webdriver\\support\\wait.py:105: TimeoutException\n&#34;}], &#34;tests/test_Oz_coupons_tests.py::test_4_2_add_valid[name_id0-hello_workd-code_id0-123453-min_cart_id0-100-start_date_id0-15/01/2024-end_date_id0-26/08/2024-discount_amount_id0-30-discount_type_id0]&#34;: [{&#34;extras&#34;: [], &#34;result&#34;: &#34;Failed&#34;, &#34;testId&#34;: &#34;tests/test_Oz_coupons_tests.py::test_4_2_add_valid[name_id0-hello_workd-code_id0-123453-min_cart_id0-100-start_date_id0-15/01/2024-end_date_id0-26/08/2024-discount_amount_id0-30-discount_type_id0]&#34;, &#34;duration&#34;: &#34;00:00:26&#34;, &#34;resultsTableRow&#34;: [&#34;&lt;td class=\&#34;col-result\&#34;&gt;Failed&lt;/td&gt;&#34;, &#34;&lt;td class=\&#34;col-testId\&#34;&gt;tests/test_Oz_coupons_tests.py::test_4_2_add_valid[name_id0-hello_workd-code_id0-123453-min_cart_id0-100-start_date_id0-15/01/2024-end_date_id0-26/08/2024-discount_amount_id0-30-discount_type_id0]&lt;/td&gt;&#34;, &#34;&lt;td class=\&#34;col-duration\&#34;&gt;00:00:26&lt;/td&gt;&#34;, &#34;&lt;td class=\&#34;col-links\&#34;&gt;&lt;/td&gt;&#34;], &#34;log&#34;: &#34;driver = &amp;lt;selenium.webdriver.chrome.webdriver.WebDriver (session=&amp;quot;9b4114d23457c7cf636797cea3960346&amp;quot;)&amp;gt;\nname_id = (&amp;#x27;xpath&amp;#x27;, &amp;#x27;//*[@id=&amp;quot;root&amp;quot;]/div[1]/div[4]/div/div/form/div[1]/div[1]/span/div/input&amp;#x27;)\nname_value = &amp;#x27;hello_workd&amp;#x27;\ncode_id = (&amp;#x27;xpath&amp;#x27;, &amp;#x27;//*[@id=&amp;quot;root&amp;quot;]/div[1]/div[4]/div/div/form/div[1]/div[2]/span/div/input&amp;#x27;)\ncode_value = &amp;#x27;123453&amp;#x27;\nmin_cart_id = (&amp;#x27;xpath&amp;#x27;, &amp;#x27;//*[@id=&amp;quot;root&amp;quot;]/div[1]/div[4]/div/div/form/div[1]/div[3]/span/div/input&amp;#x27;)\nmin_cart_value = &amp;#x27;100&amp;#x27;\nstart_date_id = (&amp;#x27;xpath&amp;#x27;, &amp;#x27;//*[@id=&amp;quot;root&amp;quot;]/div[1]/div[4]/div/div/form/div[1]/div[5]/div[1]/div[1]/span/div/input&amp;#x27;)\nstart_date_value = &amp;#x27;15/01/2024&amp;#x27;\nend_date_id = (&amp;#x27;xpath&amp;#x27;, &amp;#x27;//*[@id=&amp;quot;root&amp;quot;]/div[1]/div[4]/div/div/form/div[1]/div[5]/div[1]/div[2]/span/div/input&amp;#x27;)\nend_date_value = &amp;#x27;26/08/2024&amp;#x27;\ndiscount_amount_id = (&amp;#x27;xpath&amp;#x27;, &amp;#x27;//*[@id=&amp;quot;root&amp;quot;]/div[1]/div[4]/div/div/form/div[1]/div[6]/div[1]/div[1]/span/div/input&amp;#x27;)\ndiscount_amount_value = &amp;#x27;30&amp;#x27;\ndiscount_type_id = (&amp;#x27;xpath&amp;#x27;, &amp;#x27;//*[@id=&amp;quot;root&amp;quot;]/div[1]/div[4]/div/div/form/div[1]/div[6]/div[1]/div[2]/div[1]/span[1]/div[2]/div/div[1]&amp;#x27;)\n\n    @pytest.mark.parametrize(PD.test_4_2_add_valid_keys,PD.test_4_2_add_valid_values)\n    def test_4_2_add_valid(driver,name_id,name_value,code_id,code_value,min_cart_id,min_cart_value,start_date_id ,start_date_value, end_date_id,end_date_value, discount_amount_id,discount_amount_value,discount_type_id):\n        actions = Actions(driver)\n        driver.implicitly_wait(5)\n        coupons = actions.find_element(TD.coupon_btn)\n        coupons.click()\n        time.sleep(3)\n    \n        menu = actions.find_element(TD.drop_down_manu)\n        menu.click()\n    \n        add_btn = actions.find_element(TD.add_btn)\n        add_btn.click()\n    \n        name_field = actions.find_element(name_id)\n        name_field.send_keys(name_value)\n    \n        code_field = actions.find_element(code_id)\n        code_field.send_keys(code_value)\n    \n        min_cart_field = actions.find_element(min_cart_id)\n        min_cart_field.send_keys(min_cart_value)\n    \n        start_date = actions.find_element(start_date_id)\n        start_date.send_keys(start_date_value)\n    \n        end_date = actions.find_element(end_date_id)\n        end_date.send_keys(end_date_value)\n    \n        discount_amount = actions.find_element(discount_amount_id)\n        discount_amount.send_keys(discount_amount_value)\n    \n        discount_tyoe_manu = actions.find_element(TD.add_form_type)\n        discount_tyoe_manu.click()\n    \n        discount_type = actions.find_element(discount_type_id)\n        discount_type.click()\n    \n        final_add_button = actions.find_element(TD.final_add_btn)\n        final_add_button.click()\n    \n&amp;gt;       sucsess_mess = actions.find_element(TD.sucsess_mess)\nE       AttributeError: module &amp;#x27;test_data.test_data&amp;#x27; has no attribute &amp;#x27;sucsess_mess&amp;#x27;. Did you mean: &amp;#x27;success_mess&amp;#x27;?\n\ntests\\test_Oz_coupons_tests.py:96: AttributeError\n&#34;}], &#34;tests/test_Oz_coupons_tests.py::test_4_4_search_by[not hello-xpath0-innerText]&#34;: [{&#34;extras&#34;: [], &#34;result&#34;: &#34;Failed&#34;, &#34;testId&#34;: &#34;tests/test_Oz_coupons_tests.py::test_4_4_search_by[not hello-xpath0-innerText]&#34;, &#34;duration&#34;: &#34;00:00:26&#34;, &#34;resultsTableRow&#34;: [&#34;&lt;td class=\&#34;col-result\&#34;&gt;Failed&lt;/td&gt;&#34;, &#34;&lt;td class=\&#34;col-testId\&#34;&gt;tests/test_Oz_coupons_tests.py::test_4_4_search_by[not hello-xpath0-innerText]&lt;/td&gt;&#34;, &#34;&lt;td class=\&#34;col-duration\&#34;&gt;00:00:26&lt;/td&gt;&#34;, &#34;&lt;td class=\&#34;col-links\&#34;&gt;&lt;/td&gt;&#34;], &#34;log&#34;: &#34;driver = &amp;lt;selenium.webdriver.chrome.webdriver.WebDriver (session=&amp;quot;2286552edf0113689318977b2a02b48f&amp;quot;)&amp;gt;\nsearch_value = &amp;#x27;not hello&amp;#x27;\nxpath = (&amp;#x27;xpath&amp;#x27;, &amp;#x27;//*[@id=&amp;quot;root&amp;quot;]/div[1]/div[4]/div/div/form/div[1]/div[1]/span/div/input&amp;#x27;)\nattribute = &amp;#x27;innerText&amp;#x27;\n\n    @pytest.mark.parametrize(PD.test_4_4_search_by_keys,PD.test_4_4_search_by_values)\n    def test_4_4_search_by(driver,search_value,xpath,attribute):\n        actions = Actions(driver)\n        coupons = actions.find_element(TD.coupon_btn)\n        coupons.click()\n        search_bar = actions.find_element(TD.search_bar)\n        search_bar.send_keys(search_value)\n    \n&amp;gt;       elements = driver.find_elements(TD.elements)\n\ntests\\test_Oz_coupons_tests.py:111: \n_ _ _ _ _ _ _ _ _ _ _ _ _ _ _ _ _ _ _ _ _ _ _ _ _ _ _ _ _ _ _ _ _ _ _ _ _ _ _ _ _ _ _ _ \n.venv\\Lib\\site-packages\\selenium\\webdriver\\remote\\webdriver.py:771: in find_elements\n    return self.execute(Command.FIND_ELEMENTS, {&amp;quot;using&amp;quot;: by, &amp;quot;value&amp;quot;: value})[&amp;quot;value&amp;quot;] or []\n.venv\\Lib\\site-packages\\selenium\\webdriver\\remote\\webdriver.py:347: in execute\n    self.error_handler.check_response(response)\n_ _ _ _ _ _ _ _ _ _ _ _ _ _ _ _ _ _ _ _ _ _ _ _ _ _ _ _ _ _ _ _ _ _ _ _ _ _ _ _ _ _ _ _ \n\nself = &amp;lt;selenium.webdriver.remote.errorhandler.ErrorHandler object at 0x000001E2A1B9BC50&amp;gt;\nresponse = {&amp;#x27;status&amp;#x27;: 400, &amp;#x27;value&amp;#x27;: &amp;#x27;{&amp;quot;value&amp;quot;:{&amp;quot;error&amp;quot;:&amp;quot;invalid argument&amp;quot;,&amp;quot;message&amp;quot;:&amp;quot;invalid argument: \\&amp;#x27;using\\&amp;#x27; must be a string...\\n\\\\tRtlGetAppContainerNamedObjectPath [0x771C7C5E+286]\\\\n\\\\tRtlGetAppContainerNamedObjectPath [0x771C7C2E+238]\\\\n&amp;quot;}}&amp;#x27;}\n\n    def check_response(self, response: Dict[str, Any]) -&amp;gt; None:\n        &amp;quot;&amp;quot;&amp;quot;Checks that a JSON response from the WebDriver does not have an\n        error.\n    \n        :Args:\n         - response - The JSON response from the WebDriver server as a dictionary\n           object.\n    \n        :Raises: If the response contains an error message.\n        &amp;quot;&amp;quot;&amp;quot;\n        status = response.get(&amp;quot;status&amp;quot;, None)\n        if not status or status == ErrorCode.SUCCESS:\n            return\n        value = None\n        message = response.get(&amp;quot;message&amp;quot;, &amp;quot;&amp;quot;)\n        screen: str = response.get(&amp;quot;screen&amp;quot;, &amp;quot;&amp;quot;)\n        stacktrace = None\n        if isinstance(status, int):\n            value_json = response.get(&amp;quot;value&amp;quot;, None)\n            if value_json and isinstance(value_json, str):\n                import json\n    \n                try:\n                    value = json.loads(value_json)\n                    if len(value) == 1:\n                        value = value[&amp;quot;value&amp;quot;]\n                    status = value.get(&amp;quot;error&amp;quot;, None)\n                    if not status:\n                        status = value.get(&amp;quot;status&amp;quot;, ErrorCode.UNKNOWN_ERROR)\n                        message = value.get(&amp;quot;value&amp;quot;) or value.get(&amp;quot;message&amp;quot;)\n                        if not isinstance(message, str):\n                            value = message\n                            message = message.get(&amp;quot;message&amp;quot;)\n                    else:\n                        message = value.get(&amp;quot;message&amp;quot;, None)\n                except ValueError:\n                    pass\n    \n        exception_class: Type[WebDriverException]\n        e = ErrorCode()\n        error_codes = [item for item in dir(e) if not item.startswith(&amp;quot;__&amp;quot;)]\n        for error_code in error_codes:\n            error_info = getattr(ErrorCode, error_code)\n            if isinstance(error_info, list) and status in error_info:\n                exception_class = getattr(ExceptionMapping, error_code, WebDriverException)\n                break\n        else:\n            exception_class = WebDriverException\n    \n        if not value:\n            value = response[&amp;quot;value&amp;quot;]\n        if isinstance(value, str):\n            raise exception_class(value)\n        if message == &amp;quot;&amp;quot; and &amp;quot;message&amp;quot; in value:\n            message = value[&amp;quot;message&amp;quot;]\n    \n        screen = None  # type: ignore[assignment]\n        if &amp;quot;screen&amp;quot; in value:\n            screen = value[&amp;quot;screen&amp;quot;]\n    \n        stacktrace = None\n        st_value = value.get(&amp;quot;stackTrace&amp;quot;) or value.get(&amp;quot;stacktrace&amp;quot;)\n        if st_value:\n            if isinstance(st_value, str):\n                stacktrace = st_value.split(&amp;quot;\\n&amp;quot;)\n            else:\n                stacktrace = []\n                try:\n                    for frame in st_value:\n                        line = frame.get(&amp;quot;lineNumber&amp;quot;, &amp;quot;&amp;quot;)\n                        file = frame.get(&amp;quot;fileName&amp;quot;, &amp;quot;&amp;lt;anonymous&amp;gt;&amp;quot;)\n                        if line:\n                            file = f&amp;quot;{file}:{line}&amp;quot;\n                        meth = frame.get(&amp;quot;methodName&amp;quot;, &amp;quot;&amp;lt;anonymous&amp;gt;&amp;quot;)\n                        if &amp;quot;className&amp;quot; in frame:\n                            meth = f&amp;quot;{frame[&amp;#x27;className&amp;#x27;]}.{meth}&amp;quot;\n                        msg = &amp;quot;    at %s (%s)&amp;quot;\n                        msg = msg % (meth, file)\n                        stacktrace.append(msg)\n                except TypeError:\n                    pass\n        if exception_class == UnexpectedAlertPresentException:\n            alert_text = None\n            if &amp;quot;data&amp;quot; in value:\n                alert_text = value[&amp;quot;data&amp;quot;].get(&amp;quot;text&amp;quot;)\n            elif &amp;quot;alert&amp;quot; in value:\n                alert_text = value[&amp;quot;alert&amp;quot;].get(&amp;quot;text&amp;quot;)\n            raise exception_class(message, screen, stacktrace, alert_text)  # type: ignore[call-arg]  # mypy is not smart enough here\n&amp;gt;       raise exception_class(message, screen, stacktrace)\nE       selenium.common.exceptions.InvalidArgumentException: Message: invalid argument: &amp;#x27;using&amp;#x27; must be a string\nE         (Session info: chrome=123.0.6312.106)\nE       Stacktrace:\nE       \tGetHandleVerifier [0x00884CE3+225091]\nE       \t(No symbol) [0x007B4E31]\nE       \t(No symbol) [0x00659A7A]\nE       \t(No symbol) [0x00691689]\nE       \t(No symbol) [0x0069188B]\nE       \t(No symbol) [0x006C78BC]\nE       \t(No symbol) [0x006AF5A4]\nE       \t(No symbol) [0x006C5CB0]\nE       \t(No symbol) [0x006AF2F6]\nE       \t(No symbol) [0x006879B9]\nE       \t(No symbol) [0x0068879D]\nE       \tsqlite3_dbdata_init [0x00CF9A83+4064547]\nE       \tsqlite3_dbdata_init [0x00D0108A+4094762]\nE       \tsqlite3_dbdata_init [0x00CFB988+4072488]\nE       \tsqlite3_dbdata_init [0x009FC9E9+930953]\nE       \t(No symbol) [0x007C0804]\nE       \t(No symbol) [0x007BAD28]\nE       \t(No symbol) [0x007BAE51]\nE       \t(No symbol) [0x007ACAC0]\nE       \tBaseThreadInitThunk [0x74FFFCC9+25]\nE       \tRtlGetAppContainerNamedObjectPath [0x771C7C5E+286]\nE       \tRtlGetAppContainerNamedObjectPath [0x771C7C2E+238]\n\n.venv\\Lib\\site-packages\\selenium\\webdriver\\remote\\errorhandler.py:229: InvalidArgumentException\n&#34;}], &#34;tests/test_Oz_coupons_tests.py::test_4_4_search_by[\\u05d0\\u05dc\\u05dc\\u05d9\\u05df \\u05d0\\u05e6\\u05e0\\u05e3-xpath1-innerText]&#34;: [{&#34;extras&#34;: [], &#34;result&#34;: &#34;Failed&#34;, &#34;testId&#34;: &#34;tests/test_Oz_coupons_tests.py::test_4_4_search_by[\\u05d0\\u05dc\\u05dc\\u05d9\\u05df \\u05d0\\u05e6\\u05e0\\u05e3-xpath1-innerText]&#34;, &#34;duration&#34;: &#34;00:00:19&#34;, &#34;resultsTableRow&#34;: [&#34;&lt;td class=\&#34;col-result\&#34;&gt;Failed&lt;/td&gt;&#34;, &#34;&lt;td class=\&#34;col-testId\&#34;&gt;tests/test_Oz_coupons_tests.py::test_4_4_search_by[\\u05d0\\u05dc\\u05dc\\u05d9\\u05df \\u05d0\\u05e6\\u05e0\\u05e3-xpath1-innerText]&lt;/td&gt;&#34;, &#34;&lt;td class=\&#34;col-duration\&#34;&gt;00:00:19&lt;/td&gt;&#34;, &#34;&lt;td class=\&#34;col-links\&#34;&gt;&lt;/td&gt;&#34;], &#34;log&#34;: &#34;driver = &amp;lt;selenium.webdriver.chrome.webdriver.WebDriver (session=&amp;quot;07886504ab6a56a8d1d6f71a69ad5b9d&amp;quot;)&amp;gt;\nsearch_value = &amp;#x27;\u05d0\u05dc\u05dc\u05d9\u05df \u05d0\u05e6\u05e0\u05e3&amp;#x27;\nxpath = (&amp;#x27;xpath&amp;#x27;, &amp;#x27;//*[@id=&amp;quot;root&amp;quot;]/div[1]/div[4]/div/div/form/div[1]/div[1]/span/div/input&amp;#x27;)\nattribute = &amp;#x27;innerText&amp;#x27;\n\n    @pytest.mark.parametrize(PD.test_4_4_search_by_keys,PD.test_4_4_search_by_values)\n    def test_4_4_search_by(driver,search_value,xpath,attribute):\n        actions = Actions(driver)\n        coupons = actions.find_element(TD.coupon_btn)\n        coupons.click()\n        search_bar = actions.find_element(TD.search_bar)\n        search_bar.send_keys(search_value)\n    \n&amp;gt;       elements = driver.find_elements(TD.elements)\n\ntests\\test_Oz_coupons_tests.py:111: \n_ _ _ _ _ _ _ _ _ _ _ _ _ _ _ _ _ _ _ _ _ _ _ _ _ _ _ _ _ _ _ _ _ _ _ _ _ _ _ _ _ _ _ _ \n.venv\\Lib\\site-packages\\selenium\\webdriver\\remote\\webdriver.py:771: in find_elements\n    return self.execute(Command.FIND_ELEMENTS, {&amp;quot;using&amp;quot;: by, &amp;quot;value&amp;quot;: value})[&amp;quot;value&amp;quot;] or []\n.venv\\Lib\\site-packages\\selenium\\webdriver\\remote\\webdriver.py:347: in execute\n    self.error_handler.check_response(response)\n_ _ _ _ _ _ _ _ _ _ _ _ _ _ _ _ _ _ _ _ _ _ _ _ _ _ _ _ _ _ _ _ _ _ _ _ _ _ _ _ _ _ _ _ \n\nself = &amp;lt;selenium.webdriver.remote.errorhandler.ErrorHandler object at 0x000001E2A1B9A540&amp;gt;\nresponse = {&amp;#x27;status&amp;#x27;: 400, &amp;#x27;value&amp;#x27;: &amp;#x27;{&amp;quot;value&amp;quot;:{&amp;quot;error&amp;quot;:&amp;quot;invalid argument&amp;quot;,&amp;quot;message&amp;quot;:&amp;quot;invalid argument: \\&amp;#x27;using\\&amp;#x27; must be a string...\\n\\\\tRtlGetAppContainerNamedObjectPath [0x771C7C5E+286]\\\\n\\\\tRtlGetAppContainerNamedObjectPath [0x771C7C2E+238]\\\\n&amp;quot;}}&amp;#x27;}\n\n    def check_response(self, response: Dict[str, Any]) -&amp;gt; None:\n        &amp;quot;&amp;quot;&amp;quot;Checks that a JSON response from the WebDriver does not have an\n        error.\n    \n        :Args:\n         - response - The JSON response from the WebDriver server as a dictionary\n           object.\n    \n        :Raises: If the response contains an error message.\n        &amp;quot;&amp;quot;&amp;quot;\n        status = response.get(&amp;quot;status&amp;quot;, None)\n        if not status or status == ErrorCode.SUCCESS:\n            return\n        value = None\n        message = response.get(&amp;quot;message&amp;quot;, &amp;quot;&amp;quot;)\n        screen: str = response.get(&amp;quot;screen&amp;quot;, &amp;quot;&amp;quot;)\n        stacktrace = None\n        if isinstance(status, int):\n            value_json = response.get(&amp;quot;value&amp;quot;, None)\n            if value_json and isinstance(value_json, str):\n                import json\n    \n                try:\n                    value = json.loads(value_json)\n                    if len(value) == 1:\n                        value = value[&amp;quot;value&amp;quot;]\n                    status = value.get(&amp;quot;error&amp;quot;, None)\n                    if not status:\n                        status = value.get(&amp;quot;status&amp;quot;, ErrorCode.UNKNOWN_ERROR)\n                        message = value.get(&amp;quot;value&amp;quot;) or value.get(&amp;quot;message&amp;quot;)\n                        if not isinstance(message, str):\n                            value = message\n                            message = message.get(&amp;quot;message&amp;quot;)\n                    else:\n                        message = value.get(&amp;quot;message&amp;quot;, None)\n                except ValueError:\n                    pass\n    \n        exception_class: Type[WebDriverException]\n        e = ErrorCode()\n        error_codes = [item for item in dir(e) if not item.startswith(&amp;quot;__&amp;quot;)]\n        for error_code in error_codes:\n            error_info = getattr(ErrorCode, error_code)\n            if isinstance(error_info, list) and status in error_info:\n                exception_class = getattr(ExceptionMapping, error_code, WebDriverException)\n                break\n        else:\n            exception_class = WebDriverException\n    \n        if not value:\n            value = response[&amp;quot;value&amp;quot;]\n        if isinstance(value, str):\n            raise exception_class(value)\n        if message == &amp;quot;&amp;quot; and &amp;quot;message&amp;quot; in value:\n            message = value[&amp;quot;message&amp;quot;]\n    \n        screen = None  # type: ignore[assignment]\n        if &amp;quot;screen&amp;quot; in value:\n            screen = value[&amp;quot;screen&amp;quot;]\n    \n        stacktrace = None\n        st_value = value.get(&amp;quot;stackTrace&amp;quot;) or value.get(&amp;quot;stacktrace&amp;quot;)\n        if st_value:\n            if isinstance(st_value, str):\n                stacktrace = st_value.split(&amp;quot;\\n&amp;quot;)\n            else:\n                stacktrace = []\n                try:\n                    for frame in st_value:\n                        line = frame.get(&amp;quot;lineNumber&amp;quot;, &amp;quot;&amp;quot;)\n                        file = frame.get(&amp;quot;fileName&amp;quot;, &amp;quot;&amp;lt;anonymous&amp;gt;&amp;quot;)\n                        if line:\n                            file = f&amp;quot;{file}:{line}&amp;quot;\n                        meth = frame.get(&amp;quot;methodName&amp;quot;, &amp;quot;&amp;lt;anonymous&amp;gt;&amp;quot;)\n                        if &amp;quot;className&amp;quot; in frame:\n                            meth = f&amp;quot;{frame[&amp;#x27;className&amp;#x27;]}.{meth}&amp;quot;\n                        msg = &amp;quot;    at %s (%s)&amp;quot;\n                        msg = msg % (meth, file)\n                        stacktrace.append(msg)\n                except TypeError:\n                    pass\n        if exception_class == UnexpectedAlertPresentException:\n            alert_text = None\n            if &amp;quot;data&amp;quot; in value:\n                alert_text = value[&amp;quot;data&amp;quot;].get(&amp;quot;text&amp;quot;)\n            elif &amp;quot;alert&amp;quot; in value:\n                alert_text = value[&amp;quot;alert&amp;quot;].get(&amp;quot;text&amp;quot;)\n            raise exception_class(message, screen, stacktrace, alert_text)  # type: ignore[call-arg]  # mypy is not smart enough here\n&amp;gt;       raise exception_class(message, screen, stacktrace)\nE       selenium.common.exceptions.InvalidArgumentException: Message: invalid argument: &amp;#x27;using&amp;#x27; must be a string\nE         (Session info: chrome=123.0.6312.106)\nE       Stacktrace:\nE       \tGetHandleVerifier [0x00884CE3+225091]\nE       \t(No symbol) [0x007B4E31]\nE       \t(No symbol) [0x00659A7A]\nE       \t(No symbol) [0x00691689]\nE       \t(No symbol) [0x0069188B]\nE       \t(No symbol) [0x006C78BC]\nE       \t(No symbol) [0x006AF5A4]\nE       \t(No symbol) [0x006C5CB0]\nE       \t(No symbol) [0x006AF2F6]\nE       \t(No symbol) [0x006879B9]\nE       \t(No symbol) [0x0068879D]\nE       \tsqlite3_dbdata_init [0x00CF9A83+4064547]\nE       \tsqlite3_dbdata_init [0x00D0108A+4094762]\nE       \tsqlite3_dbdata_init [0x00CFB988+4072488]\nE       \tsqlite3_dbdata_init [0x009FC9E9+930953]\nE       \t(No symbol) [0x007C0804]\nE       \t(No symbol) [0x007BAD28]\nE       \t(No symbol) [0x007BAE51]\nE       \t(No symbol) [0x007ACAC0]\nE       \tBaseThreadInitThunk [0x74FFFCC9+25]\nE       \tRtlGetAppContainerNamedObjectPath [0x771C7C5E+286]\nE       \tRtlGetAppContainerNamedObjectPath [0x771C7C2E+238]\n\n.venv\\Lib\\site-packages\\selenium\\webdriver\\remote\\errorhandler.py:229: InvalidArgumentException\n&#34;}], &#34;tests/test_Oz_coupons_tests.py::test_4_4_search_by[@-xpath2-innerText]&#34;: [{&#34;extras&#34;: [], &#34;result&#34;: &#34;Failed&#34;, &#34;testId&#34;: &#34;tests/test_Oz_coupons_tests.py::test_4_4_search_by[@-xpath2-innerText]&#34;, &#34;duration&#34;: &#34;00:00:19&#34;, &#34;resultsTableRow&#34;: [&#34;&lt;td class=\&#34;col-result\&#34;&gt;Failed&lt;/td&gt;&#34;, &#34;&lt;td class=\&#34;col-testId\&#34;&gt;tests/test_Oz_coupons_tests.py::test_4_4_search_by[@-xpath2-innerText]&lt;/td&gt;&#34;, &#34;&lt;td class=\&#34;col-duration\&#34;&gt;00:00:19&lt;/td&gt;&#34;, &#34;&lt;td class=\&#34;col-links\&#34;&gt;&lt;/td&gt;&#34;], &#34;log&#34;: &#34;driver = &amp;lt;selenium.webdriver.chrome.webdriver.WebDriver (session=&amp;quot;22b85213d545379ea1ba84351807df70&amp;quot;)&amp;gt;\nsearch_value = &amp;#x27;@&amp;#x27;\nxpath = (&amp;#x27;xpath&amp;#x27;, &amp;#x27;//*[@id=&amp;quot;root&amp;quot;]/div[1]/div[4]/div/div/form/div[1]/div[1]/span/div/input&amp;#x27;)\nattribute = &amp;#x27;innerText&amp;#x27;\n\n    @pytest.mark.parametrize(PD.test_4_4_search_by_keys,PD.test_4_4_search_by_values)\n    def test_4_4_search_by(driver,search_value,xpath,attribute):\n        actions = Actions(driver)\n        coupons = actions.find_element(TD.coupon_btn)\n        coupons.click()\n        search_bar = actions.find_element(TD.search_bar)\n        search_bar.send_keys(search_value)\n    \n&amp;gt;       elements = driver.find_elements(TD.elements)\n\ntests\\test_Oz_coupons_tests.py:111: \n_ _ _ _ _ _ _ _ _ _ _ _ _ _ _ _ _ _ _ _ _ _ _ _ _ _ _ _ _ _ _ _ _ _ _ _ _ _ _ _ _ _ _ _ \n.venv\\Lib\\site-packages\\selenium\\webdriver\\remote\\webdriver.py:771: in find_elements\n    return self.execute(Command.FIND_ELEMENTS, {&amp;quot;using&amp;quot;: by, &amp;quot;value&amp;quot;: value})[&amp;quot;value&amp;quot;] or []\n.venv\\Lib\\site-packages\\selenium\\webdriver\\remote\\webdriver.py:347: in execute\n    self.error_handler.check_response(response)\n_ _ _ _ _ _ _ _ _ _ _ _ _ _ _ _ _ _ _ _ _ _ _ _ _ _ _ _ _ _ _ _ _ _ _ _ _ _ _ _ _ _ _ _ \n\nself = &amp;lt;selenium.webdriver.remote.errorhandler.ErrorHandler object at 0x000001E2A1B9A810&amp;gt;\nresponse = {&amp;#x27;status&amp;#x27;: 400, &amp;#x27;value&amp;#x27;: &amp;#x27;{&amp;quot;value&amp;quot;:{&amp;quot;error&amp;quot;:&amp;quot;invalid argument&amp;quot;,&amp;quot;message&amp;quot;:&amp;quot;invalid argument: \\&amp;#x27;using\\&amp;#x27; must be a string...\\n\\\\tRtlGetAppContainerNamedObjectPath [0x771C7C5E+286]\\\\n\\\\tRtlGetAppContainerNamedObjectPath [0x771C7C2E+238]\\\\n&amp;quot;}}&amp;#x27;}\n\n    def check_response(self, response: Dict[str, Any]) -&amp;gt; None:\n        &amp;quot;&amp;quot;&amp;quot;Checks that a JSON response from the WebDriver does not have an\n        error.\n    \n        :Args:\n         - response - The JSON response from the WebDriver server as a dictionary\n           object.\n    \n        :Raises: If the response contains an error message.\n        &amp;quot;&amp;quot;&amp;quot;\n        status = response.get(&amp;quot;status&amp;quot;, None)\n        if not status or status == ErrorCode.SUCCESS:\n            return\n        value = None\n        message = response.get(&amp;quot;message&amp;quot;, &amp;quot;&amp;quot;)\n        screen: str = response.get(&amp;quot;screen&amp;quot;, &amp;quot;&amp;quot;)\n        stacktrace = None\n        if isinstance(status, int):\n            value_json = response.get(&amp;quot;value&amp;quot;, None)\n            if value_json and isinstance(value_json, str):\n                import json\n    \n                try:\n                    value = json.loads(value_json)\n                    if len(value) == 1:\n                        value = value[&amp;quot;value&amp;quot;]\n                    status = value.get(&amp;quot;error&amp;quot;, None)\n                    if not status:\n                        status = value.get(&amp;quot;status&amp;quot;, ErrorCode.UNKNOWN_ERROR)\n                        message = value.get(&amp;quot;value&amp;quot;) or value.get(&amp;quot;message&amp;quot;)\n                        if not isinstance(message, str):\n                            value = message\n                            message = message.get(&amp;quot;message&amp;quot;)\n                    else:\n                        message = value.get(&amp;quot;message&amp;quot;, None)\n                except ValueError:\n                    pass\n    \n        exception_class: Type[WebDriverException]\n        e = ErrorCode()\n        error_codes = [item for item in dir(e) if not item.startswith(&amp;quot;__&amp;quot;)]\n        for error_code in error_codes:\n            error_info = getattr(ErrorCode, error_code)\n            if isinstance(error_info, list) and status in error_info:\n                exception_class = getattr(ExceptionMapping, error_code, WebDriverException)\n                break\n        else:\n            exception_class = WebDriverException\n    \n        if not value:\n            value = response[&amp;quot;value&amp;quot;]\n        if isinstance(value, str):\n            raise exception_class(value)\n        if message == &amp;quot;&amp;quot; and &amp;quot;message&amp;quot; in value:\n            message = value[&amp;quot;message&amp;quot;]\n    \n        screen = None  # type: ignore[assignment]\n        if &amp;quot;screen&amp;quot; in value:\n            screen = value[&amp;quot;screen&amp;quot;]\n    \n        stacktrace = None\n        st_value = value.get(&amp;quot;stackTrace&amp;quot;) or value.get(&amp;quot;stacktrace&amp;quot;)\n        if st_value:\n            if isinstance(st_value, str):\n                stacktrace = st_value.split(&amp;quot;\\n&amp;quot;)\n            else:\n                stacktrace = []\n                try:\n                    for frame in st_value:\n                        line = frame.get(&amp;quot;lineNumber&amp;quot;, &amp;quot;&amp;quot;)\n                        file = frame.get(&amp;quot;fileName&amp;quot;, &amp;quot;&amp;lt;anonymous&amp;gt;&amp;quot;)\n                        if line:\n                            file = f&amp;quot;{file}:{line}&amp;quot;\n                        meth = frame.get(&amp;quot;methodName&amp;quot;, &amp;quot;&amp;lt;anonymous&amp;gt;&amp;quot;)\n                        if &amp;quot;className&amp;quot; in frame:\n                            meth = f&amp;quot;{frame[&amp;#x27;className&amp;#x27;]}.{meth}&amp;quot;\n                        msg = &amp;quot;    at %s (%s)&amp;quot;\n                        msg = msg % (meth, file)\n                        stacktrace.append(msg)\n                except TypeError:\n                    pass\n        if exception_class == UnexpectedAlertPresentException:\n            alert_text = None\n            if &amp;quot;data&amp;quot; in value:\n                alert_text = value[&amp;quot;data&amp;quot;].get(&amp;quot;text&amp;quot;)\n            elif &amp;quot;alert&amp;quot; in value:\n                alert_text = value[&amp;quot;alert&amp;quot;].get(&amp;quot;text&amp;quot;)\n            raise exception_class(message, screen, stacktrace, alert_text)  # type: ignore[call-arg]  # mypy is not smart enough here\n&amp;gt;       raise exception_class(message, screen, stacktrace)\nE       selenium.common.exceptions.InvalidArgumentException: Message: invalid argument: &amp;#x27;using&amp;#x27; must be a string\nE         (Session info: chrome=123.0.6312.106)\nE       Stacktrace:\nE       \tGetHandleVerifier [0x00884CE3+225091]\nE       \t(No symbol) [0x007B4E31]\nE       \t(No symbol) [0x00659A7A]\nE       \t(No symbol) [0x00691689]\nE       \t(No symbol) [0x0069188B]\nE       \t(No symbol) [0x006C78BC]\nE       \t(No symbol) [0x006AF5A4]\nE       \t(No symbol) [0x006C5CB0]\nE       \t(No symbol) [0x006AF2F6]\nE       \t(No symbol) [0x006879B9]\nE       \t(No symbol) [0x0068879D]\nE       \tsqlite3_dbdata_init [0x00CF9A83+4064547]\nE       \tsqlite3_dbdata_init [0x00D0108A+4094762]\nE       \tsqlite3_dbdata_init [0x00CFB988+4072488]\nE       \tsqlite3_dbdata_init [0x009FC9E9+930953]\nE       \t(No symbol) [0x007C0804]\nE       \t(No symbol) [0x007BAD28]\nE       \t(No symbol) [0x007BAE51]\nE       \t(No symbol) [0x007ACAC0]\nE       \tBaseThreadInitThunk [0x74FFFCC9+25]\nE       \tRtlGetAppContainerNamedObjectPath [0x771C7C5E+286]\nE       \tRtlGetAppContainerNamedObjectPath [0x771C7C2E+238]\n\n.venv\\Lib\\site-packages\\selenium\\webdriver\\remote\\errorhandler.py:229: InvalidArgumentException\n&#34;}], &#34;tests/test_Oz_coupons_tests.py::test_4_4_search_by[12345-xpath3-innerText]&#34;: [{&#34;extras&#34;: [], &#34;result&#34;: &#34;Failed&#34;, &#34;testId&#34;: &#34;tests/test_Oz_coupons_tests.py::test_4_4_search_by[12345-xpath3-innerText]&#34;, &#34;duration&#34;: &#34;00:00:23&#34;, &#34;resultsTableRow&#34;: [&#34;&lt;td class=\&#34;col-result\&#34;&gt;Failed&lt;/td&gt;&#34;, &#34;&lt;td class=\&#34;col-testId\&#34;&gt;tests/test_Oz_coupons_tests.py::test_4_4_search_by[12345-xpath3-innerText]&lt;/td&gt;&#34;, &#34;&lt;td class=\&#34;col-duration\&#34;&gt;00:00:23&lt;/td&gt;&#34;, &#34;&lt;td class=\&#34;col-links\&#34;&gt;&lt;/td&gt;&#34;], &#34;log&#34;: &#34;driver = &amp;lt;selenium.webdriver.chrome.webdriver.WebDriver (session=&amp;quot;4357ee251b8aebe92d4d314740ce3708&amp;quot;)&amp;gt;\nsearch_value = &amp;#x27;12345&amp;#x27;\nxpath = (&amp;#x27;xpath&amp;#x27;, &amp;#x27;//*[@id=&amp;quot;root&amp;quot;]/div[1]/div[4]/div/div/form/div[1]/div[2]/span/div/input&amp;#x27;)\nattribute = &amp;#x27;innerText&amp;#x27;\n\n    @pytest.mark.parametrize(PD.test_4_4_search_by_keys,PD.test_4_4_search_by_values)\n    def test_4_4_search_by(driver,search_value,xpath,attribute):\n        actions = Actions(driver)\n        coupons = actions.find_element(TD.coupon_btn)\n        coupons.click()\n        search_bar = actions.find_element(TD.search_bar)\n        search_bar.send_keys(search_value)\n    \n&amp;gt;       elements = driver.find_elements(TD.elements)\n\ntests\\test_Oz_coupons_tests.py:111: \n_ _ _ _ _ _ _ _ _ _ _ _ _ _ _ _ _ _ _ _ _ _ _ _ _ _ _ _ _ _ _ _ _ _ _ _ _ _ _ _ _ _ _ _ \n.venv\\Lib\\site-packages\\selenium\\webdriver\\remote\\webdriver.py:771: in find_elements\n    return self.execute(Command.FIND_ELEMENTS, {&amp;quot;using&amp;quot;: by, &amp;quot;value&amp;quot;: value})[&amp;quot;value&amp;quot;] or []\n.venv\\Lib\\site-packages\\selenium\\webdriver\\remote\\webdriver.py:347: in execute\n    self.error_handler.check_response(response)\n_ _ _ _ _ _ _ _ _ _ _ _ _ _ _ _ _ _ _ _ _ _ _ _ _ _ _ _ _ _ _ _ _ _ _ _ _ _ _ _ _ _ _ _ \n\nself = &amp;lt;selenium.webdriver.remote.errorhandler.ErrorHandler object at 0x000001E2A1C65640&amp;gt;\nresponse = {&amp;#x27;status&amp;#x27;: 400, &amp;#x27;value&amp;#x27;: &amp;#x27;{&amp;quot;value&amp;quot;:{&amp;quot;error&amp;quot;:&amp;quot;invalid argument&amp;quot;,&amp;quot;message&amp;quot;:&amp;quot;invalid argument: \\&amp;#x27;using\\&amp;#x27; must be a string...\\n\\\\tRtlGetAppContainerNamedObjectPath [0x771C7C5E+286]\\\\n\\\\tRtlGetAppContainerNamedObjectPath [0x771C7C2E+238]\\\\n&amp;quot;}}&amp;#x27;}\n\n    def check_response(self, response: Dict[str, Any]) -&amp;gt; None:\n        &amp;quot;&amp;quot;&amp;quot;Checks that a JSON response from the WebDriver does not have an\n        error.\n    \n        :Args:\n         - response - The JSON response from the WebDriver server as a dictionary\n           object.\n    \n        :Raises: If the response contains an error message.\n        &amp;quot;&amp;quot;&amp;quot;\n        status = response.get(&amp;quot;status&amp;quot;, None)\n        if not status or status == ErrorCode.SUCCESS:\n            return\n        value = None\n        message = response.get(&amp;quot;message&amp;quot;, &amp;quot;&amp;quot;)\n        screen: str = response.get(&amp;quot;screen&amp;quot;, &amp;quot;&amp;quot;)\n        stacktrace = None\n        if isinstance(status, int):\n            value_json = response.get(&amp;quot;value&amp;quot;, None)\n            if value_json and isinstance(value_json, str):\n                import json\n    \n                try:\n                    value = json.loads(value_json)\n                    if len(value) == 1:\n                        value = value[&amp;quot;value&amp;quot;]\n                    status = value.get(&amp;quot;error&amp;quot;, None)\n                    if not status:\n                        status = value.get(&amp;quot;status&amp;quot;, ErrorCode.UNKNOWN_ERROR)\n                        message = value.get(&amp;quot;value&amp;quot;) or value.get(&amp;quot;message&amp;quot;)\n                        if not isinstance(message, str):\n                            value = message\n                            message = message.get(&amp;quot;message&amp;quot;)\n                    else:\n                        message = value.get(&amp;quot;message&amp;quot;, None)\n                except ValueError:\n                    pass\n    \n        exception_class: Type[WebDriverException]\n        e = ErrorCode()\n        error_codes = [item for item in dir(e) if not item.startswith(&amp;quot;__&amp;quot;)]\n        for error_code in error_codes:\n            error_info = getattr(ErrorCode, error_code)\n            if isinstance(error_info, list) and status in error_info:\n                exception_class = getattr(ExceptionMapping, error_code, WebDriverException)\n                break\n        else:\n            exception_class = WebDriverException\n    \n        if not value:\n            value = response[&amp;quot;value&amp;quot;]\n        if isinstance(value, str):\n            raise exception_class(value)\n        if message == &amp;quot;&amp;quot; and &amp;quot;message&amp;quot; in value:\n            message = value[&amp;quot;message&amp;quot;]\n    \n        screen = None  # type: ignore[assignment]\n        if &amp;quot;screen&amp;quot; in value:\n            screen = value[&amp;quot;screen&amp;quot;]\n    \n        stacktrace = None\n        st_value = value.get(&amp;quot;stackTrace&amp;quot;) or value.get(&amp;quot;stacktrace&amp;quot;)\n        if st_value:\n            if isinstance(st_value, str):\n                stacktrace = st_value.split(&amp;quot;\\n&amp;quot;)\n            else:\n                stacktrace = []\n                try:\n                    for frame in st_value:\n                        line = frame.get(&amp;quot;lineNumber&amp;quot;, &amp;quot;&amp;quot;)\n                        file = frame.get(&amp;quot;fileName&amp;quot;, &amp;quot;&amp;lt;anonymous&amp;gt;&amp;quot;)\n                        if line:\n                            file = f&amp;quot;{file}:{line}&amp;quot;\n                        meth = frame.get(&amp;quot;methodName&amp;quot;, &amp;quot;&amp;lt;anonymous&amp;gt;&amp;quot;)\n                        if &amp;quot;className&amp;quot; in frame:\n                            meth = f&amp;quot;{frame[&amp;#x27;className&amp;#x27;]}.{meth}&amp;quot;\n                        msg = &amp;quot;    at %s (%s)&amp;quot;\n                        msg = msg % (meth, file)\n                        stacktrace.append(msg)\n                except TypeError:\n                    pass\n        if exception_class == UnexpectedAlertPresentException:\n            alert_text = None\n            if &amp;quot;data&amp;quot; in value:\n                alert_text = value[&amp;quot;data&amp;quot;].get(&amp;quot;text&amp;quot;)\n            elif &amp;quot;alert&amp;quot; in value:\n                alert_text = value[&amp;quot;alert&amp;quot;].get(&amp;quot;text&amp;quot;)\n            raise exception_class(message, screen, stacktrace, alert_text)  # type: ignore[call-arg]  # mypy is not smart enough here\n&amp;gt;       raise exception_class(message, screen, stacktrace)\nE       selenium.common.exceptions.InvalidArgumentException: Message: invalid argument: &amp;#x27;using&amp;#x27; must be a string\nE         (Session info: chrome=123.0.6312.106)\nE       Stacktrace:\nE       \tGetHandleVerifier [0x00884CE3+225091]\nE       \t(No symbol) [0x007B4E31]\nE       \t(No symbol) [0x00659A7A]\nE       \t(No symbol) [0x00691689]\nE       \t(No symbol) [0x0069188B]\nE       \t(No symbol) [0x006C78BC]\nE       \t(No symbol) [0x006AF5A4]\nE       \t(No symbol) [0x006C5CB0]\nE       \t(No symbol) [0x006AF2F6]\nE       \t(No symbol) [0x006879B9]\nE       \t(No symbol) [0x0068879D]\nE       \tsqlite3_dbdata_init [0x00CF9A83+4064547]\nE       \tsqlite3_dbdata_init [0x00D0108A+4094762]\nE       \tsqlite3_dbdata_init [0x00CFB988+4072488]\nE       \tsqlite3_dbdata_init [0x009FC9E9+930953]\nE       \t(No symbol) [0x007C0804]\nE       \t(No symbol) [0x007BAD28]\nE       \t(No symbol) [0x007BAE51]\nE       \t(No symbol) [0x007ACAC0]\nE       \tBaseThreadInitThunk [0x74FFFCC9+25]\nE       \tRtlGetAppContainerNamedObjectPath [0x771C7C5E+286]\nE       \tRtlGetAppContainerNamedObjectPath [0x771C7C2E+238]\n\n.venv\\Lib\\site-packages\\selenium\\webdriver\\remote\\errorhandler.py:229: InvalidArgumentException\n&#34;}], &#34;tests/test_Oz_coupons_tests.py::test_4_4_search_by[100-xpath4-innerText]&#34;: [{&#34;extras&#34;: [], &#34;result&#34;: &#34;Failed&#34;, &#34;testId&#34;: &#34;tests/test_Oz_coupons_tests.py::test_4_4_search_by[100-xpath4-innerText]&#34;, &#34;duration&#34;: &#34;00:00:27&#34;, &#34;resultsTableRow&#34;: [&#34;&lt;td class=\&#34;col-result\&#34;&gt;Failed&lt;/td&gt;&#34;, &#34;&lt;td class=\&#34;col-testId\&#34;&gt;tests/test_Oz_coupons_tests.py::test_4_4_search_by[100-xpath4-innerText]&lt;/td&gt;&#34;, &#34;&lt;td class=\&#34;col-duration\&#34;&gt;00:00:27&lt;/td&gt;&#34;, &#34;&lt;td class=\&#34;col-links\&#34;&gt;&lt;/td&gt;&#34;], &#34;log&#34;: &#34;driver = &amp;lt;selenium.webdriver.chrome.webdriver.WebDriver (session=&amp;quot;2d082bef3123b028feb11cdf32368ff5&amp;quot;)&amp;gt;\nsearch_value = &amp;#x27;100&amp;#x27;\nxpath = (&amp;#x27;xpath&amp;#x27;, &amp;#x27;//*[@id=&amp;quot;root&amp;quot;]/div[1]/div[4]/div/div/form/div[1]/div[3]/span/div/input&amp;#x27;)\nattribute = &amp;#x27;innerText&amp;#x27;\n\n    @pytest.mark.parametrize(PD.test_4_4_search_by_keys,PD.test_4_4_search_by_values)\n    def test_4_4_search_by(driver,search_value,xpath,attribute):\n        actions = Actions(driver)\n        coupons = actions.find_element(TD.coupon_btn)\n        coupons.click()\n        search_bar = actions.find_element(TD.search_bar)\n        search_bar.send_keys(search_value)\n    \n&amp;gt;       elements = driver.find_elements(TD.elements)\n\ntests\\test_Oz_coupons_tests.py:111: \n_ _ _ _ _ _ _ _ _ _ _ _ _ _ _ _ _ _ _ _ _ _ _ _ _ _ _ _ _ _ _ _ _ _ _ _ _ _ _ _ _ _ _ _ \n.venv\\Lib\\site-packages\\selenium\\webdriver\\remote\\webdriver.py:771: in find_elements\n    return self.execute(Command.FIND_ELEMENTS, {&amp;quot;using&amp;quot;: by, &amp;quot;value&amp;quot;: value})[&amp;quot;value&amp;quot;] or []\n.venv\\Lib\\site-packages\\selenium\\webdriver\\remote\\webdriver.py:347: in execute\n    self.error_handler.check_response(response)\n_ _ _ _ _ _ _ _ _ _ _ _ _ _ _ _ _ _ _ _ _ _ _ _ _ _ _ _ _ _ _ _ _ _ _ _ _ _ _ _ _ _ _ _ \n\nself = &amp;lt;selenium.webdriver.remote.errorhandler.ErrorHandler object at 0x000001E2A1B99A30&amp;gt;\nresponse = {&amp;#x27;status&amp;#x27;: 400, &amp;#x27;value&amp;#x27;: &amp;#x27;{&amp;quot;value&amp;quot;:{&amp;quot;error&amp;quot;:&amp;quot;invalid argument&amp;quot;,&amp;quot;message&amp;quot;:&amp;quot;invalid argument: \\&amp;#x27;using\\&amp;#x27; must be a string...\\n\\\\tRtlGetAppContainerNamedObjectPath [0x771C7C5E+286]\\\\n\\\\tRtlGetAppContainerNamedObjectPath [0x771C7C2E+238]\\\\n&amp;quot;}}&amp;#x27;}\n\n    def check_response(self, response: Dict[str, Any]) -&amp;gt; None:\n        &amp;quot;&amp;quot;&amp;quot;Checks that a JSON response from the WebDriver does not have an\n        error.\n    \n        :Args:\n         - response - The JSON response from the WebDriver server as a dictionary\n           object.\n    \n        :Raises: If the response contains an error message.\n        &amp;quot;&amp;quot;&amp;quot;\n        status = response.get(&amp;quot;status&amp;quot;, None)\n        if not status or status == ErrorCode.SUCCESS:\n            return\n        value = None\n        message = response.get(&amp;quot;message&amp;quot;, &amp;quot;&amp;quot;)\n        screen: str = response.get(&amp;quot;screen&amp;quot;, &amp;quot;&amp;quot;)\n        stacktrace = None\n        if isinstance(status, int):\n            value_json = response.get(&amp;quot;value&amp;quot;, None)\n            if value_json and isinstance(value_json, str):\n                import json\n    \n                try:\n                    value = json.loads(value_json)\n                    if len(value) == 1:\n                        value = value[&amp;quot;value&amp;quot;]\n                    status = value.get(&amp;quot;error&amp;quot;, None)\n                    if not status:\n                        status = value.get(&amp;quot;status&amp;quot;, ErrorCode.UNKNOWN_ERROR)\n                        message = value.get(&amp;quot;value&amp;quot;) or value.get(&amp;quot;message&amp;quot;)\n                        if not isinstance(message, str):\n                            value = message\n                            message = message.get(&amp;quot;message&amp;quot;)\n                    else:\n                        message = value.get(&amp;quot;message&amp;quot;, None)\n                except ValueError:\n                    pass\n    \n        exception_class: Type[WebDriverException]\n        e = ErrorCode()\n        error_codes = [item for item in dir(e) if not item.startswith(&amp;quot;__&amp;quot;)]\n        for error_code in error_codes:\n            error_info = getattr(ErrorCode, error_code)\n            if isinstance(error_info, list) and status in error_info:\n                exception_class = getattr(ExceptionMapping, error_code, WebDriverException)\n                break\n        else:\n            exception_class = WebDriverException\n    \n        if not value:\n            value = response[&amp;quot;value&amp;quot;]\n        if isinstance(value, str):\n            raise exception_class(value)\n        if message == &amp;quot;&amp;quot; and &amp;quot;message&amp;quot; in value:\n            message = value[&amp;quot;message&amp;quot;]\n    \n        screen = None  # type: ignore[assignment]\n        if &amp;quot;screen&amp;quot; in value:\n            screen = value[&amp;quot;screen&amp;quot;]\n    \n        stacktrace = None\n        st_value = value.get(&amp;quot;stackTrace&amp;quot;) or value.get(&amp;quot;stacktrace&amp;quot;)\n        if st_value:\n            if isinstance(st_value, str):\n                stacktrace = st_value.split(&amp;quot;\\n&amp;quot;)\n            else:\n                stacktrace = []\n                try:\n                    for frame in st_value:\n                        line = frame.get(&amp;quot;lineNumber&amp;quot;, &amp;quot;&amp;quot;)\n                        file = frame.get(&amp;quot;fileName&amp;quot;, &amp;quot;&amp;lt;anonymous&amp;gt;&amp;quot;)\n                        if line:\n                            file = f&amp;quot;{file}:{line}&amp;quot;\n                        meth = frame.get(&amp;quot;methodName&amp;quot;, &amp;quot;&amp;lt;anonymous&amp;gt;&amp;quot;)\n                        if &amp;quot;className&amp;quot; in frame:\n                            meth = f&amp;quot;{frame[&amp;#x27;className&amp;#x27;]}.{meth}&amp;quot;\n                        msg = &amp;quot;    at %s (%s)&amp;quot;\n                        msg = msg % (meth, file)\n                        stacktrace.append(msg)\n                except TypeError:\n                    pass\n        if exception_class == UnexpectedAlertPresentException:\n            alert_text = None\n            if &amp;quot;data&amp;quot; in value:\n                alert_text = value[&amp;quot;data&amp;quot;].get(&amp;quot;text&amp;quot;)\n            elif &amp;quot;alert&amp;quot; in value:\n                alert_text = value[&amp;quot;alert&amp;quot;].get(&amp;quot;text&amp;quot;)\n            raise exception_class(message, screen, stacktrace, alert_text)  # type: ignore[call-arg]  # mypy is not smart enough here\n&amp;gt;       raise exception_class(message, screen, stacktrace)\nE       selenium.common.exceptions.InvalidArgumentException: Message: invalid argument: &amp;#x27;using&amp;#x27; must be a string\nE         (Session info: chrome=123.0.6312.106)\nE       Stacktrace:\nE       \tGetHandleVerifier [0x00884CE3+225091]\nE       \t(No symbol) [0x007B4E31]\nE       \t(No symbol) [0x00659A7A]\nE       \t(No symbol) [0x00691689]\nE       \t(No symbol) [0x0069188B]\nE       \t(No symbol) [0x006C78BC]\nE       \t(No symbol) [0x006AF5A4]\nE       \t(No symbol) [0x006C5CB0]\nE       \t(No symbol) [0x006AF2F6]\nE       \t(No symbol) [0x006879B9]\nE       \t(No symbol) [0x0068879D]\nE       \tsqlite3_dbdata_init [0x00CF9A83+4064547]\nE       \tsqlite3_dbdata_init [0x00D0108A+4094762]\nE       \tsqlite3_dbdata_init [0x00CFB988+4072488]\nE       \tsqlite3_dbdata_init [0x009FC9E9+930953]\nE       \t(No symbol) [0x007C0804]\nE       \t(No symbol) [0x007BAD28]\nE       \t(No symbol) [0x007BAE51]\nE       \t(No symbol) [0x007ACAC0]\nE       \tBaseThreadInitThunk [0x74FFFCC9+25]\nE       \tRtlGetAppContainerNamedObjectPath [0x771C7C5E+286]\nE       \tRtlGetAppContainerNamedObjectPath [0x771C7C2E+238]\n\n.venv\\Lib\\site-packages\\selenium\\webdriver\\remote\\errorhandler.py:229: InvalidArgumentException\n&#34;}], &#34;tests/test_Oz_coupons_tests.py::test_4_4_search_by[2024-12-01-xpath5-innerText]&#34;: [{&#34;extras&#34;: [], &#34;result&#34;: &#34;Failed&#34;, &#34;testId&#34;: &#34;tests/test_Oz_coupons_tests.py::test_4_4_search_by[2024-12-01-xpath5-innerText]&#34;, &#34;duration&#34;: &#34;00:00:20&#34;, &#34;resultsTableRow&#34;: [&#34;&lt;td class=\&#34;col-result\&#34;&gt;Failed&lt;/td&gt;&#34;, &#34;&lt;td class=\&#34;col-testId\&#34;&gt;tests/test_Oz_coupons_tests.py::test_4_4_search_by[2024-12-01-xpath5-innerText]&lt;/td&gt;&#34;, &#34;&lt;td class=\&#34;col-duration\&#34;&gt;00:00:20&lt;/td&gt;&#34;, &#34;&lt;td class=\&#34;col-links\&#34;&gt;&lt;/td&gt;&#34;], &#34;log&#34;: &#34;driver = &amp;lt;selenium.webdriver.chrome.webdriver.WebDriver (session=&amp;quot;ae4f9cbc7f2f9a7298213d2d584842a1&amp;quot;)&amp;gt;\nsearch_value = &amp;#x27;2024-12-01&amp;#x27;\nxpath = (&amp;#x27;xpath&amp;#x27;, &amp;#x27;//*[@id=&amp;quot;root&amp;quot;]/div[1]/div[4]/div/div/form/div[1]/div[5]/div[1]/div[1]/span/div/input&amp;#x27;)\nattribute = &amp;#x27;innerText&amp;#x27;\n\n    @pytest.mark.parametrize(PD.test_4_4_search_by_keys,PD.test_4_4_search_by_values)\n    def test_4_4_search_by(driver,search_value,xpath,attribute):\n        actions = Actions(driver)\n        coupons = actions.find_element(TD.coupon_btn)\n        coupons.click()\n        search_bar = actions.find_element(TD.search_bar)\n        search_bar.send_keys(search_value)\n    \n&amp;gt;       elements = driver.find_elements(TD.elements)\n\ntests\\test_Oz_coupons_tests.py:111: \n_ _ _ _ _ _ _ _ _ _ _ _ _ _ _ _ _ _ _ _ _ _ _ _ _ _ _ _ _ _ _ _ _ _ _ _ _ _ _ _ _ _ _ _ \n.venv\\Lib\\site-packages\\selenium\\webdriver\\remote\\webdriver.py:771: in find_elements\n    return self.execute(Command.FIND_ELEMENTS, {&amp;quot;using&amp;quot;: by, &amp;quot;value&amp;quot;: value})[&amp;quot;value&amp;quot;] or []\n.venv\\Lib\\site-packages\\selenium\\webdriver\\remote\\webdriver.py:347: in execute\n    self.error_handler.check_response(response)\n_ _ _ _ _ _ _ _ _ _ _ _ _ _ _ _ _ _ _ _ _ _ _ _ _ _ _ _ _ _ _ _ _ _ _ _ _ _ _ _ _ _ _ _ \n\nself = &amp;lt;selenium.webdriver.remote.errorhandler.ErrorHandler object at 0x000001E2A1C66E70&amp;gt;\nresponse = {&amp;#x27;status&amp;#x27;: 400, &amp;#x27;value&amp;#x27;: &amp;#x27;{&amp;quot;value&amp;quot;:{&amp;quot;error&amp;quot;:&amp;quot;invalid argument&amp;quot;,&amp;quot;message&amp;quot;:&amp;quot;invalid argument: \\&amp;#x27;using\\&amp;#x27; must be a string...\\n\\\\tRtlGetAppContainerNamedObjectPath [0x771C7C5E+286]\\\\n\\\\tRtlGetAppContainerNamedObjectPath [0x771C7C2E+238]\\\\n&amp;quot;}}&amp;#x27;}\n\n    def check_response(self, response: Dict[str, Any]) -&amp;gt; None:\n        &amp;quot;&amp;quot;&amp;quot;Checks that a JSON response from the WebDriver does not have an\n        error.\n    \n        :Args:\n         - response - The JSON response from the WebDriver server as a dictionary\n           object.\n    \n        :Raises: If the response contains an error message.\n        &amp;quot;&amp;quot;&amp;quot;\n        status = response.get(&amp;quot;status&amp;quot;, None)\n        if not status or status == ErrorCode.SUCCESS:\n            return\n        value = None\n        message = response.get(&amp;quot;message&amp;quot;, &amp;quot;&amp;quot;)\n        screen: str = response.get(&amp;quot;screen&amp;quot;, &amp;quot;&amp;quot;)\n        stacktrace = None\n        if isinstance(status, int):\n            value_json = response.get(&amp;quot;value&amp;quot;, None)\n            if value_json and isinstance(value_json, str):\n                import json\n    \n                try:\n                    value = json.loads(value_json)\n                    if len(value) == 1:\n                        value = value[&amp;quot;value&amp;quot;]\n                    status = value.get(&amp;quot;error&amp;quot;, None)\n                    if not status:\n                        status = value.get(&amp;quot;status&amp;quot;, ErrorCode.UNKNOWN_ERROR)\n                        message = value.get(&amp;quot;value&amp;quot;) or value.get(&amp;quot;message&amp;quot;)\n                        if not isinstance(message, str):\n                            value = message\n                            message = message.get(&amp;quot;message&amp;quot;)\n                    else:\n                        message = value.get(&amp;quot;message&amp;quot;, None)\n                except ValueError:\n                    pass\n    \n        exception_class: Type[WebDriverException]\n        e = ErrorCode()\n        error_codes = [item for item in dir(e) if not item.startswith(&amp;quot;__&amp;quot;)]\n        for error_code in error_codes:\n            error_info = getattr(ErrorCode, error_code)\n            if isinstance(error_info, list) and status in error_info:\n                exception_class = getattr(ExceptionMapping, error_code, WebDriverException)\n                break\n        else:\n            exception_class = WebDriverException\n    \n        if not value:\n            value = response[&amp;quot;value&amp;quot;]\n        if isinstance(value, str):\n            raise exception_class(value)\n        if message == &amp;quot;&amp;quot; and &amp;quot;message&amp;quot; in value:\n            message = value[&amp;quot;message&amp;quot;]\n    \n        screen = None  # type: ignore[assignment]\n        if &amp;quot;screen&amp;quot; in value:\n            screen = value[&amp;quot;screen&amp;quot;]\n    \n        stacktrace = None\n        st_value = value.get(&amp;quot;stackTrace&amp;quot;) or value.get(&amp;quot;stacktrace&amp;quot;)\n        if st_value:\n            if isinstance(st_value, str):\n                stacktrace = st_value.split(&amp;quot;\\n&amp;quot;)\n            else:\n                stacktrace = []\n                try:\n                    for frame in st_value:\n                        line = frame.get(&amp;quot;lineNumber&amp;quot;, &amp;quot;&amp;quot;)\n                        file = frame.get(&amp;quot;fileName&amp;quot;, &amp;quot;&amp;lt;anonymous&amp;gt;&amp;quot;)\n                        if line:\n                            file = f&amp;quot;{file}:{line}&amp;quot;\n                        meth = frame.get(&amp;quot;methodName&amp;quot;, &amp;quot;&amp;lt;anonymous&amp;gt;&amp;quot;)\n                        if &amp;quot;className&amp;quot; in frame:\n                            meth = f&amp;quot;{frame[&amp;#x27;className&amp;#x27;]}.{meth}&amp;quot;\n                        msg = &amp;quot;    at %s (%s)&amp;quot;\n                        msg = msg % (meth, file)\n                        stacktrace.append(msg)\n                except TypeError:\n                    pass\n        if exception_class == UnexpectedAlertPresentException:\n            alert_text = None\n            if &amp;quot;data&amp;quot; in value:\n                alert_text = value[&amp;quot;data&amp;quot;].get(&amp;quot;text&amp;quot;)\n            elif &amp;quot;alert&amp;quot; in value:\n                alert_text = value[&amp;quot;alert&amp;quot;].get(&amp;quot;text&amp;quot;)\n            raise exception_class(message, screen, stacktrace, alert_text)  # type: ignore[call-arg]  # mypy is not smart enough here\n&amp;gt;       raise exception_class(message, screen, stacktrace)\nE       selenium.common.exceptions.InvalidArgumentException: Message: invalid argument: &amp;#x27;using&amp;#x27; must be a string\nE         (Session info: chrome=123.0.6312.106)\nE       Stacktrace:\nE       \tGetHandleVerifier [0x00884CE3+225091]\nE       \t(No symbol) [0x007B4E31]\nE       \t(No symbol) [0x00659A7A]\nE       \t(No symbol) [0x00691689]\nE       \t(No symbol) [0x0069188B]\nE       \t(No symbol) [0x006C78BC]\nE       \t(No symbol) [0x006AF5A4]\nE       \t(No symbol) [0x006C5CB0]\nE       \t(No symbol) [0x006AF2F6]\nE       \t(No symbol) [0x006879B9]\nE       \t(No symbol) [0x0068879D]\nE       \tsqlite3_dbdata_init [0x00CF9A83+4064547]\nE       \tsqlite3_dbdata_init [0x00D0108A+4094762]\nE       \tsqlite3_dbdata_init [0x00CFB988+4072488]\nE       \tsqlite3_dbdata_init [0x009FC9E9+930953]\nE       \t(No symbol) [0x007C0804]\nE       \t(No symbol) [0x007BAD28]\nE       \t(No symbol) [0x007BAE51]\nE       \t(No symbol) [0x007ACAC0]\nE       \tBaseThreadInitThunk [0x74FFFCC9+25]\nE       \tRtlGetAppContainerNamedObjectPath [0x771C7C5E+286]\nE       \tRtlGetAppContainerNamedObjectPath [0x771C7C2E+238]\n\n.venv\\Lib\\site-packages\\selenium\\webdriver\\remote\\errorhandler.py:229: InvalidArgumentException\n&#34;}], &#34;tests/test_Oz_coupons_tests.py::test_4_4_search_by[28-xpath6-innerText]&#34;: [{&#34;extras&#34;: [], &#34;result&#34;: &#34;Failed&#34;, &#34;testId&#34;: &#34;tests/test_Oz_coupons_tests.py::test_4_4_search_by[28-xpath6-innerText]&#34;, &#34;duration&#34;: &#34;00:00:20&#34;, &#34;resultsTableRow&#34;: [&#34;&lt;td class=\&#34;col-result\&#34;&gt;Failed&lt;/td&gt;&#34;, &#34;&lt;td class=\&#34;col-testId\&#34;&gt;tests/test_Oz_coupons_tests.py::test_4_4_search_by[28-xpath6-innerText]&lt;/td&gt;&#34;, &#34;&lt;td class=\&#34;col-duration\&#34;&gt;00:00:20&lt;/td&gt;&#34;, &#34;&lt;td class=\&#34;col-links\&#34;&gt;&lt;/td&gt;&#34;], &#34;log&#34;: &#34;driver = &amp;lt;selenium.webdriver.chrome.webdriver.WebDriver (session=&amp;quot;0a75961cbab8fc9577b6e68bf78b2fd0&amp;quot;)&amp;gt;\nsearch_value = &amp;#x27;28&amp;#x27;\nxpath = (&amp;#x27;xpath&amp;#x27;, &amp;#x27;//*[@id=&amp;quot;root&amp;quot;]/div[1]/div[4]/div/div/form/div[1]/div[6]/div[1]/div[1]/span/div/input&amp;#x27;)\nattribute = &amp;#x27;innerText&amp;#x27;\n\n    @pytest.mark.parametrize(PD.test_4_4_search_by_keys,PD.test_4_4_search_by_values)\n    def test_4_4_search_by(driver,search_value,xpath,attribute):\n        actions = Actions(driver)\n        coupons = actions.find_element(TD.coupon_btn)\n        coupons.click()\n        search_bar = actions.find_element(TD.search_bar)\n        search_bar.send_keys(search_value)\n    \n&amp;gt;       elements = driver.find_elements(TD.elements)\n\ntests\\test_Oz_coupons_tests.py:111: \n_ _ _ _ _ _ _ _ _ _ _ _ _ _ _ _ _ _ _ _ _ _ _ _ _ _ _ _ _ _ _ _ _ _ _ _ _ _ _ _ _ _ _ _ \n.venv\\Lib\\site-packages\\selenium\\webdriver\\remote\\webdriver.py:771: in find_elements\n    return self.execute(Command.FIND_ELEMENTS, {&amp;quot;using&amp;quot;: by, &amp;quot;value&amp;quot;: value})[&amp;quot;value&amp;quot;] or []\n.venv\\Lib\\site-packages\\selenium\\webdriver\\remote\\webdriver.py:347: in execute\n    self.error_handler.check_response(response)\n_ _ _ _ _ _ _ _ _ _ _ _ _ _ _ _ _ _ _ _ _ _ _ _ _ _ _ _ _ _ _ _ _ _ _ _ _ _ _ _ _ _ _ _ \n\nself = &amp;lt;selenium.webdriver.remote.errorhandler.ErrorHandler object at 0x000001E2A1C66300&amp;gt;\nresponse = {&amp;#x27;status&amp;#x27;: 400, &amp;#x27;value&amp;#x27;: &amp;#x27;{&amp;quot;value&amp;quot;:{&amp;quot;error&amp;quot;:&amp;quot;invalid argument&amp;quot;,&amp;quot;message&amp;quot;:&amp;quot;invalid argument: \\&amp;#x27;using\\&amp;#x27; must be a string...\\n\\\\tRtlGetAppContainerNamedObjectPath [0x771C7C5E+286]\\\\n\\\\tRtlGetAppContainerNamedObjectPath [0x771C7C2E+238]\\\\n&amp;quot;}}&amp;#x27;}\n\n    def check_response(self, response: Dict[str, Any]) -&amp;gt; None:\n        &amp;quot;&amp;quot;&amp;quot;Checks that a JSON response from the WebDriver does not have an\n        error.\n    \n        :Args:\n         - response - The JSON response from the WebDriver server as a dictionary\n           object.\n    \n        :Raises: If the response contains an error message.\n        &amp;quot;&amp;quot;&amp;quot;\n        status = response.get(&amp;quot;status&amp;quot;, None)\n        if not status or status == ErrorCode.SUCCESS:\n            return\n        value = None\n        message = response.get(&amp;quot;message&amp;quot;, &amp;quot;&amp;quot;)\n        screen: str = response.get(&amp;quot;screen&amp;quot;, &amp;quot;&amp;quot;)\n        stacktrace = None\n        if isinstance(status, int):\n            value_json = response.get(&amp;quot;value&amp;quot;, None)\n            if value_json and isinstance(value_json, str):\n                import json\n    \n                try:\n                    value = json.loads(value_json)\n                    if len(value) == 1:\n                        value = value[&amp;quot;value&amp;quot;]\n                    status = value.get(&amp;quot;error&amp;quot;, None)\n                    if not status:\n                        status = value.get(&amp;quot;status&amp;quot;, ErrorCode.UNKNOWN_ERROR)\n                        message = value.get(&amp;quot;value&amp;quot;) or value.get(&amp;quot;message&amp;quot;)\n                        if not isinstance(message, str):\n                            value = message\n                            message = message.get(&amp;quot;message&amp;quot;)\n                    else:\n                        message = value.get(&amp;quot;message&amp;quot;, None)\n                except ValueError:\n                    pass\n    \n        exception_class: Type[WebDriverException]\n        e = ErrorCode()\n        error_codes = [item for item in dir(e) if not item.startswith(&amp;quot;__&amp;quot;)]\n        for error_code in error_codes:\n            error_info = getattr(ErrorCode, error_code)\n            if isinstance(error_info, list) and status in error_info:\n                exception_class = getattr(ExceptionMapping, error_code, WebDriverException)\n                break\n        else:\n            exception_class = WebDriverException\n    \n        if not value:\n            value = response[&amp;quot;value&amp;quot;]\n        if isinstance(value, str):\n            raise exception_class(value)\n        if message == &amp;quot;&amp;quot; and &amp;quot;message&amp;quot; in value:\n            message = value[&amp;quot;message&amp;quot;]\n    \n        screen = None  # type: ignore[assignment]\n        if &amp;quot;screen&amp;quot; in value:\n            screen = value[&amp;quot;screen&amp;quot;]\n    \n        stacktrace = None\n        st_value = value.get(&amp;quot;stackTrace&amp;quot;) or value.get(&amp;quot;stacktrace&amp;quot;)\n        if st_value:\n            if isinstance(st_value, str):\n                stacktrace = st_value.split(&amp;quot;\\n&amp;quot;)\n            else:\n                stacktrace = []\n                try:\n                    for frame in st_value:\n                        line = frame.get(&amp;quot;lineNumber&amp;quot;, &amp;quot;&amp;quot;)\n                        file = frame.get(&amp;quot;fileName&amp;quot;, &amp;quot;&amp;lt;anonymous&amp;gt;&amp;quot;)\n                        if line:\n                            file = f&amp;quot;{file}:{line}&amp;quot;\n                        meth = frame.get(&amp;quot;methodName&amp;quot;, &amp;quot;&amp;lt;anonymous&amp;gt;&amp;quot;)\n                        if &amp;quot;className&amp;quot; in frame:\n                            meth = f&amp;quot;{frame[&amp;#x27;className&amp;#x27;]}.{meth}&amp;quot;\n                        msg = &amp;quot;    at %s (%s)&amp;quot;\n                        msg = msg % (meth, file)\n                        stacktrace.append(msg)\n                except TypeError:\n                    pass\n        if exception_class == UnexpectedAlertPresentException:\n            alert_text = None\n            if &amp;quot;data&amp;quot; in value:\n                alert_text = value[&amp;quot;data&amp;quot;].get(&amp;quot;text&amp;quot;)\n            elif &amp;quot;alert&amp;quot; in value:\n                alert_text = value[&amp;quot;alert&amp;quot;].get(&amp;quot;text&amp;quot;)\n            raise exception_class(message, screen, stacktrace, alert_text)  # type: ignore[call-arg]  # mypy is not smart enough here\n&amp;gt;       raise exception_class(message, screen, stacktrace)\nE       selenium.common.exceptions.InvalidArgumentException: Message: invalid argument: &amp;#x27;using&amp;#x27; must be a string\nE         (Session info: chrome=123.0.6312.106)\nE       Stacktrace:\nE       \tGetHandleVerifier [0x00884CE3+225091]\nE       \t(No symbol) [0x007B4E31]\nE       \t(No symbol) [0x00659A7A]\nE       \t(No symbol) [0x00691689]\nE       \t(No symbol) [0x0069188B]\nE       \t(No symbol) [0x006C78BC]\nE       \t(No symbol) [0x006AF5A4]\nE       \t(No symbol) [0x006C5CB0]\nE       \t(No symbol) [0x006AF2F6]\nE       \t(No symbol) [0x006879B9]\nE       \t(No symbol) [0x0068879D]\nE       \tsqlite3_dbdata_init [0x00CF9A83+4064547]\nE       \tsqlite3_dbdata_init [0x00D0108A+4094762]\nE       \tsqlite3_dbdata_init [0x00CFB988+4072488]\nE       \tsqlite3_dbdata_init [0x009FC9E9+930953]\nE       \t(No symbol) [0x007C0804]\nE       \t(No symbol) [0x007BAD28]\nE       \t(No symbol) [0x007BAE51]\nE       \t(No symbol) [0x007ACAC0]\nE       \tBaseThreadInitThunk [0x74FFFCC9+25]\nE       \tRtlGetAppContainerNamedObjectPath [0x771C7C5E+286]\nE       \tRtlGetAppContainerNamedObjectPath [0x771C7C2E+238]\n\n.venv\\Lib\\site-packages\\selenium\\webdriver\\remote\\errorhandler.py:229: InvalidArgumentException\n&#34;}], &#34;tests/test_Oz_coupons_tests.py::test_4_5_edit_coupon[edit_id0-not hello]&#34;: [{&#34;extras&#34;: [], &#34;result&#34;: &#34;Passed&#34;, &#34;testId&#34;: &#34;tests/test_Oz_coupons_tests.py::test_4_5_edit_coupon[edit_id0-not hello]&#34;, &#34;duration&#34;: &#34;00:00:26&#34;, &#34;resultsTableRow&#34;: [&#34;&lt;td class=\&#34;col-result\&#34;&gt;Passed&lt;/td&gt;&#34;, &#34;&lt;td class=\&#34;col-testId\&#34;&gt;tests/test_Oz_coupons_tests.py::test_4_5_edit_coupon[edit_id0-not hello]&lt;/td&gt;&#34;, &#34;&lt;td class=\&#34;col-duration\&#34;&gt;00:00:26&lt;/td&gt;&#34;, &#34;&lt;td class=\&#34;col-links\&#34;&gt;&lt;/td&gt;&#34;], &#34;log&#34;: &#34;No log output captured.&#34;}], &#34;tests/test_Oz_coupons_tests.py::test_4_5_edit_coupon[edit_id1-156456]&#34;: [{&#34;extras&#34;: [], &#34;result&#34;: &#34;Failed&#34;, &#34;testId&#34;: &#34;tests/test_Oz_coupons_tests.py::test_4_5_edit_coupon[edit_id1-156456]&#34;, &#34;duration&#34;: &#34;00:00:28&#34;, &#34;resultsTableRow&#34;: [&#34;&lt;td class=\&#34;col-result\&#34;&gt;Failed&lt;/td&gt;&#34;, &#34;&lt;td class=\&#34;col-testId\&#34;&gt;tests/test_Oz_coupons_tests.py::test_4_5_edit_coupon[edit_id1-156456]&lt;/td&gt;&#34;, &#34;&lt;td class=\&#34;col-duration\&#34;&gt;00:00:28&lt;/td&gt;&#34;, &#34;&lt;td class=\&#34;col-links\&#34;&gt;&lt;/td&gt;&#34;], &#34;log&#34;: &#34;driver = &amp;lt;selenium.webdriver.chrome.webdriver.WebDriver (session=&amp;quot;9e1b4b823857760edc7fbe59eb421cdb&amp;quot;)&amp;gt;\nedit_id = (&amp;#x27;xpath&amp;#x27;, &amp;#x27;//*[@id=&amp;quot;root&amp;quot;]/div[1]/div[4]/div/div/form/div[1]/div[2]/span/div/input&amp;#x27;)\nedit_value = &amp;#x27;156456&amp;#x27;\n\n    @pytest.mark.parametrize(PD.edit_test_4_5_keys,PD.edit_test_4_5_values)\n    def test_4_5_edit_coupon(driver,edit_id,edit_value):\n        actions = Actions(driver)\n        coupons = actions.find_element(TD.coupon_btn)\n        coupons.click()\n    \n        row = find_row_by_index(driver, 2)\n        row.click()\n    \n        edit_element = actions.find_element(edit_id)\n    \n        edit_element.send_keys(Keys.CONTROL + &amp;#x27;a&amp;#x27;)\n        edit_element.send_keys(Keys.BACKSPACE)\n    \n        edit_element.send_keys(edit_value)\n    \n        submit_btn = actions.find_element(TD.edit_submit_btn)\n        submit_btn.click()\n    \n        row = find_row_by_index(driver,2)\n&amp;gt;       row.click()\n\ntests\\test_Oz_coupons_tests.py:141: \n_ _ _ _ _ _ _ _ _ _ _ _ _ _ _ _ _ _ _ _ _ _ _ _ _ _ _ _ _ _ _ _ _ _ _ _ _ _ _ _ _ _ _ _ \n.venv\\Lib\\site-packages\\selenium\\webdriver\\remote\\webelement.py:94: in click\n    self._execute(Command.CLICK_ELEMENT)\n.venv\\Lib\\site-packages\\selenium\\webdriver\\remote\\webelement.py:395: in _execute\n    return self._parent.execute(command, params)\n.venv\\Lib\\site-packages\\selenium\\webdriver\\remote\\webdriver.py:347: in execute\n    self.error_handler.check_response(response)\n_ _ _ _ _ _ _ _ _ _ _ _ _ _ _ _ _ _ _ _ _ _ _ _ _ _ _ _ _ _ _ _ _ _ _ _ _ _ _ _ _ _ _ _ \n\nself = &amp;lt;selenium.webdriver.remote.errorhandler.ErrorHandler object at 0x000001E2A1C67620&amp;gt;\nresponse = {&amp;#x27;status&amp;#x27;: 400, &amp;#x27;value&amp;#x27;: &amp;#x27;{&amp;quot;value&amp;quot;:{&amp;quot;error&amp;quot;:&amp;quot;element click intercepted&amp;quot;,&amp;quot;message&amp;quot;:&amp;quot;element click intercepted: Element ...\\n\\\\tRtlGetAppContainerNamedObjectPath [0x771C7C5E+286]\\\\n\\\\tRtlGetAppContainerNamedObjectPath [0x771C7C2E+238]\\\\n&amp;quot;}}&amp;#x27;}\n\n    def check_response(self, response: Dict[str, Any]) -&amp;gt; None:\n        &amp;quot;&amp;quot;&amp;quot;Checks that a JSON response from the WebDriver does not have an\n        error.\n    \n        :Args:\n         - response - The JSON response from the WebDriver server as a dictionary\n           object.\n    \n        :Raises: If the response contains an error message.\n        &amp;quot;&amp;quot;&amp;quot;\n        status = response.get(&amp;quot;status&amp;quot;, None)\n        if not status or status == ErrorCode.SUCCESS:\n            return\n        value = None\n        message = response.get(&amp;quot;message&amp;quot;, &amp;quot;&amp;quot;)\n        screen: str = response.get(&amp;quot;screen&amp;quot;, &amp;quot;&amp;quot;)\n        stacktrace = None\n        if isinstance(status, int):\n            value_json = response.get(&amp;quot;value&amp;quot;, None)\n            if value_json and isinstance(value_json, str):\n                import json\n    \n                try:\n                    value = json.loads(value_json)\n                    if len(value) == 1:\n                        value = value[&amp;quot;value&amp;quot;]\n                    status = value.get(&amp;quot;error&amp;quot;, None)\n                    if not status:\n                        status = value.get(&amp;quot;status&amp;quot;, ErrorCode.UNKNOWN_ERROR)\n                        message = value.get(&amp;quot;value&amp;quot;) or value.get(&amp;quot;message&amp;quot;)\n                        if not isinstance(message, str):\n                            value = message\n                            message = message.get(&amp;quot;message&amp;quot;)\n                    else:\n                        message = value.get(&amp;quot;message&amp;quot;, None)\n                except ValueError:\n                    pass\n    \n        exception_class: Type[WebDriverException]\n        e = ErrorCode()\n        error_codes = [item for item in dir(e) if not item.startswith(&amp;quot;__&amp;quot;)]\n        for error_code in error_codes:\n            error_info = getattr(ErrorCode, error_code)\n            if isinstance(error_info, list) and status in error_info:\n                exception_class = getattr(ExceptionMapping, error_code, WebDriverException)\n                break\n        else:\n            exception_class = WebDriverException\n    \n        if not value:\n            value = response[&amp;quot;value&amp;quot;]\n        if isinstance(value, str):\n            raise exception_class(value)\n        if message == &amp;quot;&amp;quot; and &amp;quot;message&amp;quot; in value:\n            message = value[&amp;quot;message&amp;quot;]\n    \n        screen = None  # type: ignore[assignment]\n        if &amp;quot;screen&amp;quot; in value:\n            screen = value[&amp;quot;screen&amp;quot;]\n    \n        stacktrace = None\n        st_value = value.get(&amp;quot;stackTrace&amp;quot;) or value.get(&amp;quot;stacktrace&amp;quot;)\n        if st_value:\n            if isinstance(st_value, str):\n                stacktrace = st_value.split(&amp;quot;\\n&amp;quot;)\n            else:\n                stacktrace = []\n                try:\n                    for frame in st_value:\n                        line = frame.get(&amp;quot;lineNumber&amp;quot;, &amp;quot;&amp;quot;)\n                        file = frame.get(&amp;quot;fileName&amp;quot;, &amp;quot;&amp;lt;anonymous&amp;gt;&amp;quot;)\n                        if line:\n                            file = f&amp;quot;{file}:{line}&amp;quot;\n                        meth = frame.get(&amp;quot;methodName&amp;quot;, &amp;quot;&amp;lt;anonymous&amp;gt;&amp;quot;)\n                        if &amp;quot;className&amp;quot; in frame:\n                            meth = f&amp;quot;{frame[&amp;#x27;className&amp;#x27;]}.{meth}&amp;quot;\n                        msg = &amp;quot;    at %s (%s)&amp;quot;\n                        msg = msg % (meth, file)\n                        stacktrace.append(msg)\n                except TypeError:\n                    pass\n        if exception_class == UnexpectedAlertPresentException:\n            alert_text = None\n            if &amp;quot;data&amp;quot; in value:\n                alert_text = value[&amp;quot;data&amp;quot;].get(&amp;quot;text&amp;quot;)\n            elif &amp;quot;alert&amp;quot; in value:\n                alert_text = value[&amp;quot;alert&amp;quot;].get(&amp;quot;text&amp;quot;)\n            raise exception_class(message, screen, stacktrace, alert_text)  # type: ignore[call-arg]  # mypy is not smart enough here\n&amp;gt;       raise exception_class(message, screen, stacktrace)\nE       selenium.common.exceptions.ElementClickInterceptedException: Message: element click intercepted: Element &amp;lt;tr&amp;gt;...&amp;lt;/tr&amp;gt; is not clickable at point (344, 302). Other element would receive the click: &amp;lt;div class=&amp;quot;form_formItem undefined   undefined  formItem_oneTimeUse&amp;quot;&amp;gt;...&amp;lt;/div&amp;gt;\nE         (Session info: chrome=123.0.6312.106)\nE       Stacktrace:\nE       \tGetHandleVerifier [0x00884CE3+225091]\nE       \t(No symbol) [0x007B4E31]\nE       \t(No symbol) [0x00659A7A]\nE       \t(No symbol) [0x00696D42]\nE       \t(No symbol) [0x00695574]\nE       \t(No symbol) [0x006935DB]\nE       \t(No symbol) [0x006927BA]\nE       \t(No symbol) [0x006898DE]\nE       \t(No symbol) [0x006AF55C]\nE       \t(No symbol) [0x0068930E]\nE       \t(No symbol) [0x006AF7F4]\nE       \t(No symbol) [0x006C5CB0]\nE       \t(No symbol) [0x006AF2F6]\nE       \t(No symbol) [0x006879B9]\nE       \t(No symbol) [0x0068879D]\nE       \tsqlite3_dbdata_init [0x00CF9A83+4064547]\nE       \tsqlite3_dbdata_init [0x00D0108A+4094762]\nE       \tsqlite3_dbdata_init [0x00CFB988+4072488]\nE       \tsqlite3_dbdata_init [0x009FC9E9+930953]\nE       \t(No symbol) [0x007C0804]\nE       \t(No symbol) [0x007BAD28]\nE       \t(No symbol) [0x007BAE51]\nE       \t(No symbol) [0x007ACAC0]\nE       \tBaseThreadInitThunk [0x74FFFCC9+25]\nE       \tRtlGetAppContainerNamedObjectPath [0x771C7C5E+286]\nE       \tRtlGetAppContainerNamedObjectPath [0x771C7C2E+238]\n\n.venv\\Lib\\site-packages\\selenium\\webdriver\\remote\\errorhandler.py:229: ElementClickInterceptedException\n&#34;}], &#34;tests/test_Oz_coupons_tests.py::test_4_5_edit_coupon[edit_id2-200]&#34;: [{&#34;extras&#34;: [], &#34;result&#34;: &#34;Passed&#34;, &#34;testId&#34;: &#34;tests/test_Oz_coupons_tests.py::test_4_5_edit_coupon[edit_id2-200]&#34;, &#34;duration&#34;: &#34;00:00:22&#34;, &#34;resultsTableRow&#34;: [&#34;&lt;td class=\&#34;col-result\&#34;&gt;Passed&lt;/td&gt;&#34;, &#34;&lt;td class=\&#34;col-testId\&#34;&gt;tests/test_Oz_coupons_tests.py::test_4_5_edit_coupon[edit_id2-200]&lt;/td&gt;&#34;, &#34;&lt;td class=\&#34;col-duration\&#34;&gt;00:00:22&lt;/td&gt;&#34;, &#34;&lt;td class=\&#34;col-links\&#34;&gt;&lt;/td&gt;&#34;], &#34;log&#34;: &#34;No log output captured.&#34;}], &#34;tests/test_Oz_coupons_tests.py::test_4_5_edit_coupon[edit_id3-666]&#34;: [{&#34;extras&#34;: [], &#34;result&#34;: &#34;Passed&#34;, &#34;testId&#34;: &#34;tests/test_Oz_coupons_tests.py::test_4_5_edit_coupon[edit_id3-666]&#34;, &#34;duration&#34;: &#34;00:00:30&#34;, &#34;resultsTableRow&#34;: [&#34;&lt;td class=\&#34;col-result\&#34;&gt;Passed&lt;/td&gt;&#34;, &#34;&lt;td class=\&#34;col-testId\&#34;&gt;tests/test_Oz_coupons_tests.py::test_4_5_edit_coupon[edit_id3-666]&lt;/td&gt;&#34;, &#34;&lt;td class=\&#34;col-duration\&#34;&gt;00:00:30&lt;/td&gt;&#34;, &#34;&lt;td class=\&#34;col-links\&#34;&gt;&lt;/td&gt;&#34;], &#34;log&#34;: &#34;No log output captured.&#34;}], &#34;tests/test_Oz_etrade_tests.py::test_11_3_search_etrade_by[300-xpath0]&#34;: [{&#34;extras&#34;: [], &#34;result&#34;: &#34;Failed&#34;, &#34;testId&#34;: &#34;tests/test_Oz_etrade_tests.py::test_11_3_search_etrade_by[300-xpath0]&#34;, &#34;duration&#34;: &#34;00:00:26&#34;, &#34;resultsTableRow&#34;: [&#34;&lt;td class=\&#34;col-result\&#34;&gt;Failed&lt;/td&gt;&#34;, &#34;&lt;td class=\&#34;col-testId\&#34;&gt;tests/test_Oz_etrade_tests.py::test_11_3_search_etrade_by[300-xpath0]&lt;/td&gt;&#34;, &#34;&lt;td class=\&#34;col-duration\&#34;&gt;00:00:26&lt;/td&gt;&#34;, &#34;&lt;td class=\&#34;col-links\&#34;&gt;&lt;/td&gt;&#34;], &#34;log&#34;: &#34;driver = &amp;lt;selenium.webdriver.chrome.webdriver.WebDriver (session=&amp;quot;66c999f7802f17846e65723002029330&amp;quot;)&amp;gt;\nsearch_value = &amp;#x27;300&amp;#x27;\nxpath = (&amp;#x27;xpath&amp;#x27;, &amp;#x27;//*[@id=&amp;quot;root&amp;quot;]/div[1]/div[4]/div/div/div/form/div[3]/div/span/div/input&amp;#x27;)\n\n    @pytest.mark.parametrize(PD.test_11_3_search_by_keys,PD.test_11_3_search_etrade_by_values)\n    def test_11_3_search_etrade_by(driver,search_value,xpath):\n        actions = Actions(driver)\n        etrade = actions.find_element(TD.etrade)\n        etrade.click()\n    \n        search_bar = actions.find_element(TD.search_bar)\n        search_bar.send_keys(search_value)\n        time.sleep(3)\n    \n        count_findings = actions.find_element(TD.count_findings).get_attribute(&amp;#x27;innerText&amp;#x27;)\n        count_findings_number = re.search(r&amp;#x27;\\d+&amp;#x27;, count_findings)\n        if count_findings_number:\n    \n            count_findings_number = int(count_findings_number.group())\n            if count_findings_number &amp;gt; 0:\n    \n                tbodies = driver.find_elements(By.TAG_NAME,&amp;#x27;tbody&amp;#x27;)\n                for tbody in tbodies:\n                    rows = tbody.find_elements(By.TAG_NAME,&amp;quot;tr&amp;quot;)\n                    for row in rows:\n                        driver.implicitly_wait(3)\n                        row.click()\n    \n                        update_next_btn = actions.find_element(TD.next_first_btn_etrade)\n                        update_next_btn.click()\n    \n                        driver.implicitly_wait(3)\n                        element_text = actions.find_element(xpath)\n                        element_inner_text=element_text.get_attribute(&amp;#x27;value&amp;#x27;)\n    \n&amp;gt;                       assert search_value == element_inner_text\nE                       AssertionError: assert &amp;#x27;300&amp;#x27; == &amp;#x27;[object Object]&amp;#x27;\nE                         \nE                         - [object Object]\nE                         + 300\n\ntests\\test_Oz_etrade_tests.py:43: AssertionError\n&#34;}], &#34;tests/test_Oz_etrade_tests.py::test_11_3_search_etrade_by[123456-xpath1]&#34;: [{&#34;extras&#34;: [], &#34;result&#34;: &#34;Failed&#34;, &#34;testId&#34;: &#34;tests/test_Oz_etrade_tests.py::test_11_3_search_etrade_by[123456-xpath1]&#34;, &#34;duration&#34;: &#34;00:00:26&#34;, &#34;resultsTableRow&#34;: [&#34;&lt;td class=\&#34;col-result\&#34;&gt;Failed&lt;/td&gt;&#34;, &#34;&lt;td class=\&#34;col-testId\&#34;&gt;tests/test_Oz_etrade_tests.py::test_11_3_search_etrade_by[123456-xpath1]&lt;/td&gt;&#34;, &#34;&lt;td class=\&#34;col-duration\&#34;&gt;00:00:26&lt;/td&gt;&#34;, &#34;&lt;td class=\&#34;col-links\&#34;&gt;&lt;/td&gt;&#34;], &#34;log&#34;: &#34;driver = &amp;lt;selenium.webdriver.chrome.webdriver.WebDriver (session=&amp;quot;931dbbb1b3b3d94ccf074b453be33f4a&amp;quot;)&amp;gt;\nsearch_value = &amp;#x27;123456&amp;#x27;\nxpath = (&amp;#x27;xpath&amp;#x27;, &amp;#x27;//*[@id=&amp;quot;root&amp;quot;]/div[1]/div[4]/div/div/div/form/div[3]/div[3]/span/div/input&amp;#x27;)\n\n    @pytest.mark.parametrize(PD.test_11_3_search_by_keys,PD.test_11_3_search_etrade_by_values)\n    def test_11_3_search_etrade_by(driver,search_value,xpath):\n        actions = Actions(driver)\n        etrade = actions.find_element(TD.etrade)\n        etrade.click()\n    \n        search_bar = actions.find_element(TD.search_bar)\n        search_bar.send_keys(search_value)\n        time.sleep(3)\n    \n        count_findings = actions.find_element(TD.count_findings).get_attribute(&amp;#x27;innerText&amp;#x27;)\n        count_findings_number = re.search(r&amp;#x27;\\d+&amp;#x27;, count_findings)\n        if count_findings_number:\n    \n            count_findings_number = int(count_findings_number.group())\n            if count_findings_number &amp;gt; 0:\n    \n                tbodies = driver.find_elements(By.TAG_NAME,&amp;#x27;tbody&amp;#x27;)\n                for tbody in tbodies:\n                    rows = tbody.find_elements(By.TAG_NAME,&amp;quot;tr&amp;quot;)\n                    for row in rows:\n                        driver.implicitly_wait(3)\n                        row.click()\n    \n                        update_next_btn = actions.find_element(TD.next_first_btn_etrade)\n                        update_next_btn.click()\n    \n                        driver.implicitly_wait(3)\n                        element_text = actions.find_element(xpath)\n                        element_inner_text=element_text.get_attribute(&amp;#x27;value&amp;#x27;)\n    \n&amp;gt;                       assert search_value == element_inner_text\nE                       AssertionError: assert &amp;#x27;123456&amp;#x27; == &amp;#x27;&amp;#x27;\nE                         \nE                         + 123456\n\ntests\\test_Oz_etrade_tests.py:43: AssertionError\n&#34;}], &#34;tests/test_Oz_etrade_tests.py::test_11_3_search_etrade_by[1111-11-11-xpath2]&#34;: [{&#34;extras&#34;: [], &#34;result&#34;: &#34;Error&#34;, &#34;testId&#34;: &#34;tests/test_Oz_etrade_tests.py::test_11_3_search_etrade_by[1111-11-11-xpath2]::setup&#34;, &#34;duration&#34;: &#34;00:00:19&#34;, &#34;resultsTableRow&#34;: [&#34;&lt;td class=\&#34;col-result\&#34;&gt;Error&lt;/td&gt;&#34;, &#34;&lt;td class=\&#34;col-testId\&#34;&gt;tests/test_Oz_etrade_tests.py::test_11_3_search_etrade_by[1111-11-11-xpath2]::setup&lt;/td&gt;&#34;, &#34;&lt;td class=\&#34;col-duration\&#34;&gt;00:00:19&lt;/td&gt;&#34;, &#34;&lt;td class=\&#34;col-links\&#34;&gt;&lt;/td&gt;&#34;], &#34;log&#34;: &#34;@pytest.fixture()\n    def driver():\n        driver = webdriver_instance()\n        action = Actions(driver)\n        driver.get(&amp;quot;http://test-admin-env.eba-fnn924ys.eu-west-1.elasticbeanstalk.com/&amp;quot;)\n    \n        # MongoDB connection\n        connection_string = &amp;quot;mongodb+srv://qa_agency:!5szveK7%24TE%2493u@cluster0.qnr3p.mongodb.net/&amp;quot;\n        client = pymongo.MongoClient(connection_string)\n        db = client[&amp;#x27;trado_qa&amp;#x27;]\n        collection = db[&amp;#x27;adminusers&amp;#x27;]\n    \n    \n&amp;gt;       logic_bar = action.find_element(TD.login)\n\ntests\\conftest.py:22: \n_ _ _ _ _ _ _ _ _ _ _ _ _ _ _ _ _ _ _ _ _ _ _ _ _ _ _ _ _ _ _ _ _ _ _ _ _ _ _ _ _ _ _ _ \ncommon\\actions.py:24: in find_element\n    element = WebDriverWait(self.driver, 5).until(EC.presence_of_element_located(selector))\n_ _ _ _ _ _ _ _ _ _ _ _ _ _ _ _ _ _ _ _ _ _ _ _ _ _ _ _ _ _ _ _ _ _ _ _ _ _ _ _ _ _ _ _ \n\nself = &amp;lt;selenium.webdriver.support.wait.WebDriverWait (session=&amp;quot;20881bddfb47ed0f7bc1138240dee33b&amp;quot;)&amp;gt;\nmethod = &amp;lt;function presence_of_element_located.&amp;lt;locals&amp;gt;._predicate at 0x000001E2A1C4AE80&amp;gt;\nmessage = &amp;#x27;&amp;#x27;\n\n    def until(self, method: Callable[[D], Union[Literal[False], T]], message: str = &amp;quot;&amp;quot;) -&amp;gt; T:\n        &amp;quot;&amp;quot;&amp;quot;Calls the method provided with the driver as an argument until the \\\n        return value does not evaluate to ``False``.\n    \n        :param method: callable(WebDriver)\n        :param message: optional message for :exc:`TimeoutException`\n        :returns: the result of the last call to `method`\n        :raises: :exc:`selenium.common.exceptions.TimeoutException` if timeout occurs\n        &amp;quot;&amp;quot;&amp;quot;\n        screen = None\n        stacktrace = None\n    \n        end_time = time.monotonic() + self._timeout\n        while True:\n            try:\n                value = method(self._driver)\n                if value:\n                    return value\n            except self._ignored_exceptions as exc:\n                screen = getattr(exc, &amp;quot;screen&amp;quot;, None)\n                stacktrace = getattr(exc, &amp;quot;stacktrace&amp;quot;, None)\n            time.sleep(self._poll)\n            if time.monotonic() &amp;gt; end_time:\n                break\n&amp;gt;       raise TimeoutException(message, screen, stacktrace)\nE       selenium.common.exceptions.TimeoutException: Message: \nE       Stacktrace:\nE       \tGetHandleVerifier [0x00884CE3+225091]\nE       \t(No symbol) [0x007B4E31]\nE       \t(No symbol) [0x00659A7A]\nE       \t(No symbol) [0x0069175B]\nE       \t(No symbol) [0x0069188B]\nE       \t(No symbol) [0x006C7882]\nE       \t(No symbol) [0x006AF5A4]\nE       \t(No symbol) [0x006C5CB0]\nE       \t(No symbol) [0x006AF2F6]\nE       \t(No symbol) [0x006879B9]\nE       \t(No symbol) [0x0068879D]\nE       \tsqlite3_dbdata_init [0x00CF9A83+4064547]\nE       \tsqlite3_dbdata_init [0x00D0108A+4094762]\nE       \tsqlite3_dbdata_init [0x00CFB988+4072488]\nE       \tsqlite3_dbdata_init [0x009FC9E9+930953]\nE       \t(No symbol) [0x007C0804]\nE       \t(No symbol) [0x007BAD28]\nE       \t(No symbol) [0x007BAE51]\nE       \t(No symbol) [0x007ACAC0]\nE       \tBaseThreadInitThunk [0x74FFFCC9+25]\nE       \tRtlGetAppContainerNamedObjectPath [0x771C7C5E+286]\nE       \tRtlGetAppContainerNamedObjectPath [0x771C7C2E+238]\n\n.venv\\Lib\\site-packages\\selenium\\webdriver\\support\\wait.py:105: TimeoutException\n&#34;}], &#34;tests/test_Oz_etrade_tests.py::test_11_3_search_etrade_by[6-xpath3]&#34;: [{&#34;extras&#34;: [], &#34;result&#34;: &#34;Failed&#34;, &#34;testId&#34;: &#34;tests/test_Oz_etrade_tests.py::test_11_3_search_etrade_by[6-xpath3]&#34;, &#34;duration&#34;: &#34;00:00:23&#34;, &#34;resultsTableRow&#34;: [&#34;&lt;td class=\&#34;col-result\&#34;&gt;Failed&lt;/td&gt;&#34;, &#34;&lt;td class=\&#34;col-testId\&#34;&gt;tests/test_Oz_etrade_tests.py::test_11_3_search_etrade_by[6-xpath3]&lt;/td&gt;&#34;, &#34;&lt;td class=\&#34;col-duration\&#34;&gt;00:00:23&lt;/td&gt;&#34;, &#34;&lt;td class=\&#34;col-links\&#34;&gt;&lt;/td&gt;&#34;], &#34;log&#34;: &#34;driver = &amp;lt;selenium.webdriver.chrome.webdriver.WebDriver (session=&amp;quot;26698fed5f61961b878a2cb94b4fd4e2&amp;quot;)&amp;gt;\nsearch_value = &amp;#x27;6&amp;#x27;\nxpath = (&amp;#x27;xpath&amp;#x27;, &amp;#x27;//*[@id=&amp;quot;root&amp;quot;]/div[1]/div[4]/div/div/div/form/div[3]/div[1]/span/div/input&amp;#x27;)\n\n    @pytest.mark.parametrize(PD.test_11_3_search_by_keys,PD.test_11_3_search_etrade_by_values)\n    def test_11_3_search_etrade_by(driver,search_value,xpath):\n        actions = Actions(driver)\n        etrade = actions.find_element(TD.etrade)\n        etrade.click()\n    \n        search_bar = actions.find_element(TD.search_bar)\n        search_bar.send_keys(search_value)\n        time.sleep(3)\n    \n        count_findings = actions.find_element(TD.count_findings).get_attribute(&amp;#x27;innerText&amp;#x27;)\n        count_findings_number = re.search(r&amp;#x27;\\d+&amp;#x27;, count_findings)\n        if count_findings_number:\n    \n            count_findings_number = int(count_findings_number.group())\n            if count_findings_number &amp;gt; 0:\n    \n                tbodies = driver.find_elements(By.TAG_NAME,&amp;#x27;tbody&amp;#x27;)\n                for tbody in tbodies:\n                    rows = tbody.find_elements(By.TAG_NAME,&amp;quot;tr&amp;quot;)\n                    for row in rows:\n                        driver.implicitly_wait(3)\n                        row.click()\n    \n                        update_next_btn = actions.find_element(TD.next_first_btn_etrade)\n                        update_next_btn.click()\n    \n                        driver.implicitly_wait(3)\n                        element_text = actions.find_element(xpath)\n                        element_inner_text=element_text.get_attribute(&amp;#x27;value&amp;#x27;)\n    \n&amp;gt;                       assert search_value == element_inner_text\nE                       AssertionError: assert &amp;#x27;6&amp;#x27; == &amp;#x27;[object Object]&amp;#x27;\nE                         \nE                         - [object Object]\nE                         + 6\n\ntests\\test_Oz_etrade_tests.py:43: AssertionError\n&#34;}], &#34;tests/test_Oz_etrade_tests.py::test_11_5_edit_etrade[edit_id0-1111-11-11]&#34;: [{&#34;extras&#34;: [], &#34;result&#34;: &#34;Passed&#34;, &#34;testId&#34;: &#34;tests/test_Oz_etrade_tests.py::test_11_5_edit_etrade[edit_id0-1111-11-11]&#34;, &#34;duration&#34;: &#34;00:00:32&#34;, &#34;resultsTableRow&#34;: [&#34;&lt;td class=\&#34;col-result\&#34;&gt;Passed&lt;/td&gt;&#34;, &#34;&lt;td class=\&#34;col-testId\&#34;&gt;tests/test_Oz_etrade_tests.py::test_11_5_edit_etrade[edit_id0-1111-11-11]&lt;/td&gt;&#34;, &#34;&lt;td class=\&#34;col-duration\&#34;&gt;00:00:32&lt;/td&gt;&#34;, &#34;&lt;td class=\&#34;col-links\&#34;&gt;&lt;/td&gt;&#34;], &#34;log&#34;: &#34;No log output captured.&#34;}], &#34;tests/test_Oz_etrade_tests.py::test_11_5_edit_etrade[edit_id1-156456]&#34;: [{&#34;extras&#34;: [], &#34;result&#34;: &#34;Passed&#34;, &#34;testId&#34;: &#34;tests/test_Oz_etrade_tests.py::test_11_5_edit_etrade[edit_id1-156456]&#34;, &#34;duration&#34;: &#34;00:00:23&#34;, &#34;resultsTableRow&#34;: [&#34;&lt;td class=\&#34;col-result\&#34;&gt;Passed&lt;/td&gt;&#34;, &#34;&lt;td class=\&#34;col-testId\&#34;&gt;tests/test_Oz_etrade_tests.py::test_11_5_edit_etrade[edit_id1-156456]&lt;/td&gt;&#34;, &#34;&lt;td class=\&#34;col-duration\&#34;&gt;00:00:23&lt;/td&gt;&#34;, &#34;&lt;td class=\&#34;col-links\&#34;&gt;&lt;/td&gt;&#34;], &#34;log&#34;: &#34;No log output captured.&#34;}], &#34;tests/test_Oz_etrade_tests.py::test_11_5_edit_etrade[edit_id2-200]&#34;: [{&#34;extras&#34;: [], &#34;result&#34;: &#34;Error&#34;, &#34;testId&#34;: &#34;tests/test_Oz_etrade_tests.py::test_11_5_edit_etrade[edit_id2-200]::setup&#34;, &#34;duration&#34;: &#34;00:00:21&#34;, &#34;resultsTableRow&#34;: [&#34;&lt;td class=\&#34;col-result\&#34;&gt;Error&lt;/td&gt;&#34;, &#34;&lt;td class=\&#34;col-testId\&#34;&gt;tests/test_Oz_etrade_tests.py::test_11_5_edit_etrade[edit_id2-200]::setup&lt;/td&gt;&#34;, &#34;&lt;td class=\&#34;col-duration\&#34;&gt;00:00:21&lt;/td&gt;&#34;, &#34;&lt;td class=\&#34;col-links\&#34;&gt;&lt;/td&gt;&#34;], &#34;log&#34;: &#34;@pytest.fixture()\n    def driver():\n        driver = webdriver_instance()\n        action = Actions(driver)\n        driver.get(&amp;quot;http://test-admin-env.eba-fnn924ys.eu-west-1.elasticbeanstalk.com/&amp;quot;)\n    \n        # MongoDB connection\n        connection_string = &amp;quot;mongodb+srv://qa_agency:!5szveK7%24TE%2493u@cluster0.qnr3p.mongodb.net/&amp;quot;\n        client = pymongo.MongoClient(connection_string)\n        db = client[&amp;#x27;trado_qa&amp;#x27;]\n        collection = db[&amp;#x27;adminusers&amp;#x27;]\n    \n    \n&amp;gt;       logic_bar = action.find_element(TD.login)\n\ntests\\conftest.py:22: \n_ _ _ _ _ _ _ _ _ _ _ _ _ _ _ _ _ _ _ _ _ _ _ _ _ _ _ _ _ _ _ _ _ _ _ _ _ _ _ _ _ _ _ _ \ncommon\\actions.py:24: in find_element\n    element = WebDriverWait(self.driver, 5).until(EC.presence_of_element_located(selector))\n_ _ _ _ _ _ _ _ _ _ _ _ _ _ _ _ _ _ _ _ _ _ _ _ _ _ _ _ _ _ _ _ _ _ _ _ _ _ _ _ _ _ _ _ \n\nself = &amp;lt;selenium.webdriver.support.wait.WebDriverWait (session=&amp;quot;5070328fe4484f756877a6da9ffdc983&amp;quot;)&amp;gt;\nmethod = &amp;lt;function presence_of_element_located.&amp;lt;locals&amp;gt;._predicate at 0x000001E2A1C4BC40&amp;gt;\nmessage = &amp;#x27;&amp;#x27;\n\n    def until(self, method: Callable[[D], Union[Literal[False], T]], message: str = &amp;quot;&amp;quot;) -&amp;gt; T:\n        &amp;quot;&amp;quot;&amp;quot;Calls the method provided with the driver as an argument until the \\\n        return value does not evaluate to ``False``.\n    \n        :param method: callable(WebDriver)\n        :param message: optional message for :exc:`TimeoutException`\n        :returns: the result of the last call to `method`\n        :raises: :exc:`selenium.common.exceptions.TimeoutException` if timeout occurs\n        &amp;quot;&amp;quot;&amp;quot;\n        screen = None\n        stacktrace = None\n    \n        end_time = time.monotonic() + self._timeout\n        while True:\n            try:\n                value = method(self._driver)\n                if value:\n                    return value\n            except self._ignored_exceptions as exc:\n                screen = getattr(exc, &amp;quot;screen&amp;quot;, None)\n                stacktrace = getattr(exc, &amp;quot;stacktrace&amp;quot;, None)\n            time.sleep(self._poll)\n            if time.monotonic() &amp;gt; end_time:\n                break\n&amp;gt;       raise TimeoutException(message, screen, stacktrace)\nE       selenium.common.exceptions.TimeoutException: Message: \nE       Stacktrace:\nE       \tGetHandleVerifier [0x00884CE3+225091]\nE       \t(No symbol) [0x007B4E31]\nE       \t(No symbol) [0x00659A7A]\nE       \t(No symbol) [0x0069175B]\nE       \t(No symbol) [0x0069188B]\nE       \t(No symbol) [0x006C7882]\nE       \t(No symbol) [0x006AF5A4]\nE       \t(No symbol) [0x006C5CB0]\nE       \t(No symbol) [0x006AF2F6]\nE       \t(No symbol) [0x006879B9]\nE       \t(No symbol) [0x0068879D]\nE       \tsqlite3_dbdata_init [0x00CF9A83+4064547]\nE       \tsqlite3_dbdata_init [0x00D0108A+4094762]\nE       \tsqlite3_dbdata_init [0x00CFB988+4072488]\nE       \tsqlite3_dbdata_init [0x009FC9E9+930953]\nE       \t(No symbol) [0x007C0804]\nE       \t(No symbol) [0x007BAD28]\nE       \t(No symbol) [0x007BAE51]\nE       \t(No symbol) [0x007ACAC0]\nE       \tBaseThreadInitThunk [0x74FFFCC9+25]\nE       \tRtlGetAppContainerNamedObjectPath [0x771C7C5E+286]\nE       \tRtlGetAppContainerNamedObjectPath [0x771C7C2E+238]\n\n.venv\\Lib\\site-packages\\selenium\\webdriver\\support\\wait.py:105: TimeoutException\n&#34;}], &#34;tests/test_Oz_etrade_tests.py::test_11_5_edit_etrade[edit_id3-666]&#34;: [{&#34;extras&#34;: [], &#34;result&#34;: &#34;Failed&#34;, &#34;testId&#34;: &#34;tests/test_Oz_etrade_tests.py::test_11_5_edit_etrade[edit_id3-666]&#34;, &#34;duration&#34;: &#34;00:00:25&#34;, &#34;resultsTableRow&#34;: [&#34;&lt;td class=\&#34;col-result\&#34;&gt;Failed&lt;/td&gt;&#34;, &#34;&lt;td class=\&#34;col-testId\&#34;&gt;tests/test_Oz_etrade_tests.py::test_11_5_edit_etrade[edit_id3-666]&lt;/td&gt;&#34;, &#34;&lt;td class=\&#34;col-duration\&#34;&gt;00:00:25&lt;/td&gt;&#34;, &#34;&lt;td class=\&#34;col-links\&#34;&gt;&lt;/td&gt;&#34;], &#34;log&#34;: &#34;driver = &amp;lt;selenium.webdriver.chrome.webdriver.WebDriver (session=&amp;quot;f3566e521302d883b09cb997689d0780&amp;quot;)&amp;gt;\nedit_id = (&amp;#x27;xpath&amp;#x27;, &amp;#x27;//*[@id=&amp;quot;root&amp;quot;]/div[1]/div[4]/div/div/div/form/div[3]/div[1]/span/div/input&amp;#x27;)\nedit_value = &amp;#x27;666&amp;#x27;\n\n    @pytest.mark.parametrize(PD.edit_test_etrade_11_5_keys,PD.edit_test_etrade_11_5_values)\n    def test_11_5_edit_etrade(driver,edit_id, edit_value):\n        actions = Actions(driver)\n        etrade = actions.find_element(TD.etrade)\n        etrade.click()\n    \n        row = find_row_by_index(driver, 2)\n        row.click()\n    \n        update_next_btn = actions.find_element(TD.next_first_btn_etrade)\n        update_next_btn.click()\n    \n        edit_element = actions.find_element(edit_id)\n    \n        edit_element.send_keys(Keys.CONTROL + &amp;#x27;a&amp;#x27;)\n        edit_element.send_keys(Keys.BACKSPACE)\n    \n        edit_element.send_keys(edit_value)\n    \n        submit_btn = actions.find_element(TD.submit_etrade_update_btn)\n        submit_btn.click()\n&amp;gt;       submit_btn.click()\n\ntests\\test_Oz_etrade_tests.py:70: \n_ _ _ _ _ _ _ _ _ _ _ _ _ _ _ _ _ _ _ _ _ _ _ _ _ _ _ _ _ _ _ _ _ _ _ _ _ _ _ _ _ _ _ _ \n.venv\\Lib\\site-packages\\selenium\\webdriver\\remote\\webelement.py:94: in click\n    self._execute(Command.CLICK_ELEMENT)\n.venv\\Lib\\site-packages\\selenium\\webdriver\\remote\\webelement.py:395: in _execute\n    return self._parent.execute(command, params)\n.venv\\Lib\\site-packages\\selenium\\webdriver\\remote\\webdriver.py:347: in execute\n    self.error_handler.check_response(response)\n_ _ _ _ _ _ _ _ _ _ _ _ _ _ _ _ _ _ _ _ _ _ _ _ _ _ _ _ _ _ _ _ _ _ _ _ _ _ _ _ _ _ _ _ \n\nself = &amp;lt;selenium.webdriver.remote.errorhandler.ErrorHandler object at 0x000001E2A1CA25D0&amp;gt;\nresponse = {&amp;#x27;status&amp;#x27;: 400, &amp;#x27;value&amp;#x27;: &amp;#x27;{&amp;quot;value&amp;quot;:{&amp;quot;error&amp;quot;:&amp;quot;element click intercepted&amp;quot;,&amp;quot;message&amp;quot;:&amp;quot;element click intercepted: Element ...\\n\\\\tRtlGetAppContainerNamedObjectPath [0x771C7C5E+286]\\\\n\\\\tRtlGetAppContainerNamedObjectPath [0x771C7C2E+238]\\\\n&amp;quot;}}&amp;#x27;}\n\n    def check_response(self, response: Dict[str, Any]) -&amp;gt; None:\n        &amp;quot;&amp;quot;&amp;quot;Checks that a JSON response from the WebDriver does not have an\n        error.\n    \n        :Args:\n         - response - The JSON response from the WebDriver server as a dictionary\n           object.\n    \n        :Raises: If the response contains an error message.\n        &amp;quot;&amp;quot;&amp;quot;\n        status = response.get(&amp;quot;status&amp;quot;, None)\n        if not status or status == ErrorCode.SUCCESS:\n            return\n        value = None\n        message = response.get(&amp;quot;message&amp;quot;, &amp;quot;&amp;quot;)\n        screen: str = response.get(&amp;quot;screen&amp;quot;, &amp;quot;&amp;quot;)\n        stacktrace = None\n        if isinstance(status, int):\n            value_json = response.get(&amp;quot;value&amp;quot;, None)\n            if value_json and isinstance(value_json, str):\n                import json\n    \n                try:\n                    value = json.loads(value_json)\n                    if len(value) == 1:\n                        value = value[&amp;quot;value&amp;quot;]\n                    status = value.get(&amp;quot;error&amp;quot;, None)\n                    if not status:\n                        status = value.get(&amp;quot;status&amp;quot;, ErrorCode.UNKNOWN_ERROR)\n                        message = value.get(&amp;quot;value&amp;quot;) or value.get(&amp;quot;message&amp;quot;)\n                        if not isinstance(message, str):\n                            value = message\n                            message = message.get(&amp;quot;message&amp;quot;)\n                    else:\n                        message = value.get(&amp;quot;message&amp;quot;, None)\n                except ValueError:\n                    pass\n    \n        exception_class: Type[WebDriverException]\n        e = ErrorCode()\n        error_codes = [item for item in dir(e) if not item.startswith(&amp;quot;__&amp;quot;)]\n        for error_code in error_codes:\n            error_info = getattr(ErrorCode, error_code)\n            if isinstance(error_info, list) and status in error_info:\n                exception_class = getattr(ExceptionMapping, error_code, WebDriverException)\n                break\n        else:\n            exception_class = WebDriverException\n    \n        if not value:\n            value = response[&amp;quot;value&amp;quot;]\n        if isinstance(value, str):\n            raise exception_class(value)\n        if message == &amp;quot;&amp;quot; and &amp;quot;message&amp;quot; in value:\n            message = value[&amp;quot;message&amp;quot;]\n    \n        screen = None  # type: ignore[assignment]\n        if &amp;quot;screen&amp;quot; in value:\n            screen = value[&amp;quot;screen&amp;quot;]\n    \n        stacktrace = None\n        st_value = value.get(&amp;quot;stackTrace&amp;quot;) or value.get(&amp;quot;stacktrace&amp;quot;)\n        if st_value:\n            if isinstance(st_value, str):\n                stacktrace = st_value.split(&amp;quot;\\n&amp;quot;)\n            else:\n                stacktrace = []\n                try:\n                    for frame in st_value:\n                        line = frame.get(&amp;quot;lineNumber&amp;quot;, &amp;quot;&amp;quot;)\n                        file = frame.get(&amp;quot;fileName&amp;quot;, &amp;quot;&amp;lt;anonymous&amp;gt;&amp;quot;)\n                        if line:\n                            file = f&amp;quot;{file}:{line}&amp;quot;\n                        meth = frame.get(&amp;quot;methodName&amp;quot;, &amp;quot;&amp;lt;anonymous&amp;gt;&amp;quot;)\n                        if &amp;quot;className&amp;quot; in frame:\n                            meth = f&amp;quot;{frame[&amp;#x27;className&amp;#x27;]}.{meth}&amp;quot;\n                        msg = &amp;quot;    at %s (%s)&amp;quot;\n                        msg = msg % (meth, file)\n                        stacktrace.append(msg)\n                except TypeError:\n                    pass\n        if exception_class == UnexpectedAlertPresentException:\n            alert_text = None\n            if &amp;quot;data&amp;quot; in value:\n                alert_text = value[&amp;quot;data&amp;quot;].get(&amp;quot;text&amp;quot;)\n            elif &amp;quot;alert&amp;quot; in value:\n                alert_text = value[&amp;quot;alert&amp;quot;].get(&amp;quot;text&amp;quot;)\n            raise exception_class(message, screen, stacktrace, alert_text)  # type: ignore[call-arg]  # mypy is not smart enough here\n&amp;gt;       raise exception_class(message, screen, stacktrace)\nE       selenium.common.exceptions.ElementClickInterceptedException: Message: element click intercepted: Element &amp;lt;input type=&amp;quot;submit&amp;quot; class=&amp;quot;form_submitBtn&amp;quot; value=&amp;quot;\u05e2\u05d3\u05db\u05d5\u05df&amp;quot;&amp;gt; is not clickable at point (464, 239). Other element would receive the click: &amp;lt;div class=&amp;quot;loader_loader loader_loading&amp;quot;&amp;gt;&amp;lt;/div&amp;gt;\nE         (Session info: chrome=123.0.6312.106)\nE       Stacktrace:\nE       \tGetHandleVerifier [0x00884CE3+225091]\nE       \t(No symbol) [0x007B4E31]\nE       \t(No symbol) [0x00659A7A]\nE       \t(No symbol) [0x00696D42]\nE       \t(No symbol) [0x00695574]\nE       \t(No symbol) [0x006935DB]\nE       \t(No symbol) [0x006927BA]\nE       \t(No symbol) [0x006898DE]\nE       \t(No symbol) [0x006AF55C]\nE       \t(No symbol) [0x0068930E]\nE       \t(No symbol) [0x006AF7F4]\nE       \t(No symbol) [0x006C5CB0]\nE       \t(No symbol) [0x006AF2F6]\nE       \t(No symbol) [0x006879B9]\nE       \t(No symbol) [0x0068879D]\nE       \tsqlite3_dbdata_init [0x00CF9A83+4064547]\nE       \tsqlite3_dbdata_init [0x00D0108A+4094762]\nE       \tsqlite3_dbdata_init [0x00CFB988+4072488]\nE       \tsqlite3_dbdata_init [0x009FC9E9+930953]\nE       \t(No symbol) [0x007C0804]\nE       \t(No symbol) [0x007BAD28]\nE       \t(No symbol) [0x007BAE51]\nE       \t(No symbol) [0x007ACAC0]\nE       \tBaseThreadInitThunk [0x74FFFCC9+25]\nE       \tRtlGetAppContainerNamedObjectPath [0x771C7C5E+286]\nE       \tRtlGetAppContainerNamedObjectPath [0x771C7C2E+238]\n\n.venv\\Lib\\site-packages\\selenium\\webdriver\\remote\\errorhandler.py:229: ElementClickInterceptedException\n&#34;}], &#34;tests/test_Oz_info_pages_tests.py::test_18_3_search_info_pages[xpath0-test-defaultValue]&#34;: [{&#34;extras&#34;: [], &#34;result&#34;: &#34;Error&#34;, &#34;testId&#34;: &#34;tests/test_Oz_info_pages_tests.py::test_18_3_search_info_pages[xpath0-test-defaultValue]::setup&#34;, &#34;duration&#34;: &#34;00:00:23&#34;, &#34;resultsTableRow&#34;: [&#34;&lt;td class=\&#34;col-result\&#34;&gt;Error&lt;/td&gt;&#34;, &#34;&lt;td class=\&#34;col-testId\&#34;&gt;tests/test_Oz_info_pages_tests.py::test_18_3_search_info_pages[xpath0-test-defaultValue]::setup&lt;/td&gt;&#34;, &#34;&lt;td class=\&#34;col-duration\&#34;&gt;00:00:23&lt;/td&gt;&#34;, &#34;&lt;td class=\&#34;col-links\&#34;&gt;&lt;/td&gt;&#34;], &#34;log&#34;: &#34;@pytest.fixture()\n    def driver():\n        driver = webdriver_instance()\n        action = Actions(driver)\n        driver.get(&amp;quot;http://test-admin-env.eba-fnn924ys.eu-west-1.elasticbeanstalk.com/&amp;quot;)\n    \n        # MongoDB connection\n        connection_string = &amp;quot;mongodb+srv://qa_agency:!5szveK7%24TE%2493u@cluster0.qnr3p.mongodb.net/&amp;quot;\n        client = pymongo.MongoClient(connection_string)\n        db = client[&amp;#x27;trado_qa&amp;#x27;]\n        collection = db[&amp;#x27;adminusers&amp;#x27;]\n    \n    \n&amp;gt;       logic_bar = action.find_element(TD.login)\n\ntests\\conftest.py:22: \n_ _ _ _ _ _ _ _ _ _ _ _ _ _ _ _ _ _ _ _ _ _ _ _ _ _ _ _ _ _ _ _ _ _ _ _ _ _ _ _ _ _ _ _ \ncommon\\actions.py:24: in find_element\n    element = WebDriverWait(self.driver, 5).until(EC.presence_of_element_located(selector))\n_ _ _ _ _ _ _ _ _ _ _ _ _ _ _ _ _ _ _ _ _ _ _ _ _ _ _ _ _ _ _ _ _ _ _ _ _ _ _ _ _ _ _ _ \n\nself = &amp;lt;selenium.webdriver.support.wait.WebDriverWait (session=&amp;quot;b887c65a6cdf20f0609efc389c1ef5e8&amp;quot;)&amp;gt;\nmethod = &amp;lt;function presence_of_element_located.&amp;lt;locals&amp;gt;._predicate at 0x000001E2A1CE1300&amp;gt;\nmessage = &amp;#x27;&amp;#x27;\n\n    def until(self, method: Callable[[D], Union[Literal[False], T]], message: str = &amp;quot;&amp;quot;) -&amp;gt; T:\n        &amp;quot;&amp;quot;&amp;quot;Calls the method provided with the driver as an argument until the \\\n        return value does not evaluate to ``False``.\n    \n        :param method: callable(WebDriver)\n        :param message: optional message for :exc:`TimeoutException`\n        :returns: the result of the last call to `method`\n        :raises: :exc:`selenium.common.exceptions.TimeoutException` if timeout occurs\n        &amp;quot;&amp;quot;&amp;quot;\n        screen = None\n        stacktrace = None\n    \n        end_time = time.monotonic() + self._timeout\n        while True:\n            try:\n                value = method(self._driver)\n                if value:\n                    return value\n            except self._ignored_exceptions as exc:\n                screen = getattr(exc, &amp;quot;screen&amp;quot;, None)\n                stacktrace = getattr(exc, &amp;quot;stacktrace&amp;quot;, None)\n            time.sleep(self._poll)\n            if time.monotonic() &amp;gt; end_time:\n                break\n&amp;gt;       raise TimeoutException(message, screen, stacktrace)\nE       selenium.common.exceptions.TimeoutException: Message: \nE       Stacktrace:\nE       \tGetHandleVerifier [0x00884CE3+225091]\nE       \t(No symbol) [0x007B4E31]\nE       \t(No symbol) [0x00659A7A]\nE       \t(No symbol) [0x0069175B]\nE       \t(No symbol) [0x0069188B]\nE       \t(No symbol) [0x006C7882]\nE       \t(No symbol) [0x006AF5A4]\nE       \t(No symbol) [0x006C5CB0]\nE       \t(No symbol) [0x006AF2F6]\nE       \t(No symbol) [0x006879B9]\nE       \t(No symbol) [0x0068879D]\nE       \tsqlite3_dbdata_init [0x00CF9A83+4064547]\nE       \tsqlite3_dbdata_init [0x00D0108A+4094762]\nE       \tsqlite3_dbdata_init [0x00CFB988+4072488]\nE       \tsqlite3_dbdata_init [0x009FC9E9+930953]\nE       \t(No symbol) [0x007C0804]\nE       \t(No symbol) [0x007BAD28]\nE       \t(No symbol) [0x007BAE51]\nE       \t(No symbol) [0x007ACAC0]\nE       \tBaseThreadInitThunk [0x74FFFCC9+25]\nE       \tRtlGetAppContainerNamedObjectPath [0x771C7C5E+286]\nE       \tRtlGetAppContainerNamedObjectPath [0x771C7C2E+238]\n\n.venv\\Lib\\site-packages\\selenium\\webdriver\\support\\wait.py:105: TimeoutException\n&#34;}], &#34;tests/test_Oz_info_pages_tests.py::test_18_3_search_info_pages[xpath1-\\u05d0\\u05d5\\u05d3\\u05d5\\u05ea-defaultValue]&#34;: [{&#34;extras&#34;: [], &#34;result&#34;: &#34;Error&#34;, &#34;testId&#34;: &#34;tests/test_Oz_info_pages_tests.py::test_18_3_search_info_pages[xpath1-\\u05d0\\u05d5\\u05d3\\u05d5\\u05ea-defaultValue]::setup&#34;, &#34;duration&#34;: &#34;00:00:21&#34;, &#34;resultsTableRow&#34;: [&#34;&lt;td class=\&#34;col-result\&#34;&gt;Error&lt;/td&gt;&#34;, &#34;&lt;td class=\&#34;col-testId\&#34;&gt;tests/test_Oz_info_pages_tests.py::test_18_3_search_info_pages[xpath1-\\u05d0\\u05d5\\u05d3\\u05d5\\u05ea-defaultValue]::setup&lt;/td&gt;&#34;, &#34;&lt;td class=\&#34;col-duration\&#34;&gt;00:00:21&lt;/td&gt;&#34;, &#34;&lt;td class=\&#34;col-links\&#34;&gt;&lt;/td&gt;&#34;], &#34;log&#34;: &#34;@pytest.fixture()\n    def driver():\n        driver = webdriver_instance()\n        action = Actions(driver)\n        driver.get(&amp;quot;http://test-admin-env.eba-fnn924ys.eu-west-1.elasticbeanstalk.com/&amp;quot;)\n    \n        # MongoDB connection\n        connection_string = &amp;quot;mongodb+srv://qa_agency:!5szveK7%24TE%2493u@cluster0.qnr3p.mongodb.net/&amp;quot;\n        client = pymongo.MongoClient(connection_string)\n        db = client[&amp;#x27;trado_qa&amp;#x27;]\n        collection = db[&amp;#x27;adminusers&amp;#x27;]\n    \n    \n&amp;gt;       logic_bar = action.find_element(TD.login)\n\ntests\\conftest.py:22: \n_ _ _ _ _ _ _ _ _ _ _ _ _ _ _ _ _ _ _ _ _ _ _ _ _ _ _ _ _ _ _ _ _ _ _ _ _ _ _ _ _ _ _ _ \ncommon\\actions.py:24: in find_element\n    element = WebDriverWait(self.driver, 5).until(EC.presence_of_element_located(selector))\n_ _ _ _ _ _ _ _ _ _ _ _ _ _ _ _ _ _ _ _ _ _ _ _ _ _ _ _ _ _ _ _ _ _ _ _ _ _ _ _ _ _ _ _ \n\nself = &amp;lt;selenium.webdriver.support.wait.WebDriverWait (session=&amp;quot;53d8a47be427ce126d517bc1d0b6e54e&amp;quot;)&amp;gt;\nmethod = &amp;lt;function presence_of_element_located.&amp;lt;locals&amp;gt;._predicate at 0x000001E2A1CE0540&amp;gt;\nmessage = &amp;#x27;&amp;#x27;\n\n    def until(self, method: Callable[[D], Union[Literal[False], T]], message: str = &amp;quot;&amp;quot;) -&amp;gt; T:\n        &amp;quot;&amp;quot;&amp;quot;Calls the method provided with the driver as an argument until the \\\n        return value does not evaluate to ``False``.\n    \n        :param method: callable(WebDriver)\n        :param message: optional message for :exc:`TimeoutException`\n        :returns: the result of the last call to `method`\n        :raises: :exc:`selenium.common.exceptions.TimeoutException` if timeout occurs\n        &amp;quot;&amp;quot;&amp;quot;\n        screen = None\n        stacktrace = None\n    \n        end_time = time.monotonic() + self._timeout\n        while True:\n            try:\n                value = method(self._driver)\n                if value:\n                    return value\n            except self._ignored_exceptions as exc:\n                screen = getattr(exc, &amp;quot;screen&amp;quot;, None)\n                stacktrace = getattr(exc, &amp;quot;stacktrace&amp;quot;, None)\n            time.sleep(self._poll)\n            if time.monotonic() &amp;gt; end_time:\n                break\n&amp;gt;       raise TimeoutException(message, screen, stacktrace)\nE       selenium.common.exceptions.TimeoutException: Message: \nE       Stacktrace:\nE       \tGetHandleVerifier [0x00884CE3+225091]\nE       \t(No symbol) [0x007B4E31]\nE       \t(No symbol) [0x00659A7A]\nE       \t(No symbol) [0x0069175B]\nE       \t(No symbol) [0x0069188B]\nE       \t(No symbol) [0x006C7882]\nE       \t(No symbol) [0x006AF5A4]\nE       \t(No symbol) [0x006C5CB0]\nE       \t(No symbol) [0x006AF2F6]\nE       \t(No symbol) [0x006879B9]\nE       \t(No symbol) [0x0068879D]\nE       \tsqlite3_dbdata_init [0x00CF9A83+4064547]\nE       \tsqlite3_dbdata_init [0x00D0108A+4094762]\nE       \tsqlite3_dbdata_init [0x00CFB988+4072488]\nE       \tsqlite3_dbdata_init [0x009FC9E9+930953]\nE       \t(No symbol) [0x007C0804]\nE       \t(No symbol) [0x007BAD28]\nE       \t(No symbol) [0x007BAE51]\nE       \t(No symbol) [0x007ACAC0]\nE       \tBaseThreadInitThunk [0x74FFFCC9+25]\nE       \tRtlGetAppContainerNamedObjectPath [0x771C7C5E+286]\nE       \tRtlGetAppContainerNamedObjectPath [0x771C7C2E+238]\n\n.venv\\Lib\\site-packages\\selenium\\webdriver\\support\\wait.py:105: TimeoutException\n&#34;}], &#34;tests/test_Oz_info_pages_tests.py::test_18_3_search_info_pages[xpath2-test \\u05e2\\u05d5\\u05d1\\u05d3-innerText]&#34;: [{&#34;extras&#34;: [], &#34;result&#34;: &#34;Error&#34;, &#34;testId&#34;: &#34;tests/test_Oz_info_pages_tests.py::test_18_3_search_info_pages[xpath2-test \\u05e2\\u05d5\\u05d1\\u05d3-innerText]::setup&#34;, &#34;duration&#34;: &#34;00:00:19&#34;, &#34;resultsTableRow&#34;: [&#34;&lt;td class=\&#34;col-result\&#34;&gt;Error&lt;/td&gt;&#34;, &#34;&lt;td class=\&#34;col-testId\&#34;&gt;tests/test_Oz_info_pages_tests.py::test_18_3_search_info_pages[xpath2-test \\u05e2\\u05d5\\u05d1\\u05d3-innerText]::setup&lt;/td&gt;&#34;, &#34;&lt;td class=\&#34;col-duration\&#34;&gt;00:00:19&lt;/td&gt;&#34;, &#34;&lt;td class=\&#34;col-links\&#34;&gt;&lt;/td&gt;&#34;], &#34;log&#34;: &#34;@pytest.fixture()\n    def driver():\n        driver = webdriver_instance()\n        action = Actions(driver)\n        driver.get(&amp;quot;http://test-admin-env.eba-fnn924ys.eu-west-1.elasticbeanstalk.com/&amp;quot;)\n    \n        # MongoDB connection\n        connection_string = &amp;quot;mongodb+srv://qa_agency:!5szveK7%24TE%2493u@cluster0.qnr3p.mongodb.net/&amp;quot;\n        client = pymongo.MongoClient(connection_string)\n        db = client[&amp;#x27;trado_qa&amp;#x27;]\n        collection = db[&amp;#x27;adminusers&amp;#x27;]\n    \n    \n&amp;gt;       logic_bar = action.find_element(TD.login)\n\ntests\\conftest.py:22: \n_ _ _ _ _ _ _ _ _ _ _ _ _ _ _ _ _ _ _ _ _ _ _ _ _ _ _ _ _ _ _ _ _ _ _ _ _ _ _ _ _ _ _ _ \ncommon\\actions.py:24: in find_element\n    element = WebDriverWait(self.driver, 5).until(EC.presence_of_element_located(selector))\n_ _ _ _ _ _ _ _ _ _ _ _ _ _ _ _ _ _ _ _ _ _ _ _ _ _ _ _ _ _ _ _ _ _ _ _ _ _ _ _ _ _ _ _ \n\nself = &amp;lt;selenium.webdriver.support.wait.WebDriverWait (session=&amp;quot;8f3c0a9d323b1c9e4b267c04e2867655&amp;quot;)&amp;gt;\nmethod = &amp;lt;function presence_of_element_located.&amp;lt;locals&amp;gt;._predicate at 0x000001E2A1C4BC40&amp;gt;\nmessage = &amp;#x27;&amp;#x27;\n\n    def until(self, method: Callable[[D], Union[Literal[False], T]], message: str = &amp;quot;&amp;quot;) -&amp;gt; T:\n        &amp;quot;&amp;quot;&amp;quot;Calls the method provided with the driver as an argument until the \\\n        return value does not evaluate to ``False``.\n    \n        :param method: callable(WebDriver)\n        :param message: optional message for :exc:`TimeoutException`\n        :returns: the result of the last call to `method`\n        :raises: :exc:`selenium.common.exceptions.TimeoutException` if timeout occurs\n        &amp;quot;&amp;quot;&amp;quot;\n        screen = None\n        stacktrace = None\n    \n        end_time = time.monotonic() + self._timeout\n        while True:\n            try:\n                value = method(self._driver)\n                if value:\n                    return value\n            except self._ignored_exceptions as exc:\n                screen = getattr(exc, &amp;quot;screen&amp;quot;, None)\n                stacktrace = getattr(exc, &amp;quot;stacktrace&amp;quot;, None)\n            time.sleep(self._poll)\n            if time.monotonic() &amp;gt; end_time:\n                break\n&amp;gt;       raise TimeoutException(message, screen, stacktrace)\nE       selenium.common.exceptions.TimeoutException: Message: \nE       Stacktrace:\nE       \tGetHandleVerifier [0x00884CE3+225091]\nE       \t(No symbol) [0x007B4E31]\nE       \t(No symbol) [0x00659A7A]\nE       \t(No symbol) [0x0069175B]\nE       \t(No symbol) [0x0069188B]\nE       \t(No symbol) [0x006C7882]\nE       \t(No symbol) [0x006AF5A4]\nE       \t(No symbol) [0x006C5CB0]\nE       \t(No symbol) [0x006AF2F6]\nE       \t(No symbol) [0x006879B9]\nE       \t(No symbol) [0x0068879D]\nE       \tsqlite3_dbdata_init [0x00CF9A83+4064547]\nE       \tsqlite3_dbdata_init [0x00D0108A+4094762]\nE       \tsqlite3_dbdata_init [0x00CFB988+4072488]\nE       \tsqlite3_dbdata_init [0x009FC9E9+930953]\nE       \t(No symbol) [0x007C0804]\nE       \t(No symbol) [0x007BAD28]\nE       \t(No symbol) [0x007BAE51]\nE       \t(No symbol) [0x007ACAC0]\nE       \tBaseThreadInitThunk [0x74FFFCC9+25]\nE       \tRtlGetAppContainerNamedObjectPath [0x771C7C5E+286]\nE       \tRtlGetAppContainerNamedObjectPath [0x771C7C2E+238]\n\n.venv\\Lib\\site-packages\\selenium\\webdriver\\support\\wait.py:105: TimeoutException\n&#34;}], &#34;tests/test_Oz_login_tests.py::test_26_1_1_login&#34;: [{&#34;extras&#34;: [], &#34;result&#34;: &#34;Failed&#34;, &#34;testId&#34;: &#34;tests/test_Oz_login_tests.py::test_26_1_1_login&#34;, &#34;duration&#34;: &#34;00:00:20&#34;, &#34;resultsTableRow&#34;: [&#34;&lt;td class=\&#34;col-result\&#34;&gt;Failed&lt;/td&gt;&#34;, &#34;&lt;td class=\&#34;col-testId\&#34;&gt;tests/test_Oz_login_tests.py::test_26_1_1_login&lt;/td&gt;&#34;, &#34;&lt;td class=\&#34;col-duration\&#34;&gt;00:00:20&lt;/td&gt;&#34;, &#34;&lt;td class=\&#34;col-links\&#34;&gt;&lt;/td&gt;&#34;], &#34;log&#34;: &#34;driver = &amp;lt;selenium.webdriver.chrome.webdriver.WebDriver (session=&amp;quot;51246e8d7ad41c0febfb6daad36e1c4d&amp;quot;)&amp;gt;\n\n    def test_26_1_1_login(driver):\n&amp;gt;       assert driver.current_url == &amp;quot;http://test-admin-env.eba-fnn924ys.eu-west-1.elasticbeanstalk.com/#/&amp;quot;\nE       AssertionError: assert &amp;#x27;http://test-...k.com/#/login&amp;#x27; == &amp;#x27;http://test-...nstalk.com/#/&amp;#x27;\nE         \nE         Skipping 57 identical leading characters in diff, use -v to show\nE         - talk.com/#/\nE         + talk.com/#/login\nE         ?            +++++\n\ntests\\test_Oz_login_tests.py:10: AssertionError\n&#34;}], &#34;tests/test_Oz_login_tests.py::test_26_1_2_logout&#34;: [{&#34;extras&#34;: [], &#34;result&#34;: &#34;Passed&#34;, &#34;testId&#34;: &#34;tests/test_Oz_login_tests.py::test_26_1_2_logout&#34;, &#34;duration&#34;: &#34;00:00:25&#34;, &#34;resultsTableRow&#34;: [&#34;&lt;td class=\&#34;col-result\&#34;&gt;Passed&lt;/td&gt;&#34;, &#34;&lt;td class=\&#34;col-testId\&#34;&gt;tests/test_Oz_login_tests.py::test_26_1_2_logout&lt;/td&gt;&#34;, &#34;&lt;td class=\&#34;col-duration\&#34;&gt;00:00:25&lt;/td&gt;&#34;, &#34;&lt;td class=\&#34;col-links\&#34;&gt;&lt;/td&gt;&#34;], &#34;log&#34;: &#34;No log output captured.&#34;}]}, &#34;renderCollapsed&#34;: [&#34;passed&#34;], &#34;initialSort&#34;: &#34;result&#34;, &#34;title&#34;: &#34;report.html&#34;}"></div>
    <script>
      (function(){function r(e,n,t){function o(i,f){if(!n[i]){if(!e[i]){var c="function"==typeof require&&require;if(!f&&c)return c(i,!0);if(u)return u(i,!0);var a=new Error("Cannot find module '"+i+"'");throw a.code="MODULE_NOT_FOUND",a}var p=n[i]={exports:{}};e[i][0].call(p.exports,function(r){var n=e[i][1][r];return o(n||r)},p,p.exports,r,e,n,t)}return n[i].exports}for(var u="function"==typeof require&&require,i=0;i<t.length;i++)o(t[i]);return o}return r})()({1:[function(require,module,exports){
const { getCollapsedCategory, setCollapsedIds } = require('./storage.js')

class DataManager {
    setManager(data) {
        const collapsedCategories = [...getCollapsedCategory(data.renderCollapsed)]
        const collapsedIds = []
        const tests = Object.values(data.tests).flat().map((test, index) => {
            const collapsed = collapsedCategories.includes(test.result.toLowerCase())
            const id = `test_${index}`
            if (collapsed) {
                collapsedIds.push(id)
            }
            return {
                ...test,
                id,
                collapsed,
            }
        })
        const dataBlob = { ...data, tests }
        this.data = { ...dataBlob }
        this.renderData = { ...dataBlob }
        setCollapsedIds(collapsedIds)
    }

    get allData() {
        return { ...this.data }
    }

    resetRender() {
        this.renderData = { ...this.data }
    }

    setRender(data) {
        this.renderData.tests = [...data]
    }

    toggleCollapsedItem(id) {
        this.renderData.tests = this.renderData.tests.map((test) =>
            test.id === id ? { ...test, collapsed: !test.collapsed } : test,
        )
    }

    set allCollapsed(collapsed) {
        this.renderData = { ...this.renderData, tests: [...this.renderData.tests.map((test) => (
            { ...test, collapsed }
        ))] }
    }

    get testSubset() {
        return [...this.renderData.tests]
    }

    get environment() {
        return this.renderData.environment
    }

    get initialSort() {
        return this.data.initialSort
    }
}

module.exports = {
    manager: new DataManager(),
}

},{"./storage.js":8}],2:[function(require,module,exports){
const mediaViewer = require('./mediaviewer.js')
const templateEnvRow = document.getElementById('template_environment_row')
const templateResult = document.getElementById('template_results-table__tbody')

function htmlToElements(html) {
    const temp = document.createElement('template')
    temp.innerHTML = html
    return temp.content.childNodes
}

const find = (selector, elem) => {
    if (!elem) {
        elem = document
    }
    return elem.querySelector(selector)
}

const findAll = (selector, elem) => {
    if (!elem) {
        elem = document
    }
    return [...elem.querySelectorAll(selector)]
}

const dom = {
    getStaticRow: (key, value) => {
        const envRow = templateEnvRow.content.cloneNode(true)
        const isObj = typeof value === 'object' && value !== null
        const values = isObj ? Object.keys(value).map((k) => `${k}: ${value[k]}`) : null

        const valuesElement = htmlToElements(
            values ? `<ul>${values.map((val) => `<li>${val}</li>`).join('')}<ul>` : `<div>${value}</div>`)[0]
        const td = findAll('td', envRow)
        td[0].textContent = key
        td[1].appendChild(valuesElement)

        return envRow
    },
    getResultTBody: ({ testId, id, log, extras, resultsTableRow, tableHtml, result, collapsed }) => {
        const resultBody = templateResult.content.cloneNode(true)
        resultBody.querySelector('tbody').classList.add(result.toLowerCase())
        resultBody.querySelector('tbody').id = testId
        resultBody.querySelector('.collapsible').dataset.id = id

        resultsTableRow.forEach((html) => {
            const t = document.createElement('template')
            t.innerHTML = html
            resultBody.querySelector('.collapsible').appendChild(t.content)
        })

        if (log) {
            // Wrap lines starting with "E" with span.error to color those lines red
            const wrappedLog = log.replace(/^E.*$/gm, (match) => `<span class="error">${match}</span>`)
            resultBody.querySelector('.log').innerHTML = wrappedLog
        } else {
            resultBody.querySelector('.log').remove()
        }

        if (collapsed) {
            resultBody.querySelector('.collapsible > td')?.classList.add('collapsed')
            resultBody.querySelector('.extras-row').classList.add('hidden')
        } else {
            resultBody.querySelector('.collapsible > td')?.classList.remove('collapsed')
        }

        const media = []
        extras?.forEach(({ name, format_type, content }) => {
            if (['image', 'video'].includes(format_type)) {
                media.push({ path: content, name, format_type })
            }

            if (format_type === 'html') {
                resultBody.querySelector('.extraHTML').insertAdjacentHTML('beforeend', `<div>${content}</div>`)
            }
        })
        mediaViewer.setup(resultBody, media)

        // Add custom html from the pytest_html_results_table_html hook
        tableHtml?.forEach((item) => {
            resultBody.querySelector('td[class="extra"]').insertAdjacentHTML('beforeend', item)
        })

        return resultBody
    },
}

module.exports = {
    dom,
    htmlToElements,
    find,
    findAll,
}

},{"./mediaviewer.js":6}],3:[function(require,module,exports){
const { manager } = require('./datamanager.js')
const { doSort } = require('./sort.js')
const storageModule = require('./storage.js')

const getFilteredSubSet = (filter) =>
    manager.allData.tests.filter(({ result }) => filter.includes(result.toLowerCase()))

const doInitFilter = () => {
    const currentFilter = storageModule.getVisible()
    const filteredSubset = getFilteredSubSet(currentFilter)
    manager.setRender(filteredSubset)
}

const doFilter = (type, show) => {
    if (show) {
        storageModule.showCategory(type)
    } else {
        storageModule.hideCategory(type)
    }

    const currentFilter = storageModule.getVisible()
    const filteredSubset = getFilteredSubSet(currentFilter)
    manager.setRender(filteredSubset)

    const sortColumn = storageModule.getSort()
    doSort(sortColumn, true)
}

module.exports = {
    doFilter,
    doInitFilter,
}

},{"./datamanager.js":1,"./sort.js":7,"./storage.js":8}],4:[function(require,module,exports){
const { redraw, bindEvents, renderStatic } = require('./main.js')
const { doInitFilter } = require('./filter.js')
const { doInitSort } = require('./sort.js')
const { manager } = require('./datamanager.js')
const data = JSON.parse(document.getElementById('data-container').dataset.jsonblob)

function init() {
    manager.setManager(data)
    doInitFilter()
    doInitSort()
    renderStatic()
    redraw()
    bindEvents()
}

init()

},{"./datamanager.js":1,"./filter.js":3,"./main.js":5,"./sort.js":7}],5:[function(require,module,exports){
const { dom, find, findAll } = require('./dom.js')
const { manager } = require('./datamanager.js')
const { doSort } = require('./sort.js')
const { doFilter } = require('./filter.js')
const {
    getVisible,
    getCollapsedIds,
    setCollapsedIds,
    getSort,
    getSortDirection,
    possibleFilters,
} = require('./storage.js')

const removeChildren = (node) => {
    while (node.firstChild) {
        node.removeChild(node.firstChild)
    }
}

const renderStatic = () => {
    const renderEnvironmentTable = () => {
        const environment = manager.environment
        const rows = Object.keys(environment).map((key) => dom.getStaticRow(key, environment[key]))
        const table = document.getElementById('environment')
        removeChildren(table)
        rows.forEach((row) => table.appendChild(row))
    }
    renderEnvironmentTable()
}

const addItemToggleListener = (elem) => {
    elem.addEventListener('click', ({ target }) => {
        const id = target.parentElement.dataset.id
        manager.toggleCollapsedItem(id)

        const collapsedIds = getCollapsedIds()
        if (collapsedIds.includes(id)) {
            const updated = collapsedIds.filter((item) => item !== id)
            setCollapsedIds(updated)
        } else {
            collapsedIds.push(id)
            setCollapsedIds(collapsedIds)
        }
        redraw()
    })
}

const renderContent = (tests) => {
    const sortAttr = getSort(manager.initialSort)
    const sortAsc = JSON.parse(getSortDirection())
    const rows = tests.map(dom.getResultTBody)
    const table = document.getElementById('results-table')
    const tableHeader = document.getElementById('results-table-head')

    const newTable = document.createElement('table')
    newTable.id = 'results-table'

    // remove all sorting classes and set the relevant
    findAll('.sortable', tableHeader).forEach((elem) => elem.classList.remove('asc', 'desc'))
    tableHeader.querySelector(`.sortable[data-column-type="${sortAttr}"]`)?.classList.add(sortAsc ? 'desc' : 'asc')
    newTable.appendChild(tableHeader)

    if (!rows.length) {
        const emptyTable = document.getElementById('template_results-table__body--empty').content.cloneNode(true)
        newTable.appendChild(emptyTable)
    } else {
        rows.forEach((row) => {
            if (!!row) {
                findAll('.collapsible td:not(.col-links', row).forEach(addItemToggleListener)
                find('.logexpander', row).addEventListener('click',
                    (evt) => evt.target.parentNode.classList.toggle('expanded'),
                )
                newTable.appendChild(row)
            }
        })
    }

    table.replaceWith(newTable)
}

const renderDerived = () => {
    const currentFilter = getVisible()
    possibleFilters.forEach((result) => {
        const input = document.querySelector(`input[data-test-result="${result}"]`)
        input.checked = currentFilter.includes(result)
    })
}

const bindEvents = () => {
    const filterColumn = (evt) => {
        const { target: element } = evt
        const { testResult } = element.dataset

        doFilter(testResult, element.checked)
        const collapsedIds = getCollapsedIds()
        const updated = manager.renderData.tests.map((test) => {
            return {
                ...test,
                collapsed: collapsedIds.includes(test.id),
            }
        })
        manager.setRender(updated)
        redraw()
    }

    const header = document.getElementById('environment-header')
    header.addEventListener('click', () => {
        const table = document.getElementById('environment')
        table.classList.toggle('hidden')
        header.classList.toggle('collapsed')
    })

    findAll('input[name="filter_checkbox"]').forEach((elem) => {
        elem.addEventListener('click', filterColumn)
    })

    findAll('.sortable').forEach((elem) => {
        elem.addEventListener('click', (evt) => {
            const { target: element } = evt
            const { columnType } = element.dataset
            doSort(columnType)
            redraw()
        })
    })

    document.getElementById('show_all_details').addEventListener('click', () => {
        manager.allCollapsed = false
        setCollapsedIds([])
        redraw()
    })
    document.getElementById('hide_all_details').addEventListener('click', () => {
        manager.allCollapsed = true
        const allIds = manager.renderData.tests.map((test) => test.id)
        setCollapsedIds(allIds)
        redraw()
    })
}

const redraw = () => {
    const { testSubset } = manager

    renderContent(testSubset)
    renderDerived()
}

module.exports = {
    redraw,
    bindEvents,
    renderStatic,
}

},{"./datamanager.js":1,"./dom.js":2,"./filter.js":3,"./sort.js":7,"./storage.js":8}],6:[function(require,module,exports){
class MediaViewer {
    constructor(assets) {
        this.assets = assets
        this.index = 0
    }

    nextActive() {
        this.index = this.index === this.assets.length - 1 ? 0 : this.index + 1
        return [this.activeFile, this.index]
    }

    prevActive() {
        this.index = this.index === 0 ? this.assets.length - 1 : this.index -1
        return [this.activeFile, this.index]
    }

    get currentIndex() {
        return this.index
    }

    get activeFile() {
        return this.assets[this.index]
    }
}


const setup = (resultBody, assets) => {
    if (!assets.length) {
        resultBody.querySelector('.media').classList.add('hidden')
        return
    }

    const mediaViewer = new MediaViewer(assets)
    const container = resultBody.querySelector('.media-container')
    const leftArrow = resultBody.querySelector('.media-container__nav--left')
    const rightArrow = resultBody.querySelector('.media-container__nav--right')
    const mediaName = resultBody.querySelector('.media__name')
    const counter = resultBody.querySelector('.media__counter')
    const imageEl = resultBody.querySelector('img')
    const sourceEl = resultBody.querySelector('source')
    const videoEl = resultBody.querySelector('video')

    const setImg = (media, index) => {
        if (media?.format_type === 'image') {
            imageEl.src = media.path

            imageEl.classList.remove('hidden')
            videoEl.classList.add('hidden')
        } else if (media?.format_type === 'video') {
            sourceEl.src = media.path

            videoEl.classList.remove('hidden')
            imageEl.classList.add('hidden')
        }

        mediaName.innerText = media?.name
        counter.innerText = `${index + 1} / ${assets.length}`
    }
    setImg(mediaViewer.activeFile, mediaViewer.currentIndex)

    const moveLeft = () => {
        const [media, index] = mediaViewer.prevActive()
        setImg(media, index)
    }
    const doRight = () => {
        const [media, index] = mediaViewer.nextActive()
        setImg(media, index)
    }
    const openImg = () => {
        window.open(mediaViewer.activeFile.path, '_blank')
    }
    if (assets.length === 1) {
        container.classList.add('media-container--fullscreen')
    } else {
        leftArrow.addEventListener('click', moveLeft)
        rightArrow.addEventListener('click', doRight)
    }
    imageEl.addEventListener('click', openImg)
}

module.exports = {
    setup,
}

},{}],7:[function(require,module,exports){
const { manager } = require('./datamanager.js')
const storageModule = require('./storage.js')

const genericSort = (list, key, ascending, customOrder) => {
    let sorted
    if (customOrder) {
        sorted = list.sort((a, b) => {
            const aValue = a.result.toLowerCase()
            const bValue = b.result.toLowerCase()

            const aIndex = customOrder.findIndex((item) => item.toLowerCase() === aValue)
            const bIndex = customOrder.findIndex((item) => item.toLowerCase() === bValue)

            // Compare the indices to determine the sort order
            return aIndex - bIndex
        })
    } else {
        sorted = list.sort((a, b) => a[key] === b[key] ? 0 : a[key] > b[key] ? 1 : -1)
    }

    if (ascending) {
        sorted.reverse()
    }
    return sorted
}

const durationSort = (list, ascending) => {
    const parseDuration = (duration) => {
        if (duration.includes(':')) {
            // If it's in the format "HH:mm:ss"
            const [hours, minutes, seconds] = duration.split(':').map(Number)
            return (hours * 3600 + minutes * 60 + seconds) * 1000
        } else {
            // If it's in the format "nnn ms"
            return parseInt(duration)
        }
    }
    const sorted = list.sort((a, b) => parseDuration(a['duration']) - parseDuration(b['duration']))
    if (ascending) {
        sorted.reverse()
    }
    return sorted
}

const doInitSort = () => {
    const type = storageModule.getSort(manager.initialSort)
    const ascending = storageModule.getSortDirection()
    const list = manager.testSubset
    const initialOrder = ['Error', 'Failed', 'Rerun', 'XFailed', 'XPassed', 'Skipped', 'Passed']

    storageModule.setSort(type)
    storageModule.setSortDirection(ascending)

    if (type?.toLowerCase() === 'original') {
        manager.setRender(list)
    } else {
        let sortedList
        switch (type) {
        case 'duration':
            sortedList = durationSort(list, ascending)
            break
        case 'result':
            sortedList = genericSort(list, type, ascending, initialOrder)
            break
        default:
            sortedList = genericSort(list, type, ascending)
            break
        }
        manager.setRender(sortedList)
    }
}

const doSort = (type, skipDirection) => {
    const newSortType = storageModule.getSort(manager.initialSort) !== type
    const currentAsc = storageModule.getSortDirection()
    let ascending
    if (skipDirection) {
        ascending = currentAsc
    } else {
        ascending = newSortType ? false : !currentAsc
    }
    storageModule.setSort(type)
    storageModule.setSortDirection(ascending)

    const list = manager.testSubset
    const sortedList = type === 'duration' ? durationSort(list, ascending) : genericSort(list, type, ascending)
    manager.setRender(sortedList)
}

module.exports = {
    doInitSort,
    doSort,
}

},{"./datamanager.js":1,"./storage.js":8}],8:[function(require,module,exports){
const possibleFilters = [
    'passed',
    'skipped',
    'failed',
    'error',
    'xfailed',
    'xpassed',
    'rerun',
]

const getVisible = () => {
    const url = new URL(window.location.href)
    const settings = new URLSearchParams(url.search).get('visible')
    const lower = (item) => {
        const lowerItem = item.toLowerCase()
        if (possibleFilters.includes(lowerItem)) {
            return lowerItem
        }
        return null
    }
    return settings === null ?
        possibleFilters :
        [...new Set(settings?.split(',').map(lower).filter((item) => item))]
}

const hideCategory = (categoryToHide) => {
    const url = new URL(window.location.href)
    const visibleParams = new URLSearchParams(url.search).get('visible')
    const currentVisible = visibleParams ? visibleParams.split(',') : [...possibleFilters]
    const settings = [...new Set(currentVisible)].filter((f) => f !== categoryToHide).join(',')

    url.searchParams.set('visible', settings)
    window.history.pushState({}, null, unescape(url.href))
}

const showCategory = (categoryToShow) => {
    if (typeof window === 'undefined') {
        return
    }
    const url = new URL(window.location.href)
    const currentVisible = new URLSearchParams(url.search).get('visible')?.split(',').filter(Boolean) ||
        [...possibleFilters]
    const settings = [...new Set([categoryToShow, ...currentVisible])]
    const noFilter = possibleFilters.length === settings.length || !settings.length

    noFilter ? url.searchParams.delete('visible') : url.searchParams.set('visible', settings.join(','))
    window.history.pushState({}, null, unescape(url.href))
}

const getSort = (initialSort) => {
    const url = new URL(window.location.href)
    let sort = new URLSearchParams(url.search).get('sort')
    if (!sort) {
        sort = initialSort || 'result'
    }
    return sort
}

const setSort = (type) => {
    const url = new URL(window.location.href)
    url.searchParams.set('sort', type)
    window.history.pushState({}, null, unescape(url.href))
}

const getCollapsedCategory = (renderCollapsed) => {
    let categories
    if (typeof window !== 'undefined') {
        const url = new URL(window.location.href)
        const collapsedItems = new URLSearchParams(url.search).get('collapsed')
        switch (true) {
        case !renderCollapsed && collapsedItems === null:
            categories = ['passed']
            break
        case collapsedItems?.length === 0 || /^["']{2}$/.test(collapsedItems):
            categories = []
            break
        case /^all$/.test(collapsedItems) || collapsedItems === null && /^all$/.test(renderCollapsed):
            categories = [...possibleFilters]
            break
        default:
            categories = collapsedItems?.split(',').map((item) => item.toLowerCase()) || renderCollapsed
            break
        }
    } else {
        categories = []
    }
    return categories
}

const getSortDirection = () => JSON.parse(sessionStorage.getItem('sortAsc')) || false
const setSortDirection = (ascending) => sessionStorage.setItem('sortAsc', ascending)

const getCollapsedIds = () => JSON.parse(sessionStorage.getItem('collapsedIds')) || []
const setCollapsedIds = (list) => sessionStorage.setItem('collapsedIds', JSON.stringify(list))

module.exports = {
    getVisible,
    hideCategory,
    showCategory,
    getCollapsedIds,
    setCollapsedIds,
    getSort,
    setSort,
    getSortDirection,
    setSortDirection,
    getCollapsedCategory,
    possibleFilters,
}

},{}]},{},[4]);
    </script>
  </footer>
</html>